SF:/app/src/apply/authenticator_config.rs
FN:17,_RNvNtNtCs3gtsZE436XL_4kaji5apply20authenticator_config27apply_authenticator_configs
FN:38,_RNCNCNCNvNtNtCs3gtsZE436XL_4kaji5apply20authenticator_config27apply_authenticator_configs000Bb_
FN:38,_RNCNCNvNtNtCs3gtsZE436XL_4kaji5apply20authenticator_config27apply_authenticator_configs00B9_
FN:53,_RNCNCNvNtNtCs3gtsZE436XL_4kaji5apply20authenticator_config27apply_authenticator_configs0s0_0B9_
FN:76,_RNCNCNvNtNtCs3gtsZE436XL_4kaji5apply20authenticator_config27apply_authenticator_configs0s1_0B9_
FN:109,_RNCNCNvNtNtCs3gtsZE436XL_4kaji5apply20authenticator_config27apply_authenticator_configs0s2_0B9_
FN:167,_RNCNCNvNtNtCs3gtsZE436XL_4kaji5apply20authenticator_config27apply_authenticator_configs0s3_0B9_
FN:182,_RNCNCNvNtNtCs3gtsZE436XL_4kaji5apply20authenticator_config27apply_authenticator_configs0s4_0B9_
FN:183,_RNCNCNvNtNtCs3gtsZE436XL_4kaji5apply20authenticator_config27apply_authenticator_configs0s5_0B9_
FN:49,_RNCNCNvNtNtCs3gtsZE436XL_4kaji5apply20authenticator_config27apply_authenticator_configs0s_0B9_
FN:28,_RNCNvNtNtCs3gtsZE436XL_4kaji5apply20authenticator_config27apply_authenticator_configs0B7_
FNDA:0,_RNvNtNtCs3gtsZE436XL_4kaji5apply20authenticator_config27apply_authenticator_configs
FNDA:0,_RNCNCNCNvNtNtCs3gtsZE436XL_4kaji5apply20authenticator_config27apply_authenticator_configs000Bb_
FNDA:0,_RNCNCNvNtNtCs3gtsZE436XL_4kaji5apply20authenticator_config27apply_authenticator_configs00B9_
FNDA:0,_RNCNCNvNtNtCs3gtsZE436XL_4kaji5apply20authenticator_config27apply_authenticator_configs0s0_0B9_
FNDA:0,_RNCNCNvNtNtCs3gtsZE436XL_4kaji5apply20authenticator_config27apply_authenticator_configs0s1_0B9_
FNDA:0,_RNCNCNvNtNtCs3gtsZE436XL_4kaji5apply20authenticator_config27apply_authenticator_configs0s2_0B9_
FNDA:0,_RNCNCNvNtNtCs3gtsZE436XL_4kaji5apply20authenticator_config27apply_authenticator_configs0s3_0B9_
FNDA:0,_RNCNCNvNtNtCs3gtsZE436XL_4kaji5apply20authenticator_config27apply_authenticator_configs0s4_0B9_
FNDA:0,_RNCNCNvNtNtCs3gtsZE436XL_4kaji5apply20authenticator_config27apply_authenticator_configs0s5_0B9_
FNDA:0,_RNCNCNvNtNtCs3gtsZE436XL_4kaji5apply20authenticator_config27apply_authenticator_configs0s_0B9_
FNDA:0,_RNCNvNtNtCs3gtsZE436XL_4kaji5apply20authenticator_config27apply_authenticator_configs0B7_
FNF:11
FNH:0
DA:17,0
DA:18,0
DA:19,0
DA:20,0
DA:21,0
DA:22,0
DA:23,0
DA:24,0
DA:25,0
DA:26,0
DA:27,0
DA:28,0
DA:29,0
DA:30,0
DA:31,0
DA:32,0
DA:35,0
DA:36,0
DA:37,0
DA:38,0
DA:39,0
DA:42,0
DA:43,0
DA:44,0
DA:45,0
DA:46,0
DA:47,0
DA:48,0
DA:49,0
DA:51,0
DA:52,0
DA:53,0
DA:54,0
DA:55,0
DA:56,0
DA:57,0
DA:58,0
DA:59,0
DA:62,0
DA:63,0
DA:64,0
DA:67,0
DA:68,0
DA:69,0
DA:70,0
DA:71,0
DA:72,0
DA:73,0
DA:74,0
DA:75,0
DA:76,0
DA:77,0
DA:78,0
DA:79,0
DA:80,0
DA:81,0
DA:82,0
DA:84,0
DA:85,0
DA:86,0
DA:87,0
DA:88,0
DA:89,0
DA:90,0
DA:91,0
DA:93,0
DA:95,0
DA:96,0
DA:97,0
DA:98,0
DA:99,0
DA:101,0
DA:104,0
DA:105,0
DA:106,0
DA:107,0
DA:108,0
DA:109,0
DA:111,0
DA:112,0
DA:113,0
DA:114,0
DA:118,0
DA:120,0
DA:121,0
DA:122,0
DA:123,0
DA:124,0
DA:125,0
DA:126,0
DA:127,0
DA:128,0
DA:129,0
DA:130,0
DA:131,0
DA:132,0
DA:133,0
DA:135,0
DA:137,0
DA:140,0
DA:141,0
DA:142,0
DA:143,0
DA:144,0
DA:145,0
DA:146,0
DA:147,0
DA:148,0
DA:149,0
DA:152,0
DA:153,0
DA:154,0
DA:155,0
DA:156,0
DA:157,0
DA:158,0
DA:159,0
DA:160,0
DA:162,0
DA:163,0
DA:164,0
DA:167,0
DA:170,0
DA:173,0
DA:174,0
DA:176,0
DA:177,0
DA:178,0
DA:180,0
DA:181,0
DA:182,0
DA:183,0
DA:184,0
DA:188,0
DA:190,0
DA:193,0
DA:194,0
DA:195,0
DA:196,0
DA:197,0
DA:198,0
DA:200,0
DA:202,0
DA:206,0
DA:210,0
DA:211,0
DA:212,0
DA:214,0
DA:216,0
DA:217,0
DA:218,0
DA:220,0
DA:224,0
DA:227,0
DA:230,0
DA:231,0
DA:232,0
DA:233,0
DA:234,0
DA:235,0
DA:236,0
DA:237,0
DA:239,0
DA:242,0
DA:244,0
DA:245,0
DA:248,0
DA:249,0
DA:251,0
DA:253,0
DA:256,0
DA:257,0
DA:258,0
DA:260,0
DA:261,0
DA:262,0
DA:263,0
DA:264,0
DA:265,0
DA:266,0
DA:267,0
DA:268,0
DA:269,0
DA:270,0
DA:271,0
DA:273,0
DA:275,0
DA:276,0
DA:277,0
BRF:0
BRH:0
LF:200
LH:0
end_of_record
SF:/app/src/apply/components.rs
FN:19,_RINvNtNtCs3gtsZE436XL_4kaji5apply10components23build_component_indicesINtNtCsauO83Ko6oyK_5alloc3vec3VecNtNtB6_6models23ComponentRepresentationEEB6_
FN:63,_RNCNCNvNtNtCs3gtsZE436XL_4kaji5apply10components22process_component_file00B9_
FN:99,_RNCNCNvNtNtCs3gtsZE436XL_4kaji5apply10components22process_component_file0s0_0B9_
FN:82,_RNCNCNvNtNtCs3gtsZE436XL_4kaji5apply10components22process_component_file0s_0B9_
FN:153,_RNCNCNvNtNtCs3gtsZE436XL_4kaji5apply10components24apply_components_or_keys00B9_
FN:185,_RNCNCNvNtNtCs3gtsZE436XL_4kaji5apply10components24apply_components_or_keys0s0_0B9_
FN:169,_RNCNCNvNtNtCs3gtsZE436XL_4kaji5apply10components24apply_components_or_keys0s_0B9_
FN:56,_RNCNvNtNtCs3gtsZE436XL_4kaji5apply10components22process_component_file0B7_
FN:144,_RNCNvNtNtCs3gtsZE436XL_4kaji5apply10components24apply_components_or_keys0B7_
FN:45,_RNvNtNtCs3gtsZE436XL_4kaji5apply10components22process_component_file
FN:133,_RNvNtNtCs3gtsZE436XL_4kaji5apply10components24apply_components_or_keys
FNDA:0,_RINvNtNtCs3gtsZE436XL_4kaji5apply10components23build_component_indicesINtNtCsauO83Ko6oyK_5alloc3vec3VecNtNtB6_6models23ComponentRepresentationEEB6_
FNDA:0,_RNCNCNvNtNtCs3gtsZE436XL_4kaji5apply10components22process_component_file00B9_
FNDA:0,_RNCNCNvNtNtCs3gtsZE436XL_4kaji5apply10components22process_component_file0s0_0B9_
FNDA:0,_RNCNCNvNtNtCs3gtsZE436XL_4kaji5apply10components22process_component_file0s_0B9_
FNDA:0,_RNCNCNvNtNtCs3gtsZE436XL_4kaji5apply10components24apply_components_or_keys00B9_
FNDA:0,_RNCNCNvNtNtCs3gtsZE436XL_4kaji5apply10components24apply_components_or_keys0s0_0B9_
FNDA:0,_RNCNCNvNtNtCs3gtsZE436XL_4kaji5apply10components24apply_components_or_keys0s_0B9_
FNDA:0,_RNCNvNtNtCs3gtsZE436XL_4kaji5apply10components22process_component_file0B7_
FNDA:0,_RNCNvNtNtCs3gtsZE436XL_4kaji5apply10components24apply_components_or_keys0B7_
FNDA:0,_RNvNtNtCs3gtsZE436XL_4kaji5apply10components22process_component_file
FNDA:0,_RNvNtNtCs3gtsZE436XL_4kaji5apply10components24apply_components_or_keys
FNF:11
FNH:0
DA:19,0
DA:20,0
DA:21,0
DA:22,0
DA:23,0
DA:24,0
DA:25,0
DA:26,0
DA:28,0
DA:29,0
DA:30,0
DA:31,0
DA:32,0
DA:33,0
DA:34,0
DA:35,0
DA:36,0
DA:37,0
DA:38,0
DA:40,0
DA:41,0
DA:45,0
DA:46,0
DA:47,0
DA:48,0
DA:49,0
DA:50,0
DA:51,0
DA:52,0
DA:53,0
DA:54,0
DA:55,0
DA:56,0
DA:57,0
DA:58,0
DA:59,0
DA:60,0
DA:62,0
DA:63,0
DA:64,0
DA:65,0
DA:66,0
DA:67,0
DA:68,0
DA:69,0
DA:70,0
DA:71,0
DA:73,0
DA:74,0
DA:75,0
DA:76,0
DA:77,0
DA:78,0
DA:79,0
DA:82,0
DA:83,0
DA:86,0
DA:87,0
DA:90,0
DA:91,0
DA:94,0
DA:95,0
DA:96,0
DA:97,0
DA:98,0
DA:99,0
DA:100,0
DA:101,0
DA:102,0
DA:103,0
DA:104,0
DA:105,0
DA:106,0
DA:107,0
DA:108,0
DA:111,0
DA:112,0
DA:113,0
DA:114,0
DA:115,0
DA:116,0
DA:117,0
DA:118,0
DA:119,0
DA:120,0
DA:121,0
DA:122,0
DA:123,0
DA:124,0
DA:125,0
DA:127,0
DA:128,0
DA:133,0
DA:134,0
DA:135,0
DA:136,0
DA:137,0
DA:138,0
DA:139,0
DA:140,0
DA:141,0
DA:142,0
DA:143,0
DA:144,0
DA:145,0
DA:146,0
DA:147,0
DA:148,0
DA:150,0
DA:151,0
DA:152,0
DA:153,0
DA:155,0
DA:156,0
DA:157,0
DA:159,0
DA:160,0
DA:162,0
DA:163,0
DA:164,0
DA:165,0
DA:167,0
DA:168,0
DA:169,0
DA:170,0
DA:171,0
DA:173,0
DA:174,0
DA:175,0
DA:177,0
DA:178,0
DA:179,0
DA:180,0
DA:181,0
DA:182,0
DA:183,0
DA:184,0
DA:185,0
DA:186,0
DA:187,0
DA:188,0
DA:189,0
DA:190,0
DA:191,0
DA:192,0
DA:193,0
DA:194,0
DA:195,0
DA:196,0
DA:197,0
DA:198,0
DA:199,0
DA:201,0
DA:202,0
DA:203,0
BRF:0
BRH:0
LF:163
LH:0
end_of_record
SF:/app/src/apply/generic.rs
FN:16,_RINvNtNtCs3gtsZE436XL_4kaji5apply7generic15apply_resourcesNtNtB6_6models18RoleRepresentationEB6_
FN:16,_RINvNtNtCs3gtsZE436XL_4kaji5apply7generic15apply_resourcesNtNtB6_6models18UserRepresentationEB6_
FN:16,_RINvNtNtCs3gtsZE436XL_4kaji5apply7generic15apply_resourcesNtNtB6_6models19GroupRepresentationEB6_
FN:16,_RINvNtNtCs3gtsZE436XL_4kaji5apply7generic15apply_resourcesNtNtB6_6models20ClientRepresentationEB6_
FN:16,_RINvNtNtCs3gtsZE436XL_4kaji5apply7generic15apply_resourcesNtNtB6_6models25ClientScopeRepresentationEB6_
FN:16,_RINvNtNtCs3gtsZE436XL_4kaji5apply7generic15apply_resourcesNtNtB6_6models30IdentityProviderRepresentationEB6_
FN:16,_RINvNtNtCs3gtsZE436XL_4kaji5apply7generic15apply_resourcesNtNtB6_6models32AuthenticationFlowRepresentationEB6_
FN:16,_RINvNtNtCs3gtsZE436XL_4kaji5apply7generic15apply_resourcesNtNtB6_6models36RequiredActionProviderRepresentationEB6_
FN:257,_RINvNtNtCs3gtsZE436XL_4kaji5apply7generic21is_protected_resourceNtNtB6_6models18RoleRepresentationEB6_
FN:257,_RINvNtNtCs3gtsZE436XL_4kaji5apply7generic21is_protected_resourceNtNtB6_6models18UserRepresentationEB6_
FN:257,_RINvNtNtCs3gtsZE436XL_4kaji5apply7generic21is_protected_resourceNtNtB6_6models19GroupRepresentationEB6_
FN:257,_RINvNtNtCs3gtsZE436XL_4kaji5apply7generic21is_protected_resourceNtNtB6_6models20ClientRepresentationEB6_
FN:257,_RINvNtNtCs3gtsZE436XL_4kaji5apply7generic21is_protected_resourceNtNtB6_6models25ClientScopeRepresentationEB6_
FN:257,_RINvNtNtCs3gtsZE436XL_4kaji5apply7generic21is_protected_resourceNtNtB6_6models30IdentityProviderRepresentationEB6_
FN:257,_RINvNtNtCs3gtsZE436XL_4kaji5apply7generic21is_protected_resourceNtNtB6_6models32AuthenticationFlowRepresentationEB6_
FN:257,_RINvNtNtCs3gtsZE436XL_4kaji5apply7generic21is_protected_resourceNtNtB6_6models36RequiredActionProviderRepresentationEB6_
FN:307,_RINvNtNtCs3gtsZE436XL_4kaji5apply7generic27check_and_update_enrichmentNtNtB6_6models18RoleRepresentationEB6_
FN:307,_RINvNtNtCs3gtsZE436XL_4kaji5apply7generic27check_and_update_enrichmentNtNtB6_6models18UserRepresentationEB6_
FN:307,_RINvNtNtCs3gtsZE436XL_4kaji5apply7generic27check_and_update_enrichmentNtNtB6_6models19GroupRepresentationEB6_
FN:307,_RINvNtNtCs3gtsZE436XL_4kaji5apply7generic27check_and_update_enrichmentNtNtB6_6models19RealmRepresentationEB6_
FN:307,_RINvNtNtCs3gtsZE436XL_4kaji5apply7generic27check_and_update_enrichmentNtNtB6_6models20ClientRepresentationEB6_
FN:307,_RINvNtNtCs3gtsZE436XL_4kaji5apply7generic27check_and_update_enrichmentNtNtB6_6models23ComponentRepresentationEB6_
FN:307,_RINvNtNtCs3gtsZE436XL_4kaji5apply7generic27check_and_update_enrichmentNtNtB6_6models25ClientScopeRepresentationEB6_
FN:307,_RINvNtNtCs3gtsZE436XL_4kaji5apply7generic27check_and_update_enrichmentNtNtB6_6models30IdentityProviderRepresentationEB6_
FN:307,_RINvNtNtCs3gtsZE436XL_4kaji5apply7generic27check_and_update_enrichmentNtNtB6_6models32AuthenticationFlowRepresentationEB6_
FN:307,_RINvNtNtCs3gtsZE436XL_4kaji5apply7generic27check_and_update_enrichmentNtNtB6_6models33AuthenticatorConfigRepresentationEB6_
FN:307,_RINvNtNtCs3gtsZE436XL_4kaji5apply7generic27check_and_update_enrichmentNtNtB6_6models36RequiredActionProviderRepresentationEB6_
FN:39,_RNCINvNtNtCs3gtsZE436XL_4kaji5apply7generic15apply_resourcesNtNtB8_6models18RoleRepresentationE0B8_
FN:39,_RNCINvNtNtCs3gtsZE436XL_4kaji5apply7generic15apply_resourcesNtNtB8_6models18UserRepresentationE0B8_
FN:39,_RNCINvNtNtCs3gtsZE436XL_4kaji5apply7generic15apply_resourcesNtNtB8_6models19GroupRepresentationE0B8_
FN:39,_RNCINvNtNtCs3gtsZE436XL_4kaji5apply7generic15apply_resourcesNtNtB8_6models20ClientRepresentationE0B8_
FN:39,_RNCINvNtNtCs3gtsZE436XL_4kaji5apply7generic15apply_resourcesNtNtB8_6models25ClientScopeRepresentationE0B8_
FN:39,_RNCINvNtNtCs3gtsZE436XL_4kaji5apply7generic15apply_resourcesNtNtB8_6models30IdentityProviderRepresentationE0B8_
FN:39,_RNCINvNtNtCs3gtsZE436XL_4kaji5apply7generic15apply_resourcesNtNtB8_6models32AuthenticationFlowRepresentationE0B8_
FN:39,_RNCINvNtNtCs3gtsZE436XL_4kaji5apply7generic15apply_resourcesNtNtB8_6models36RequiredActionProviderRepresentationE0B8_
FN:323,_RNCINvNtNtCs3gtsZE436XL_4kaji5apply7generic27check_and_update_enrichmentNtNtB8_6models18RoleRepresentationE0B8_
FN:323,_RNCINvNtNtCs3gtsZE436XL_4kaji5apply7generic27check_and_update_enrichmentNtNtB8_6models18UserRepresentationE0B8_
FN:323,_RNCINvNtNtCs3gtsZE436XL_4kaji5apply7generic27check_and_update_enrichmentNtNtB8_6models19GroupRepresentationE0B8_
FN:323,_RNCINvNtNtCs3gtsZE436XL_4kaji5apply7generic27check_and_update_enrichmentNtNtB8_6models19RealmRepresentationE0B8_
FN:323,_RNCINvNtNtCs3gtsZE436XL_4kaji5apply7generic27check_and_update_enrichmentNtNtB8_6models20ClientRepresentationE0B8_
FN:323,_RNCINvNtNtCs3gtsZE436XL_4kaji5apply7generic27check_and_update_enrichmentNtNtB8_6models23ComponentRepresentationE0B8_
FN:323,_RNCINvNtNtCs3gtsZE436XL_4kaji5apply7generic27check_and_update_enrichmentNtNtB8_6models25ClientScopeRepresentationE0B8_
FN:323,_RNCINvNtNtCs3gtsZE436XL_4kaji5apply7generic27check_and_update_enrichmentNtNtB8_6models30IdentityProviderRepresentationE0B8_
FN:323,_RNCINvNtNtCs3gtsZE436XL_4kaji5apply7generic27check_and_update_enrichmentNtNtB8_6models32AuthenticationFlowRepresentationE0B8_
FN:323,_RNCINvNtNtCs3gtsZE436XL_4kaji5apply7generic27check_and_update_enrichmentNtNtB8_6models33AuthenticatorConfigRepresentationE0B8_
FN:323,_RNCINvNtNtCs3gtsZE436XL_4kaji5apply7generic27check_and_update_enrichmentNtNtB8_6models36RequiredActionProviderRepresentationE0B8_
FN:49,_RNCNCINvNtNtCs3gtsZE436XL_4kaji5apply7generic15apply_resourcesNtNtBa_6models18RoleRepresentationE00Ba_
FN:71,_RNCNCINvNtNtCs3gtsZE436XL_4kaji5apply7generic15apply_resourcesNtNtBa_6models18RoleRepresentationE0s0_0Ba_
FN:75,_RNCNCINvNtNtCs3gtsZE436XL_4kaji5apply7generic15apply_resourcesNtNtBa_6models18RoleRepresentationE0s1_0Ba_
FN:102,_RNCNCINvNtNtCs3gtsZE436XL_4kaji5apply7generic15apply_resourcesNtNtBa_6models18RoleRepresentationE0s2_0Ba_
FN:209,_RNCNCINvNtNtCs3gtsZE436XL_4kaji5apply7generic15apply_resourcesNtNtBa_6models18RoleRepresentationE0s3_0Ba_
FN:244,_RNCNCINvNtNtCs3gtsZE436XL_4kaji5apply7generic15apply_resourcesNtNtBa_6models18RoleRepresentationE0s4_0Ba_
FN:53,_RNCNCINvNtNtCs3gtsZE436XL_4kaji5apply7generic15apply_resourcesNtNtBa_6models18RoleRepresentationE0s_0Ba_
FN:49,_RNCNCINvNtNtCs3gtsZE436XL_4kaji5apply7generic15apply_resourcesNtNtBa_6models18UserRepresentationE00Ba_
FN:71,_RNCNCINvNtNtCs3gtsZE436XL_4kaji5apply7generic15apply_resourcesNtNtBa_6models18UserRepresentationE0s0_0Ba_
FN:75,_RNCNCINvNtNtCs3gtsZE436XL_4kaji5apply7generic15apply_resourcesNtNtBa_6models18UserRepresentationE0s1_0Ba_
FN:102,_RNCNCINvNtNtCs3gtsZE436XL_4kaji5apply7generic15apply_resourcesNtNtBa_6models18UserRepresentationE0s2_0Ba_
FN:209,_RNCNCINvNtNtCs3gtsZE436XL_4kaji5apply7generic15apply_resourcesNtNtBa_6models18UserRepresentationE0s3_0Ba_
FN:244,_RNCNCINvNtNtCs3gtsZE436XL_4kaji5apply7generic15apply_resourcesNtNtBa_6models18UserRepresentationE0s4_0Ba_
FN:53,_RNCNCINvNtNtCs3gtsZE436XL_4kaji5apply7generic15apply_resourcesNtNtBa_6models18UserRepresentationE0s_0Ba_
FN:49,_RNCNCINvNtNtCs3gtsZE436XL_4kaji5apply7generic15apply_resourcesNtNtBa_6models19GroupRepresentationE00Ba_
FN:71,_RNCNCINvNtNtCs3gtsZE436XL_4kaji5apply7generic15apply_resourcesNtNtBa_6models19GroupRepresentationE0s0_0Ba_
FN:75,_RNCNCINvNtNtCs3gtsZE436XL_4kaji5apply7generic15apply_resourcesNtNtBa_6models19GroupRepresentationE0s1_0Ba_
FN:102,_RNCNCINvNtNtCs3gtsZE436XL_4kaji5apply7generic15apply_resourcesNtNtBa_6models19GroupRepresentationE0s2_0Ba_
FN:209,_RNCNCINvNtNtCs3gtsZE436XL_4kaji5apply7generic15apply_resourcesNtNtBa_6models19GroupRepresentationE0s3_0Ba_
FN:244,_RNCNCINvNtNtCs3gtsZE436XL_4kaji5apply7generic15apply_resourcesNtNtBa_6models19GroupRepresentationE0s4_0Ba_
FN:53,_RNCNCINvNtNtCs3gtsZE436XL_4kaji5apply7generic15apply_resourcesNtNtBa_6models19GroupRepresentationE0s_0Ba_
FN:49,_RNCNCINvNtNtCs3gtsZE436XL_4kaji5apply7generic15apply_resourcesNtNtBa_6models20ClientRepresentationE00Ba_
FN:71,_RNCNCINvNtNtCs3gtsZE436XL_4kaji5apply7generic15apply_resourcesNtNtBa_6models20ClientRepresentationE0s0_0Ba_
FN:75,_RNCNCINvNtNtCs3gtsZE436XL_4kaji5apply7generic15apply_resourcesNtNtBa_6models20ClientRepresentationE0s1_0Ba_
FN:102,_RNCNCINvNtNtCs3gtsZE436XL_4kaji5apply7generic15apply_resourcesNtNtBa_6models20ClientRepresentationE0s2_0Ba_
FN:209,_RNCNCINvNtNtCs3gtsZE436XL_4kaji5apply7generic15apply_resourcesNtNtBa_6models20ClientRepresentationE0s3_0Ba_
FN:244,_RNCNCINvNtNtCs3gtsZE436XL_4kaji5apply7generic15apply_resourcesNtNtBa_6models20ClientRepresentationE0s4_0Ba_
FN:53,_RNCNCINvNtNtCs3gtsZE436XL_4kaji5apply7generic15apply_resourcesNtNtBa_6models20ClientRepresentationE0s_0Ba_
FN:49,_RNCNCINvNtNtCs3gtsZE436XL_4kaji5apply7generic15apply_resourcesNtNtBa_6models25ClientScopeRepresentationE00Ba_
FN:71,_RNCNCINvNtNtCs3gtsZE436XL_4kaji5apply7generic15apply_resourcesNtNtBa_6models25ClientScopeRepresentationE0s0_0Ba_
FN:75,_RNCNCINvNtNtCs3gtsZE436XL_4kaji5apply7generic15apply_resourcesNtNtBa_6models25ClientScopeRepresentationE0s1_0Ba_
FN:102,_RNCNCINvNtNtCs3gtsZE436XL_4kaji5apply7generic15apply_resourcesNtNtBa_6models25ClientScopeRepresentationE0s2_0Ba_
FN:209,_RNCNCINvNtNtCs3gtsZE436XL_4kaji5apply7generic15apply_resourcesNtNtBa_6models25ClientScopeRepresentationE0s3_0Ba_
FN:244,_RNCNCINvNtNtCs3gtsZE436XL_4kaji5apply7generic15apply_resourcesNtNtBa_6models25ClientScopeRepresentationE0s4_0Ba_
FN:53,_RNCNCINvNtNtCs3gtsZE436XL_4kaji5apply7generic15apply_resourcesNtNtBa_6models25ClientScopeRepresentationE0s_0Ba_
FN:49,_RNCNCINvNtNtCs3gtsZE436XL_4kaji5apply7generic15apply_resourcesNtNtBa_6models30IdentityProviderRepresentationE00Ba_
FN:71,_RNCNCINvNtNtCs3gtsZE436XL_4kaji5apply7generic15apply_resourcesNtNtBa_6models30IdentityProviderRepresentationE0s0_0Ba_
FN:75,_RNCNCINvNtNtCs3gtsZE436XL_4kaji5apply7generic15apply_resourcesNtNtBa_6models30IdentityProviderRepresentationE0s1_0Ba_
FN:102,_RNCNCINvNtNtCs3gtsZE436XL_4kaji5apply7generic15apply_resourcesNtNtBa_6models30IdentityProviderRepresentationE0s2_0Ba_
FN:209,_RNCNCINvNtNtCs3gtsZE436XL_4kaji5apply7generic15apply_resourcesNtNtBa_6models30IdentityProviderRepresentationE0s3_0Ba_
FN:244,_RNCNCINvNtNtCs3gtsZE436XL_4kaji5apply7generic15apply_resourcesNtNtBa_6models30IdentityProviderRepresentationE0s4_0Ba_
FN:53,_RNCNCINvNtNtCs3gtsZE436XL_4kaji5apply7generic15apply_resourcesNtNtBa_6models30IdentityProviderRepresentationE0s_0Ba_
FN:49,_RNCNCINvNtNtCs3gtsZE436XL_4kaji5apply7generic15apply_resourcesNtNtBa_6models32AuthenticationFlowRepresentationE00Ba_
FN:71,_RNCNCINvNtNtCs3gtsZE436XL_4kaji5apply7generic15apply_resourcesNtNtBa_6models32AuthenticationFlowRepresentationE0s0_0Ba_
FN:75,_RNCNCINvNtNtCs3gtsZE436XL_4kaji5apply7generic15apply_resourcesNtNtBa_6models32AuthenticationFlowRepresentationE0s1_0Ba_
FN:102,_RNCNCINvNtNtCs3gtsZE436XL_4kaji5apply7generic15apply_resourcesNtNtBa_6models32AuthenticationFlowRepresentationE0s2_0Ba_
FN:209,_RNCNCINvNtNtCs3gtsZE436XL_4kaji5apply7generic15apply_resourcesNtNtBa_6models32AuthenticationFlowRepresentationE0s3_0Ba_
FN:244,_RNCNCINvNtNtCs3gtsZE436XL_4kaji5apply7generic15apply_resourcesNtNtBa_6models32AuthenticationFlowRepresentationE0s4_0Ba_
FN:53,_RNCNCINvNtNtCs3gtsZE436XL_4kaji5apply7generic15apply_resourcesNtNtBa_6models32AuthenticationFlowRepresentationE0s_0Ba_
FN:49,_RNCNCINvNtNtCs3gtsZE436XL_4kaji5apply7generic15apply_resourcesNtNtBa_6models36RequiredActionProviderRepresentationE00Ba_
FN:71,_RNCNCINvNtNtCs3gtsZE436XL_4kaji5apply7generic15apply_resourcesNtNtBa_6models36RequiredActionProviderRepresentationE0s0_0Ba_
FN:75,_RNCNCINvNtNtCs3gtsZE436XL_4kaji5apply7generic15apply_resourcesNtNtBa_6models36RequiredActionProviderRepresentationE0s1_0Ba_
FN:102,_RNCNCINvNtNtCs3gtsZE436XL_4kaji5apply7generic15apply_resourcesNtNtBa_6models36RequiredActionProviderRepresentationE0s2_0Ba_
FN:209,_RNCNCINvNtNtCs3gtsZE436XL_4kaji5apply7generic15apply_resourcesNtNtBa_6models36RequiredActionProviderRepresentationE0s3_0Ba_
FN:244,_RNCNCINvNtNtCs3gtsZE436XL_4kaji5apply7generic15apply_resourcesNtNtBa_6models36RequiredActionProviderRepresentationE0s4_0Ba_
FN:53,_RNCNCINvNtNtCs3gtsZE436XL_4kaji5apply7generic15apply_resourcesNtNtBa_6models36RequiredActionProviderRepresentationE0s_0Ba_
FN:107,_RNCNCNCINvNtNtCs3gtsZE436XL_4kaji5apply7generic15apply_resourcesNtNtBc_6models18RoleRepresentationE0s2_00Bc_
FN:135,_RNCNCNCINvNtNtCs3gtsZE436XL_4kaji5apply7generic15apply_resourcesNtNtBc_6models18RoleRepresentationE0s2_0s0_0Bc_
FN:152,_RNCNCNCINvNtNtCs3gtsZE436XL_4kaji5apply7generic15apply_resourcesNtNtBc_6models18RoleRepresentationE0s2_0s1_0Bc_
FN:171,_RNCNCNCINvNtNtCs3gtsZE436XL_4kaji5apply7generic15apply_resourcesNtNtBc_6models18RoleRepresentationE0s2_0s2_0Bc_
FN:109,_RNCNCNCINvNtNtCs3gtsZE436XL_4kaji5apply7generic15apply_resourcesNtNtBc_6models18RoleRepresentationE0s2_0s_0Bc_
FN:107,_RNCNCNCINvNtNtCs3gtsZE436XL_4kaji5apply7generic15apply_resourcesNtNtBc_6models18UserRepresentationE0s2_00Bc_
FN:135,_RNCNCNCINvNtNtCs3gtsZE436XL_4kaji5apply7generic15apply_resourcesNtNtBc_6models18UserRepresentationE0s2_0s0_0Bc_
FN:152,_RNCNCNCINvNtNtCs3gtsZE436XL_4kaji5apply7generic15apply_resourcesNtNtBc_6models18UserRepresentationE0s2_0s1_0Bc_
FN:171,_RNCNCNCINvNtNtCs3gtsZE436XL_4kaji5apply7generic15apply_resourcesNtNtBc_6models18UserRepresentationE0s2_0s2_0Bc_
FN:109,_RNCNCNCINvNtNtCs3gtsZE436XL_4kaji5apply7generic15apply_resourcesNtNtBc_6models18UserRepresentationE0s2_0s_0Bc_
FN:107,_RNCNCNCINvNtNtCs3gtsZE436XL_4kaji5apply7generic15apply_resourcesNtNtBc_6models19GroupRepresentationE0s2_00Bc_
FN:135,_RNCNCNCINvNtNtCs3gtsZE436XL_4kaji5apply7generic15apply_resourcesNtNtBc_6models19GroupRepresentationE0s2_0s0_0Bc_
FN:152,_RNCNCNCINvNtNtCs3gtsZE436XL_4kaji5apply7generic15apply_resourcesNtNtBc_6models19GroupRepresentationE0s2_0s1_0Bc_
FN:171,_RNCNCNCINvNtNtCs3gtsZE436XL_4kaji5apply7generic15apply_resourcesNtNtBc_6models19GroupRepresentationE0s2_0s2_0Bc_
FN:109,_RNCNCNCINvNtNtCs3gtsZE436XL_4kaji5apply7generic15apply_resourcesNtNtBc_6models19GroupRepresentationE0s2_0s_0Bc_
FN:107,_RNCNCNCINvNtNtCs3gtsZE436XL_4kaji5apply7generic15apply_resourcesNtNtBc_6models20ClientRepresentationE0s2_00Bc_
FN:135,_RNCNCNCINvNtNtCs3gtsZE436XL_4kaji5apply7generic15apply_resourcesNtNtBc_6models20ClientRepresentationE0s2_0s0_0Bc_
FN:152,_RNCNCNCINvNtNtCs3gtsZE436XL_4kaji5apply7generic15apply_resourcesNtNtBc_6models20ClientRepresentationE0s2_0s1_0Bc_
FN:171,_RNCNCNCINvNtNtCs3gtsZE436XL_4kaji5apply7generic15apply_resourcesNtNtBc_6models20ClientRepresentationE0s2_0s2_0Bc_
FN:109,_RNCNCNCINvNtNtCs3gtsZE436XL_4kaji5apply7generic15apply_resourcesNtNtBc_6models20ClientRepresentationE0s2_0s_0Bc_
FN:107,_RNCNCNCINvNtNtCs3gtsZE436XL_4kaji5apply7generic15apply_resourcesNtNtBc_6models25ClientScopeRepresentationE0s2_00Bc_
FN:135,_RNCNCNCINvNtNtCs3gtsZE436XL_4kaji5apply7generic15apply_resourcesNtNtBc_6models25ClientScopeRepresentationE0s2_0s0_0Bc_
FN:152,_RNCNCNCINvNtNtCs3gtsZE436XL_4kaji5apply7generic15apply_resourcesNtNtBc_6models25ClientScopeRepresentationE0s2_0s1_0Bc_
FN:171,_RNCNCNCINvNtNtCs3gtsZE436XL_4kaji5apply7generic15apply_resourcesNtNtBc_6models25ClientScopeRepresentationE0s2_0s2_0Bc_
FN:109,_RNCNCNCINvNtNtCs3gtsZE436XL_4kaji5apply7generic15apply_resourcesNtNtBc_6models25ClientScopeRepresentationE0s2_0s_0Bc_
FN:107,_RNCNCNCINvNtNtCs3gtsZE436XL_4kaji5apply7generic15apply_resourcesNtNtBc_6models30IdentityProviderRepresentationE0s2_00Bc_
FN:135,_RNCNCNCINvNtNtCs3gtsZE436XL_4kaji5apply7generic15apply_resourcesNtNtBc_6models30IdentityProviderRepresentationE0s2_0s0_0Bc_
FN:152,_RNCNCNCINvNtNtCs3gtsZE436XL_4kaji5apply7generic15apply_resourcesNtNtBc_6models30IdentityProviderRepresentationE0s2_0s1_0Bc_
FN:171,_RNCNCNCINvNtNtCs3gtsZE436XL_4kaji5apply7generic15apply_resourcesNtNtBc_6models30IdentityProviderRepresentationE0s2_0s2_0Bc_
FN:109,_RNCNCNCINvNtNtCs3gtsZE436XL_4kaji5apply7generic15apply_resourcesNtNtBc_6models30IdentityProviderRepresentationE0s2_0s_0Bc_
FN:107,_RNCNCNCINvNtNtCs3gtsZE436XL_4kaji5apply7generic15apply_resourcesNtNtBc_6models32AuthenticationFlowRepresentationE0s2_00Bc_
FN:135,_RNCNCNCINvNtNtCs3gtsZE436XL_4kaji5apply7generic15apply_resourcesNtNtBc_6models32AuthenticationFlowRepresentationE0s2_0s0_0Bc_
FN:152,_RNCNCNCINvNtNtCs3gtsZE436XL_4kaji5apply7generic15apply_resourcesNtNtBc_6models32AuthenticationFlowRepresentationE0s2_0s1_0Bc_
FN:171,_RNCNCNCINvNtNtCs3gtsZE436XL_4kaji5apply7generic15apply_resourcesNtNtBc_6models32AuthenticationFlowRepresentationE0s2_0s2_0Bc_
FN:109,_RNCNCNCINvNtNtCs3gtsZE436XL_4kaji5apply7generic15apply_resourcesNtNtBc_6models32AuthenticationFlowRepresentationE0s2_0s_0Bc_
FN:107,_RNCNCNCINvNtNtCs3gtsZE436XL_4kaji5apply7generic15apply_resourcesNtNtBc_6models36RequiredActionProviderRepresentationE0s2_00Bc_
FN:135,_RNCNCNCINvNtNtCs3gtsZE436XL_4kaji5apply7generic15apply_resourcesNtNtBc_6models36RequiredActionProviderRepresentationE0s2_0s0_0Bc_
FN:152,_RNCNCNCINvNtNtCs3gtsZE436XL_4kaji5apply7generic15apply_resourcesNtNtBc_6models36RequiredActionProviderRepresentationE0s2_0s1_0Bc_
FN:171,_RNCNCNCINvNtNtCs3gtsZE436XL_4kaji5apply7generic15apply_resourcesNtNtBc_6models36RequiredActionProviderRepresentationE0s2_0s2_0Bc_
FN:109,_RNCNCNCINvNtNtCs3gtsZE436XL_4kaji5apply7generic15apply_resourcesNtNtBc_6models36RequiredActionProviderRepresentationE0s2_0s_0Bc_
FN:444,_RNCNvNtNtCs3gtsZE436XL_4kaji5apply7generic14append_secrets0B7_
FN:403,_RNCNvNtNtCs3gtsZE436XL_4kaji5apply7generic17set_value_at_path0B7_
FN:441,_RNvNtNtCs3gtsZE436XL_4kaji5apply7generic14append_secrets
FN:371,_RNvNtNtCs3gtsZE436XL_4kaji5apply7generic17find_placeholders
FN:402,_RNvNtNtCs3gtsZE436XL_4kaji5apply7generic17set_value_at_path
FN:407,_RNvNtNtCs3gtsZE436XL_4kaji5apply7generic21set_value_at_path_rec
FNDA:0,_RINvNtNtCs3gtsZE436XL_4kaji5apply7generic15apply_resourcesNtNtB6_6models18RoleRepresentationEB6_
FNDA:0,_RINvNtNtCs3gtsZE436XL_4kaji5apply7generic15apply_resourcesNtNtB6_6models18UserRepresentationEB6_
FNDA:0,_RINvNtNtCs3gtsZE436XL_4kaji5apply7generic15apply_resourcesNtNtB6_6models19GroupRepresentationEB6_
FNDA:0,_RINvNtNtCs3gtsZE436XL_4kaji5apply7generic15apply_resourcesNtNtB6_6models20ClientRepresentationEB6_
FNDA:0,_RINvNtNtCs3gtsZE436XL_4kaji5apply7generic15apply_resourcesNtNtB6_6models25ClientScopeRepresentationEB6_
FNDA:0,_RINvNtNtCs3gtsZE436XL_4kaji5apply7generic15apply_resourcesNtNtB6_6models30IdentityProviderRepresentationEB6_
FNDA:0,_RINvNtNtCs3gtsZE436XL_4kaji5apply7generic15apply_resourcesNtNtB6_6models32AuthenticationFlowRepresentationEB6_
FNDA:0,_RINvNtNtCs3gtsZE436XL_4kaji5apply7generic15apply_resourcesNtNtB6_6models36RequiredActionProviderRepresentationEB6_
FNDA:0,_RINvNtNtCs3gtsZE436XL_4kaji5apply7generic21is_protected_resourceNtNtB6_6models18RoleRepresentationEB6_
FNDA:0,_RINvNtNtCs3gtsZE436XL_4kaji5apply7generic21is_protected_resourceNtNtB6_6models18UserRepresentationEB6_
FNDA:0,_RINvNtNtCs3gtsZE436XL_4kaji5apply7generic21is_protected_resourceNtNtB6_6models19GroupRepresentationEB6_
FNDA:0,_RINvNtNtCs3gtsZE436XL_4kaji5apply7generic21is_protected_resourceNtNtB6_6models20ClientRepresentationEB6_
FNDA:0,_RINvNtNtCs3gtsZE436XL_4kaji5apply7generic21is_protected_resourceNtNtB6_6models25ClientScopeRepresentationEB6_
FNDA:0,_RINvNtNtCs3gtsZE436XL_4kaji5apply7generic21is_protected_resourceNtNtB6_6models30IdentityProviderRepresentationEB6_
FNDA:0,_RINvNtNtCs3gtsZE436XL_4kaji5apply7generic21is_protected_resourceNtNtB6_6models32AuthenticationFlowRepresentationEB6_
FNDA:0,_RINvNtNtCs3gtsZE436XL_4kaji5apply7generic21is_protected_resourceNtNtB6_6models36RequiredActionProviderRepresentationEB6_
FNDA:0,_RINvNtNtCs3gtsZE436XL_4kaji5apply7generic27check_and_update_enrichmentNtNtB6_6models18RoleRepresentationEB6_
FNDA:0,_RINvNtNtCs3gtsZE436XL_4kaji5apply7generic27check_and_update_enrichmentNtNtB6_6models18UserRepresentationEB6_
FNDA:0,_RINvNtNtCs3gtsZE436XL_4kaji5apply7generic27check_and_update_enrichmentNtNtB6_6models19GroupRepresentationEB6_
FNDA:0,_RINvNtNtCs3gtsZE436XL_4kaji5apply7generic27check_and_update_enrichmentNtNtB6_6models19RealmRepresentationEB6_
FNDA:0,_RINvNtNtCs3gtsZE436XL_4kaji5apply7generic27check_and_update_enrichmentNtNtB6_6models20ClientRepresentationEB6_
FNDA:0,_RINvNtNtCs3gtsZE436XL_4kaji5apply7generic27check_and_update_enrichmentNtNtB6_6models23ComponentRepresentationEB6_
FNDA:0,_RINvNtNtCs3gtsZE436XL_4kaji5apply7generic27check_and_update_enrichmentNtNtB6_6models25ClientScopeRepresentationEB6_
FNDA:0,_RINvNtNtCs3gtsZE436XL_4kaji5apply7generic27check_and_update_enrichmentNtNtB6_6models30IdentityProviderRepresentationEB6_
FNDA:0,_RINvNtNtCs3gtsZE436XL_4kaji5apply7generic27check_and_update_enrichmentNtNtB6_6models32AuthenticationFlowRepresentationEB6_
FNDA:0,_RINvNtNtCs3gtsZE436XL_4kaji5apply7generic27check_and_update_enrichmentNtNtB6_6models33AuthenticatorConfigRepresentationEB6_
FNDA:0,_RINvNtNtCs3gtsZE436XL_4kaji5apply7generic27check_and_update_enrichmentNtNtB6_6models36RequiredActionProviderRepresentationEB6_
FNDA:0,_RNCINvNtNtCs3gtsZE436XL_4kaji5apply7generic15apply_resourcesNtNtB8_6models18RoleRepresentationE0B8_
FNDA:0,_RNCINvNtNtCs3gtsZE436XL_4kaji5apply7generic15apply_resourcesNtNtB8_6models18UserRepresentationE0B8_
FNDA:0,_RNCINvNtNtCs3gtsZE436XL_4kaji5apply7generic15apply_resourcesNtNtB8_6models19GroupRepresentationE0B8_
FNDA:0,_RNCINvNtNtCs3gtsZE436XL_4kaji5apply7generic15apply_resourcesNtNtB8_6models20ClientRepresentationE0B8_
FNDA:0,_RNCINvNtNtCs3gtsZE436XL_4kaji5apply7generic15apply_resourcesNtNtB8_6models25ClientScopeRepresentationE0B8_
FNDA:0,_RNCINvNtNtCs3gtsZE436XL_4kaji5apply7generic15apply_resourcesNtNtB8_6models30IdentityProviderRepresentationE0B8_
FNDA:0,_RNCINvNtNtCs3gtsZE436XL_4kaji5apply7generic15apply_resourcesNtNtB8_6models32AuthenticationFlowRepresentationE0B8_
FNDA:0,_RNCINvNtNtCs3gtsZE436XL_4kaji5apply7generic15apply_resourcesNtNtB8_6models36RequiredActionProviderRepresentationE0B8_
FNDA:0,_RNCINvNtNtCs3gtsZE436XL_4kaji5apply7generic27check_and_update_enrichmentNtNtB8_6models18RoleRepresentationE0B8_
FNDA:0,_RNCINvNtNtCs3gtsZE436XL_4kaji5apply7generic27check_and_update_enrichmentNtNtB8_6models18UserRepresentationE0B8_
FNDA:0,_RNCINvNtNtCs3gtsZE436XL_4kaji5apply7generic27check_and_update_enrichmentNtNtB8_6models19GroupRepresentationE0B8_
FNDA:0,_RNCINvNtNtCs3gtsZE436XL_4kaji5apply7generic27check_and_update_enrichmentNtNtB8_6models19RealmRepresentationE0B8_
FNDA:0,_RNCINvNtNtCs3gtsZE436XL_4kaji5apply7generic27check_and_update_enrichmentNtNtB8_6models20ClientRepresentationE0B8_
FNDA:0,_RNCINvNtNtCs3gtsZE436XL_4kaji5apply7generic27check_and_update_enrichmentNtNtB8_6models23ComponentRepresentationE0B8_
FNDA:0,_RNCINvNtNtCs3gtsZE436XL_4kaji5apply7generic27check_and_update_enrichmentNtNtB8_6models25ClientScopeRepresentationE0B8_
FNDA:0,_RNCINvNtNtCs3gtsZE436XL_4kaji5apply7generic27check_and_update_enrichmentNtNtB8_6models30IdentityProviderRepresentationE0B8_
FNDA:0,_RNCINvNtNtCs3gtsZE436XL_4kaji5apply7generic27check_and_update_enrichmentNtNtB8_6models32AuthenticationFlowRepresentationE0B8_
FNDA:0,_RNCINvNtNtCs3gtsZE436XL_4kaji5apply7generic27check_and_update_enrichmentNtNtB8_6models33AuthenticatorConfigRepresentationE0B8_
FNDA:0,_RNCINvNtNtCs3gtsZE436XL_4kaji5apply7generic27check_and_update_enrichmentNtNtB8_6models36RequiredActionProviderRepresentationE0B8_
FNDA:0,_RNCNCINvNtNtCs3gtsZE436XL_4kaji5apply7generic15apply_resourcesNtNtBa_6models18RoleRepresentationE00Ba_
FNDA:0,_RNCNCINvNtNtCs3gtsZE436XL_4kaji5apply7generic15apply_resourcesNtNtBa_6models18RoleRepresentationE0s0_0Ba_
FNDA:0,_RNCNCINvNtNtCs3gtsZE436XL_4kaji5apply7generic15apply_resourcesNtNtBa_6models18RoleRepresentationE0s1_0Ba_
FNDA:0,_RNCNCINvNtNtCs3gtsZE436XL_4kaji5apply7generic15apply_resourcesNtNtBa_6models18RoleRepresentationE0s2_0Ba_
FNDA:0,_RNCNCINvNtNtCs3gtsZE436XL_4kaji5apply7generic15apply_resourcesNtNtBa_6models18RoleRepresentationE0s3_0Ba_
FNDA:0,_RNCNCINvNtNtCs3gtsZE436XL_4kaji5apply7generic15apply_resourcesNtNtBa_6models18RoleRepresentationE0s4_0Ba_
FNDA:0,_RNCNCINvNtNtCs3gtsZE436XL_4kaji5apply7generic15apply_resourcesNtNtBa_6models18RoleRepresentationE0s_0Ba_
FNDA:0,_RNCNCINvNtNtCs3gtsZE436XL_4kaji5apply7generic15apply_resourcesNtNtBa_6models18UserRepresentationE00Ba_
FNDA:0,_RNCNCINvNtNtCs3gtsZE436XL_4kaji5apply7generic15apply_resourcesNtNtBa_6models18UserRepresentationE0s0_0Ba_
FNDA:0,_RNCNCINvNtNtCs3gtsZE436XL_4kaji5apply7generic15apply_resourcesNtNtBa_6models18UserRepresentationE0s1_0Ba_
FNDA:0,_RNCNCINvNtNtCs3gtsZE436XL_4kaji5apply7generic15apply_resourcesNtNtBa_6models18UserRepresentationE0s2_0Ba_
FNDA:0,_RNCNCINvNtNtCs3gtsZE436XL_4kaji5apply7generic15apply_resourcesNtNtBa_6models18UserRepresentationE0s3_0Ba_
FNDA:0,_RNCNCINvNtNtCs3gtsZE436XL_4kaji5apply7generic15apply_resourcesNtNtBa_6models18UserRepresentationE0s4_0Ba_
FNDA:0,_RNCNCINvNtNtCs3gtsZE436XL_4kaji5apply7generic15apply_resourcesNtNtBa_6models18UserRepresentationE0s_0Ba_
FNDA:0,_RNCNCINvNtNtCs3gtsZE436XL_4kaji5apply7generic15apply_resourcesNtNtBa_6models19GroupRepresentationE00Ba_
FNDA:0,_RNCNCINvNtNtCs3gtsZE436XL_4kaji5apply7generic15apply_resourcesNtNtBa_6models19GroupRepresentationE0s0_0Ba_
FNDA:0,_RNCNCINvNtNtCs3gtsZE436XL_4kaji5apply7generic15apply_resourcesNtNtBa_6models19GroupRepresentationE0s1_0Ba_
FNDA:0,_RNCNCINvNtNtCs3gtsZE436XL_4kaji5apply7generic15apply_resourcesNtNtBa_6models19GroupRepresentationE0s2_0Ba_
FNDA:0,_RNCNCINvNtNtCs3gtsZE436XL_4kaji5apply7generic15apply_resourcesNtNtBa_6models19GroupRepresentationE0s3_0Ba_
FNDA:0,_RNCNCINvNtNtCs3gtsZE436XL_4kaji5apply7generic15apply_resourcesNtNtBa_6models19GroupRepresentationE0s4_0Ba_
FNDA:0,_RNCNCINvNtNtCs3gtsZE436XL_4kaji5apply7generic15apply_resourcesNtNtBa_6models19GroupRepresentationE0s_0Ba_
FNDA:0,_RNCNCINvNtNtCs3gtsZE436XL_4kaji5apply7generic15apply_resourcesNtNtBa_6models20ClientRepresentationE00Ba_
FNDA:0,_RNCNCINvNtNtCs3gtsZE436XL_4kaji5apply7generic15apply_resourcesNtNtBa_6models20ClientRepresentationE0s0_0Ba_
FNDA:0,_RNCNCINvNtNtCs3gtsZE436XL_4kaji5apply7generic15apply_resourcesNtNtBa_6models20ClientRepresentationE0s1_0Ba_
FNDA:0,_RNCNCINvNtNtCs3gtsZE436XL_4kaji5apply7generic15apply_resourcesNtNtBa_6models20ClientRepresentationE0s2_0Ba_
FNDA:0,_RNCNCINvNtNtCs3gtsZE436XL_4kaji5apply7generic15apply_resourcesNtNtBa_6models20ClientRepresentationE0s3_0Ba_
FNDA:0,_RNCNCINvNtNtCs3gtsZE436XL_4kaji5apply7generic15apply_resourcesNtNtBa_6models20ClientRepresentationE0s4_0Ba_
FNDA:0,_RNCNCINvNtNtCs3gtsZE436XL_4kaji5apply7generic15apply_resourcesNtNtBa_6models20ClientRepresentationE0s_0Ba_
FNDA:0,_RNCNCINvNtNtCs3gtsZE436XL_4kaji5apply7generic15apply_resourcesNtNtBa_6models25ClientScopeRepresentationE00Ba_
FNDA:0,_RNCNCINvNtNtCs3gtsZE436XL_4kaji5apply7generic15apply_resourcesNtNtBa_6models25ClientScopeRepresentationE0s0_0Ba_
FNDA:0,_RNCNCINvNtNtCs3gtsZE436XL_4kaji5apply7generic15apply_resourcesNtNtBa_6models25ClientScopeRepresentationE0s1_0Ba_
FNDA:0,_RNCNCINvNtNtCs3gtsZE436XL_4kaji5apply7generic15apply_resourcesNtNtBa_6models25ClientScopeRepresentationE0s2_0Ba_
FNDA:0,_RNCNCINvNtNtCs3gtsZE436XL_4kaji5apply7generic15apply_resourcesNtNtBa_6models25ClientScopeRepresentationE0s3_0Ba_
FNDA:0,_RNCNCINvNtNtCs3gtsZE436XL_4kaji5apply7generic15apply_resourcesNtNtBa_6models25ClientScopeRepresentationE0s4_0Ba_
FNDA:0,_RNCNCINvNtNtCs3gtsZE436XL_4kaji5apply7generic15apply_resourcesNtNtBa_6models25ClientScopeRepresentationE0s_0Ba_
FNDA:0,_RNCNCINvNtNtCs3gtsZE436XL_4kaji5apply7generic15apply_resourcesNtNtBa_6models30IdentityProviderRepresentationE00Ba_
FNDA:0,_RNCNCINvNtNtCs3gtsZE436XL_4kaji5apply7generic15apply_resourcesNtNtBa_6models30IdentityProviderRepresentationE0s0_0Ba_
FNDA:0,_RNCNCINvNtNtCs3gtsZE436XL_4kaji5apply7generic15apply_resourcesNtNtBa_6models30IdentityProviderRepresentationE0s1_0Ba_
FNDA:0,_RNCNCINvNtNtCs3gtsZE436XL_4kaji5apply7generic15apply_resourcesNtNtBa_6models30IdentityProviderRepresentationE0s2_0Ba_
FNDA:0,_RNCNCINvNtNtCs3gtsZE436XL_4kaji5apply7generic15apply_resourcesNtNtBa_6models30IdentityProviderRepresentationE0s3_0Ba_
FNDA:0,_RNCNCINvNtNtCs3gtsZE436XL_4kaji5apply7generic15apply_resourcesNtNtBa_6models30IdentityProviderRepresentationE0s4_0Ba_
FNDA:0,_RNCNCINvNtNtCs3gtsZE436XL_4kaji5apply7generic15apply_resourcesNtNtBa_6models30IdentityProviderRepresentationE0s_0Ba_
FNDA:0,_RNCNCINvNtNtCs3gtsZE436XL_4kaji5apply7generic15apply_resourcesNtNtBa_6models32AuthenticationFlowRepresentationE00Ba_
FNDA:0,_RNCNCINvNtNtCs3gtsZE436XL_4kaji5apply7generic15apply_resourcesNtNtBa_6models32AuthenticationFlowRepresentationE0s0_0Ba_
FNDA:0,_RNCNCINvNtNtCs3gtsZE436XL_4kaji5apply7generic15apply_resourcesNtNtBa_6models32AuthenticationFlowRepresentationE0s1_0Ba_
FNDA:0,_RNCNCINvNtNtCs3gtsZE436XL_4kaji5apply7generic15apply_resourcesNtNtBa_6models32AuthenticationFlowRepresentationE0s2_0Ba_
FNDA:0,_RNCNCINvNtNtCs3gtsZE436XL_4kaji5apply7generic15apply_resourcesNtNtBa_6models32AuthenticationFlowRepresentationE0s3_0Ba_
FNDA:0,_RNCNCINvNtNtCs3gtsZE436XL_4kaji5apply7generic15apply_resourcesNtNtBa_6models32AuthenticationFlowRepresentationE0s4_0Ba_
FNDA:0,_RNCNCINvNtNtCs3gtsZE436XL_4kaji5apply7generic15apply_resourcesNtNtBa_6models32AuthenticationFlowRepresentationE0s_0Ba_
FNDA:0,_RNCNCINvNtNtCs3gtsZE436XL_4kaji5apply7generic15apply_resourcesNtNtBa_6models36RequiredActionProviderRepresentationE00Ba_
FNDA:0,_RNCNCINvNtNtCs3gtsZE436XL_4kaji5apply7generic15apply_resourcesNtNtBa_6models36RequiredActionProviderRepresentationE0s0_0Ba_
FNDA:0,_RNCNCINvNtNtCs3gtsZE436XL_4kaji5apply7generic15apply_resourcesNtNtBa_6models36RequiredActionProviderRepresentationE0s1_0Ba_
FNDA:0,_RNCNCINvNtNtCs3gtsZE436XL_4kaji5apply7generic15apply_resourcesNtNtBa_6models36RequiredActionProviderRepresentationE0s2_0Ba_
FNDA:0,_RNCNCINvNtNtCs3gtsZE436XL_4kaji5apply7generic15apply_resourcesNtNtBa_6models36RequiredActionProviderRepresentationE0s3_0Ba_
FNDA:0,_RNCNCINvNtNtCs3gtsZE436XL_4kaji5apply7generic15apply_resourcesNtNtBa_6models36RequiredActionProviderRepresentationE0s4_0Ba_
FNDA:0,_RNCNCINvNtNtCs3gtsZE436XL_4kaji5apply7generic15apply_resourcesNtNtBa_6models36RequiredActionProviderRepresentationE0s_0Ba_
FNDA:0,_RNCNCNCINvNtNtCs3gtsZE436XL_4kaji5apply7generic15apply_resourcesNtNtBc_6models18RoleRepresentationE0s2_00Bc_
FNDA:0,_RNCNCNCINvNtNtCs3gtsZE436XL_4kaji5apply7generic15apply_resourcesNtNtBc_6models18RoleRepresentationE0s2_0s0_0Bc_
FNDA:0,_RNCNCNCINvNtNtCs3gtsZE436XL_4kaji5apply7generic15apply_resourcesNtNtBc_6models18RoleRepresentationE0s2_0s1_0Bc_
FNDA:0,_RNCNCNCINvNtNtCs3gtsZE436XL_4kaji5apply7generic15apply_resourcesNtNtBc_6models18RoleRepresentationE0s2_0s2_0Bc_
FNDA:0,_RNCNCNCINvNtNtCs3gtsZE436XL_4kaji5apply7generic15apply_resourcesNtNtBc_6models18RoleRepresentationE0s2_0s_0Bc_
FNDA:0,_RNCNCNCINvNtNtCs3gtsZE436XL_4kaji5apply7generic15apply_resourcesNtNtBc_6models18UserRepresentationE0s2_00Bc_
FNDA:0,_RNCNCNCINvNtNtCs3gtsZE436XL_4kaji5apply7generic15apply_resourcesNtNtBc_6models18UserRepresentationE0s2_0s0_0Bc_
FNDA:0,_RNCNCNCINvNtNtCs3gtsZE436XL_4kaji5apply7generic15apply_resourcesNtNtBc_6models18UserRepresentationE0s2_0s1_0Bc_
FNDA:0,_RNCNCNCINvNtNtCs3gtsZE436XL_4kaji5apply7generic15apply_resourcesNtNtBc_6models18UserRepresentationE0s2_0s2_0Bc_
FNDA:0,_RNCNCNCINvNtNtCs3gtsZE436XL_4kaji5apply7generic15apply_resourcesNtNtBc_6models18UserRepresentationE0s2_0s_0Bc_
FNDA:0,_RNCNCNCINvNtNtCs3gtsZE436XL_4kaji5apply7generic15apply_resourcesNtNtBc_6models19GroupRepresentationE0s2_00Bc_
FNDA:0,_RNCNCNCINvNtNtCs3gtsZE436XL_4kaji5apply7generic15apply_resourcesNtNtBc_6models19GroupRepresentationE0s2_0s0_0Bc_
FNDA:0,_RNCNCNCINvNtNtCs3gtsZE436XL_4kaji5apply7generic15apply_resourcesNtNtBc_6models19GroupRepresentationE0s2_0s1_0Bc_
FNDA:0,_RNCNCNCINvNtNtCs3gtsZE436XL_4kaji5apply7generic15apply_resourcesNtNtBc_6models19GroupRepresentationE0s2_0s2_0Bc_
FNDA:0,_RNCNCNCINvNtNtCs3gtsZE436XL_4kaji5apply7generic15apply_resourcesNtNtBc_6models19GroupRepresentationE0s2_0s_0Bc_
FNDA:0,_RNCNCNCINvNtNtCs3gtsZE436XL_4kaji5apply7generic15apply_resourcesNtNtBc_6models20ClientRepresentationE0s2_00Bc_
FNDA:0,_RNCNCNCINvNtNtCs3gtsZE436XL_4kaji5apply7generic15apply_resourcesNtNtBc_6models20ClientRepresentationE0s2_0s0_0Bc_
FNDA:0,_RNCNCNCINvNtNtCs3gtsZE436XL_4kaji5apply7generic15apply_resourcesNtNtBc_6models20ClientRepresentationE0s2_0s1_0Bc_
FNDA:0,_RNCNCNCINvNtNtCs3gtsZE436XL_4kaji5apply7generic15apply_resourcesNtNtBc_6models20ClientRepresentationE0s2_0s2_0Bc_
FNDA:0,_RNCNCNCINvNtNtCs3gtsZE436XL_4kaji5apply7generic15apply_resourcesNtNtBc_6models20ClientRepresentationE0s2_0s_0Bc_
FNDA:0,_RNCNCNCINvNtNtCs3gtsZE436XL_4kaji5apply7generic15apply_resourcesNtNtBc_6models25ClientScopeRepresentationE0s2_00Bc_
FNDA:0,_RNCNCNCINvNtNtCs3gtsZE436XL_4kaji5apply7generic15apply_resourcesNtNtBc_6models25ClientScopeRepresentationE0s2_0s0_0Bc_
FNDA:0,_RNCNCNCINvNtNtCs3gtsZE436XL_4kaji5apply7generic15apply_resourcesNtNtBc_6models25ClientScopeRepresentationE0s2_0s1_0Bc_
FNDA:0,_RNCNCNCINvNtNtCs3gtsZE436XL_4kaji5apply7generic15apply_resourcesNtNtBc_6models25ClientScopeRepresentationE0s2_0s2_0Bc_
FNDA:0,_RNCNCNCINvNtNtCs3gtsZE436XL_4kaji5apply7generic15apply_resourcesNtNtBc_6models25ClientScopeRepresentationE0s2_0s_0Bc_
FNDA:0,_RNCNCNCINvNtNtCs3gtsZE436XL_4kaji5apply7generic15apply_resourcesNtNtBc_6models30IdentityProviderRepresentationE0s2_00Bc_
FNDA:0,_RNCNCNCINvNtNtCs3gtsZE436XL_4kaji5apply7generic15apply_resourcesNtNtBc_6models30IdentityProviderRepresentationE0s2_0s0_0Bc_
FNDA:0,_RNCNCNCINvNtNtCs3gtsZE436XL_4kaji5apply7generic15apply_resourcesNtNtBc_6models30IdentityProviderRepresentationE0s2_0s1_0Bc_
FNDA:0,_RNCNCNCINvNtNtCs3gtsZE436XL_4kaji5apply7generic15apply_resourcesNtNtBc_6models30IdentityProviderRepresentationE0s2_0s2_0Bc_
FNDA:0,_RNCNCNCINvNtNtCs3gtsZE436XL_4kaji5apply7generic15apply_resourcesNtNtBc_6models30IdentityProviderRepresentationE0s2_0s_0Bc_
FNDA:0,_RNCNCNCINvNtNtCs3gtsZE436XL_4kaji5apply7generic15apply_resourcesNtNtBc_6models32AuthenticationFlowRepresentationE0s2_00Bc_
FNDA:0,_RNCNCNCINvNtNtCs3gtsZE436XL_4kaji5apply7generic15apply_resourcesNtNtBc_6models32AuthenticationFlowRepresentationE0s2_0s0_0Bc_
FNDA:0,_RNCNCNCINvNtNtCs3gtsZE436XL_4kaji5apply7generic15apply_resourcesNtNtBc_6models32AuthenticationFlowRepresentationE0s2_0s1_0Bc_
FNDA:0,_RNCNCNCINvNtNtCs3gtsZE436XL_4kaji5apply7generic15apply_resourcesNtNtBc_6models32AuthenticationFlowRepresentationE0s2_0s2_0Bc_
FNDA:0,_RNCNCNCINvNtNtCs3gtsZE436XL_4kaji5apply7generic15apply_resourcesNtNtBc_6models32AuthenticationFlowRepresentationE0s2_0s_0Bc_
FNDA:0,_RNCNCNCINvNtNtCs3gtsZE436XL_4kaji5apply7generic15apply_resourcesNtNtBc_6models36RequiredActionProviderRepresentationE0s2_00Bc_
FNDA:0,_RNCNCNCINvNtNtCs3gtsZE436XL_4kaji5apply7generic15apply_resourcesNtNtBc_6models36RequiredActionProviderRepresentationE0s2_0s0_0Bc_
FNDA:0,_RNCNCNCINvNtNtCs3gtsZE436XL_4kaji5apply7generic15apply_resourcesNtNtBc_6models36RequiredActionProviderRepresentationE0s2_0s1_0Bc_
FNDA:0,_RNCNCNCINvNtNtCs3gtsZE436XL_4kaji5apply7generic15apply_resourcesNtNtBc_6models36RequiredActionProviderRepresentationE0s2_0s2_0Bc_
FNDA:0,_RNCNCNCINvNtNtCs3gtsZE436XL_4kaji5apply7generic15apply_resourcesNtNtBc_6models36RequiredActionProviderRepresentationE0s2_0s_0Bc_
FNDA:0,_RNCNvNtNtCs3gtsZE436XL_4kaji5apply7generic14append_secrets0B7_
FNDA:0,_RNCNvNtNtCs3gtsZE436XL_4kaji5apply7generic17set_value_at_path0B7_
FNDA:0,_RNvNtNtCs3gtsZE436XL_4kaji5apply7generic14append_secrets
FNDA:0,_RNvNtNtCs3gtsZE436XL_4kaji5apply7generic17find_placeholders
FNDA:0,_RNvNtNtCs3gtsZE436XL_4kaji5apply7generic17set_value_at_path
FNDA:0,_RNvNtNtCs3gtsZE436XL_4kaji5apply7generic21set_value_at_path_rec
FNF:23
FNH:0
DA:16,0
DA:17,0
DA:18,0
DA:19,0
DA:20,0
DA:21,0
DA:22,0
DA:23,0
DA:24,0
DA:25,0
DA:26,0
DA:27,0
DA:28,0
DA:29,0
DA:30,0
DA:31,0
DA:32,0
DA:33,0
DA:34,0
DA:35,0
DA:36,0
DA:37,0
DA:38,0
DA:39,0
DA:40,0
DA:41,0
DA:42,0
DA:43,0
DA:44,0
DA:46,0
DA:47,0
DA:48,0
DA:49,0
DA:51,0
DA:52,0
DA:53,0
DA:54,0
DA:55,0
DA:56,0
DA:57,0
DA:58,0
DA:60,0
DA:61,0
DA:62,0
DA:64,0
DA:65,0
DA:66,0
DA:67,0
DA:68,0
DA:69,0
DA:70,0
DA:71,0
DA:73,0
DA:74,0
DA:75,0
DA:76,0
DA:77,0
DA:79,0
DA:80,0
DA:81,0
DA:82,0
DA:85,0
DA:86,0
DA:87,0
DA:89,0
DA:90,0
DA:92,0
DA:93,0
DA:94,0
DA:95,0
DA:96,0
DA:97,0
DA:98,0
DA:99,0
DA:100,0
DA:102,0
DA:103,0
DA:104,0
DA:105,0
DA:106,0
DA:107,0
DA:109,0
DA:110,0
DA:111,0
DA:113,0
DA:115,0
DA:116,0
DA:117,0
DA:118,0
DA:119,0
DA:120,0
DA:121,0
DA:122,0
DA:123,0
DA:124,0
DA:125,0
DA:126,0
DA:127,0
DA:128,0
DA:129,0
DA:130,0
DA:132,0
DA:133,0
DA:134,0
DA:135,0
DA:136,0
DA:139,0
DA:142,0
DA:143,0
DA:145,0
DA:147,0
DA:149,0
DA:151,0
DA:152,0
DA:153,0
DA:156,0
DA:159,0
DA:160,0
DA:162,0
DA:164,0
DA:168,0
DA:169,0
DA:170,0
DA:171,0
DA:173,0
DA:174,0
DA:175,0
DA:176,0
DA:179,0
DA:180,0
DA:181,0
DA:182,0
DA:183,0
DA:184,0
DA:185,0
DA:186,0
DA:187,0
DA:188,0
DA:189,0
DA:190,0
DA:191,0
DA:192,0
DA:193,0
DA:195,0
DA:196,0
DA:197,0
DA:200,0
DA:201,0
DA:203,0
DA:204,0
DA:205,0
DA:206,0
DA:207,0
DA:208,0
DA:209,0
DA:210,0
DA:211,0
DA:212,0
DA:213,0
DA:214,0
DA:215,0
DA:216,0
DA:217,0
DA:218,0
DA:219,0
DA:220,0
DA:221,0
DA:222,0
DA:223,0
DA:225,0
DA:227,0
DA:228,0
DA:229,0
DA:230,0
DA:231,0
DA:232,0
DA:234,0
DA:235,0
DA:237,0
DA:238,0
DA:239,0
DA:240,0
DA:243,0
DA:244,0
DA:245,0
DA:246,0
DA:247,0
DA:248,0
DA:249,0
DA:250,0
DA:252,0
DA:254,0
DA:255,0
DA:257,0
DA:258,0
DA:259,0
DA:261,0
DA:262,0
DA:263,0
DA:264,0
DA:265,0
DA:266,0
DA:267,0
DA:268,0
DA:269,0
DA:270,0
DA:271,0
DA:272,0
DA:273,0
DA:274,0
DA:275,0
DA:276,0
DA:277,0
DA:278,0
DA:279,0
DA:280,0
DA:281,0
DA:282,0
DA:283,0
DA:284,0
DA:285,0
DA:286,0
DA:287,0
DA:288,0
DA:289,0
DA:290,0
DA:291,0
DA:292,0
DA:293,0
DA:294,0
DA:295,0
DA:296,0
DA:297,0
DA:298,0
DA:299,0
DA:300,0
DA:301,0
DA:303,0
DA:305,0
DA:307,0
DA:308,0
DA:309,0
DA:310,0
DA:311,0
DA:312,0
DA:313,0
DA:314,0
DA:315,0
DA:316,0
DA:317,0
DA:318,0
DA:319,0
DA:320,0
DA:321,0
DA:322,0
DA:323,0
DA:324,0
DA:325,0
DA:327,0
DA:329,0
DA:330,0
DA:331,0
DA:333,0
DA:334,0
DA:335,0
DA:336,0
DA:337,0
DA:338,0
DA:339,0
DA:341,0
DA:342,0
DA:343,0
DA:345,0
DA:346,0
DA:348,0
DA:349,0
DA:350,0
DA:352,0
DA:353,0
DA:354,0
DA:355,0
DA:356,0
DA:357,0
DA:359,0
DA:362,0
DA:363,0
DA:364,0
DA:365,0
DA:366,0
DA:368,0
DA:369,0
DA:371,0
DA:372,0
DA:373,0
DA:374,0
DA:375,0
DA:376,0
DA:377,0
DA:378,0
DA:379,0
DA:380,0
DA:382,0
DA:383,0
DA:384,0
DA:385,0
DA:387,0
DA:389,0
DA:392,0
DA:393,0
DA:394,0
DA:395,0
DA:396,0
DA:398,0
DA:400,0
DA:402,0
DA:403,0
DA:404,0
DA:405,0
DA:407,0
DA:408,0
DA:409,0
DA:410,0
DA:411,0
DA:412,0
DA:413,0
DA:414,0
DA:415,0
DA:416,0
DA:417,0
DA:418,0
DA:419,0
DA:420,0
DA:421,0
DA:422,0
DA:423,0
DA:424,0
DA:425,0
DA:427,0
DA:428,0
DA:429,0
DA:430,0
DA:431,0
DA:432,0
DA:433,0
DA:434,0
DA:435,0
DA:436,0
DA:437,0
DA:439,0
DA:441,0
DA:442,0
DA:443,0
DA:444,0
DA:445,0
DA:446,0
DA:447,0
DA:448,0
DA:449,0
DA:450,0
DA:451,0
DA:452,0
DA:453,0
DA:454,0
DA:456,0
DA:457,0
DA:459,0
DA:460,0
DA:461,0
DA:462,0
DA:463,0
DA:466,0
DA:467,0
DA:468,0
DA:469,0
DA:470,0
DA:472,0
DA:474,0
DA:475,0
DA:476,0
DA:477,0
DA:478,0
DA:479,0
DA:480,0
DA:481,0
BRF:0
BRH:0
LF:402
LH:0
end_of_record
SF:/app/src/apply/mod.rs
FN:281,_RNvNtCs3gtsZE436XL_4kaji5apply18apply_single_realm
FN:118,_RNvNtCs3gtsZE436XL_4kaji5apply3run
FN:145,_RNvNtCs3gtsZE436XL_4kaji5apply7run_ext
FN:63,_RNCNCNvNtNtCs3gtsZE436XL_4kaji5apply10components22process_component_file0s1_0B9_
FN:79,_RNCNCNvNtNtCs3gtsZE436XL_4kaji5apply10components22process_component_file0s2_0B9_
FN:383,_RNCNCNvNtCs3gtsZE436XL_4kaji5apply18apply_single_realm00B7_
FN:431,_RNCNCNvNtCs3gtsZE436XL_4kaji5apply18apply_single_realm0s0_0B7_
FN:23,_RNCNCNvNtCs3gtsZE436XL_4kaji5apply18apply_single_realm0s1_0B7_
FN:23,_RNCNCNvNtCs3gtsZE436XL_4kaji5apply18apply_single_realm0s2_0B7_
FN:23,_RNCNCNvNtCs3gtsZE436XL_4kaji5apply18apply_single_realm0s3_0B7_
FN:23,_RNCNCNvNtCs3gtsZE436XL_4kaji5apply18apply_single_realm0s4_0B7_
FN:23,_RNCNCNvNtCs3gtsZE436XL_4kaji5apply18apply_single_realm0s5_0B7_
FN:23,_RNCNCNvNtCs3gtsZE436XL_4kaji5apply18apply_single_realm0s6_0B7_
FN:23,_RNCNCNvNtCs3gtsZE436XL_4kaji5apply18apply_single_realm0s7_0B7_
FN:23,_RNCNCNvNtCs3gtsZE436XL_4kaji5apply18apply_single_realm0s8_0B7_
FN:407,_RNCNCNvNtCs3gtsZE436XL_4kaji5apply18apply_single_realm0s_0B7_
FN:165,_RNCNCNvNtCs3gtsZE436XL_4kaji5apply7run_ext00B7_
FN:244,_RNCNCNvNtCs3gtsZE436XL_4kaji5apply7run_ext0s_0B7_
FN:293,_RNCNvNtCs3gtsZE436XL_4kaji5apply18apply_single_realm0B5_
FN:127,_RNCNvNtCs3gtsZE436XL_4kaji5apply3run0B5_
FN:155,_RNCNvNtCs3gtsZE436XL_4kaji5apply7run_ext0B5_
FNDA:0,_RNvNtCs3gtsZE436XL_4kaji5apply18apply_single_realm
FNDA:0,_RNvNtCs3gtsZE436XL_4kaji5apply3run
FNDA:0,_RNvNtCs3gtsZE436XL_4kaji5apply7run_ext
FNDA:0,_RNCNCNvNtNtCs3gtsZE436XL_4kaji5apply10components22process_component_file0s1_0B9_
FNDA:0,_RNCNCNvNtNtCs3gtsZE436XL_4kaji5apply10components22process_component_file0s2_0B9_
FNDA:0,_RNCNCNvNtCs3gtsZE436XL_4kaji5apply18apply_single_realm00B7_
FNDA:0,_RNCNCNvNtCs3gtsZE436XL_4kaji5apply18apply_single_realm0s0_0B7_
FNDA:0,_RNCNCNvNtCs3gtsZE436XL_4kaji5apply18apply_single_realm0s1_0B7_
FNDA:0,_RNCNCNvNtCs3gtsZE436XL_4kaji5apply18apply_single_realm0s2_0B7_
FNDA:0,_RNCNCNvNtCs3gtsZE436XL_4kaji5apply18apply_single_realm0s3_0B7_
FNDA:0,_RNCNCNvNtCs3gtsZE436XL_4kaji5apply18apply_single_realm0s4_0B7_
FNDA:0,_RNCNCNvNtCs3gtsZE436XL_4kaji5apply18apply_single_realm0s5_0B7_
FNDA:0,_RNCNCNvNtCs3gtsZE436XL_4kaji5apply18apply_single_realm0s6_0B7_
FNDA:0,_RNCNCNvNtCs3gtsZE436XL_4kaji5apply18apply_single_realm0s7_0B7_
FNDA:0,_RNCNCNvNtCs3gtsZE436XL_4kaji5apply18apply_single_realm0s8_0B7_
FNDA:0,_RNCNCNvNtCs3gtsZE436XL_4kaji5apply18apply_single_realm0s_0B7_
FNDA:0,_RNCNCNvNtCs3gtsZE436XL_4kaji5apply7run_ext00B7_
FNDA:0,_RNCNCNvNtCs3gtsZE436XL_4kaji5apply7run_ext0s_0B7_
FNDA:0,_RNCNvNtCs3gtsZE436XL_4kaji5apply18apply_single_realm0B5_
FNDA:0,_RNCNvNtCs3gtsZE436XL_4kaji5apply3run0B5_
FNDA:0,_RNCNvNtCs3gtsZE436XL_4kaji5apply7run_ext0B5_
FNF:14
FNH:0
DA:23,0
DA:24,0
DA:25,0
DA:26,0
DA:27,0
DA:28,0
DA:29,0
DA:30,0
DA:31,0
DA:32,0
DA:33,0
DA:34,0
DA:35,0
DA:36,0
DA:37,0
DA:38,0
DA:63,0
DA:64,0
DA:67,0
DA:70,0
DA:79,0
DA:80,0
DA:83,0
DA:86,0
DA:118,0
DA:119,0
DA:120,0
DA:121,0
DA:122,0
DA:123,0
DA:124,0
DA:125,0
DA:126,0
DA:127,0
DA:128,0
DA:129,0
DA:130,0
DA:131,0
DA:132,0
DA:133,0
DA:134,0
DA:135,0
DA:136,0
DA:137,0
DA:138,0
DA:139,0
DA:140,0
DA:145,0
DA:146,0
DA:147,0
DA:148,0
DA:149,0
DA:150,0
DA:151,0
DA:152,0
DA:153,0
DA:154,0
DA:155,0
DA:156,0
DA:157,0
DA:158,0
DA:160,0
DA:161,0
DA:162,0
DA:163,0
DA:164,0
DA:165,0
DA:167,0
DA:170,0
DA:172,0
DA:175,0
DA:176,0
DA:177,0
DA:178,0
DA:179,0
DA:180,0
DA:181,0
DA:182,0
DA:183,0
DA:184,0
DA:185,0
DA:186,0
DA:187,0
DA:188,0
DA:189,0
DA:191,0
DA:193,0
DA:194,0
DA:197,0
DA:198,0
DA:199,0
DA:200,0
DA:201,0
DA:202,0
DA:203,0
DA:204,0
DA:205,0
DA:206,0
DA:207,0
DA:210,0
DA:211,0
DA:212,0
DA:213,0
DA:214,0
DA:215,0
DA:216,0
DA:218,0
DA:220,0
DA:223,0
DA:224,0
DA:226,0
DA:227,0
DA:229,0
DA:230,0
DA:232,0
DA:234,0
DA:235,0
DA:236,0
DA:237,0
DA:238,0
DA:239,0
DA:240,0
DA:241,0
DA:242,0
DA:244,0
DA:245,0
DA:247,0
DA:248,0
DA:249,0
DA:250,0
DA:253,0
DA:254,0
DA:255,0
DA:256,0
DA:257,0
DA:258,0
DA:259,0
DA:260,0
DA:261,0
DA:262,0
DA:263,0
DA:264,0
DA:265,0
DA:266,0
DA:267,0
DA:270,0
DA:273,0
DA:274,0
DA:275,0
DA:277,0
DA:278,0
DA:281,0
DA:282,0
DA:283,0
DA:284,0
DA:285,0
DA:286,0
DA:287,0
DA:288,0
DA:289,0
DA:290,0
DA:291,0
DA:292,0
DA:293,0
DA:295,0
DA:296,0
DA:297,0
DA:298,0
DA:299,0
DA:300,0
DA:301,0
DA:302,0
DA:303,0
DA:304,0
DA:305,0
DA:306,0
DA:310,0
DA:311,0
DA:312,0
DA:313,0
DA:314,0
DA:318,0
DA:319,0
DA:320,0
DA:322,0
DA:323,0
DA:326,0
DA:331,0
DA:332,0
DA:333,0
DA:334,0
DA:335,0
DA:339,0
DA:340,0
DA:341,0
DA:343,0
DA:344,0
DA:353,0
DA:358,0
DA:359,0
DA:360,0
DA:361,0
DA:362,0
DA:366,0
DA:367,0
DA:368,0
DA:370,0
DA:371,0
DA:375,0
DA:376,0
DA:377,0
DA:378,0
DA:379,0
DA:380,0
DA:381,0
DA:382,0
DA:383,0
DA:384,0
DA:385,0
DA:386,0
DA:387,0
DA:388,0
DA:389,0
DA:390,0
DA:391,0
DA:392,0
DA:393,0
DA:394,0
DA:395,0
DA:396,0
DA:397,0
DA:399,0
DA:400,0
DA:401,0
DA:402,0
DA:403,0
DA:404,0
DA:405,0
DA:406,0
DA:407,0
DA:408,0
DA:409,0
DA:410,0
DA:411,0
DA:412,0
DA:413,0
DA:414,0
DA:415,0
DA:416,0
DA:417,0
DA:418,0
DA:419,0
DA:420,0
DA:421,0
DA:423,0
DA:424,0
DA:425,0
DA:426,0
DA:427,0
DA:428,0
DA:429,0
DA:430,0
DA:431,0
DA:432,0
DA:433,0
DA:434,0
DA:435,0
DA:436,0
DA:437,0
DA:438,0
DA:439,0
DA:440,0
DA:441,0
DA:442,0
DA:443,0
DA:444,0
DA:445,0
DA:447,0
DA:450,0
DA:451,0
BRF:0
BRH:0
LF:288
LH:0
end_of_record
SF:/app/src/apply/realm.rs
FN:14,_RNvNtNtCs3gtsZE436XL_4kaji5apply5realm11apply_realm
FN:40,_RNCNCNvNtNtCs3gtsZE436XL_4kaji5apply5realm11apply_realm00B9_
FN:24,_RNCNvNtNtCs3gtsZE436XL_4kaji5apply5realm11apply_realm0B7_
FNDA:0,_RNvNtNtCs3gtsZE436XL_4kaji5apply5realm11apply_realm
FNDA:0,_RNCNCNvNtNtCs3gtsZE436XL_4kaji5apply5realm11apply_realm00B9_
FNDA:0,_RNCNvNtNtCs3gtsZE436XL_4kaji5apply5realm11apply_realm0B7_
FNF:3
FNH:0
DA:14,0
DA:15,0
DA:16,0
DA:17,0
DA:18,0
DA:19,0
DA:20,0
DA:21,0
DA:22,0
DA:23,0
DA:24,0
DA:26,0
DA:27,0
DA:28,0
DA:30,0
DA:31,0
DA:32,0
DA:33,0
DA:34,0
DA:35,0
DA:36,0
DA:37,0
DA:38,0
DA:39,0
DA:40,0
DA:41,0
DA:43,0
DA:44,0
DA:47,0
DA:48,0
DA:49,0
DA:50,0
DA:51,0
DA:52,0
DA:53,0
DA:54,0
DA:55,0
DA:56,0
DA:57,0
DA:58,0
DA:59,0
DA:60,0
DA:61,0
DA:62,0
BRF:0
BRH:0
LF:46
LH:0
end_of_record
SF:/app/src/args.rs
FN:59,_RNvXNtCs3gtsZE436XL_4kaji4argsNtB2_3CliNtNtCs4kUJL3MZFFz_4core3fmt5Debug3fmt
FNDA:0,_RNvXNtCs3gtsZE436XL_4kaji4argsNtB2_3CliNtNtCs4kUJL3MZFFz_4core3fmt5Debug3fmt
FNF:1
FNH:0
DA:59,0
DA:60,0
DA:61,0
DA:62,0
DA:63,0
DA:64,0
DA:65,0
DA:66,0
DA:67,0
DA:68,0
DA:69,0
DA:71,0
DA:72,0
DA:73,0
DA:74,0
DA:75,0
DA:76,0
DA:78,0
DA:79,0
BRF:0
BRH:0
LF:19
LH:0
end_of_record
SF:/app/src/clean.rs
FN:84,_RNCNCNCNvNtCs3gtsZE436XL_4kaji5clean3run0s0_00B9_
FN:88,_RNCNCNCNvNtCs3gtsZE436XL_4kaji5clean3run0s0_0s_0B9_
FN:101,_RNCNCNCNvNtCs3gtsZE436XL_4kaji5clean3run0s1_00B9_
FN:109,_RNCNCNCNvNtCs3gtsZE436XL_4kaji5clean3run0s1_0s0_0B9_
FN:105,_RNCNCNCNvNtCs3gtsZE436XL_4kaji5clean3run0s1_0s_0B9_
FN:37,_RNCNCNvNtCs3gtsZE436XL_4kaji5clean3run00B7_
FN:80,_RNCNCNvNtCs3gtsZE436XL_4kaji5clean3run0s0_0B7_
FN:98,_RNCNCNvNtCs3gtsZE436XL_4kaji5clean3run0s1_0B7_
FN:38,_RNCNCNvNtCs3gtsZE436XL_4kaji5clean3run0s_0B7_
FN:18,_RNCNvNtCs3gtsZE436XL_4kaji5clean3run0B5_
FN:13,_RNvNtCs3gtsZE436XL_4kaji5clean3run
FNDA:0,_RNCNCNCNvNtCs3gtsZE436XL_4kaji5clean3run0s0_00B9_
FNDA:0,_RNCNCNCNvNtCs3gtsZE436XL_4kaji5clean3run0s0_0s_0B9_
FNDA:0,_RNCNCNCNvNtCs3gtsZE436XL_4kaji5clean3run0s1_00B9_
FNDA:0,_RNCNCNCNvNtCs3gtsZE436XL_4kaji5clean3run0s1_0s0_0B9_
FNDA:0,_RNCNCNCNvNtCs3gtsZE436XL_4kaji5clean3run0s1_0s_0B9_
FNDA:0,_RNCNCNvNtCs3gtsZE436XL_4kaji5clean3run00B7_
FNDA:0,_RNCNCNvNtCs3gtsZE436XL_4kaji5clean3run0s0_0B7_
FNDA:0,_RNCNCNvNtCs3gtsZE436XL_4kaji5clean3run0s1_0B7_
FNDA:0,_RNCNCNvNtCs3gtsZE436XL_4kaji5clean3run0s_0B7_
FNDA:0,_RNCNvNtCs3gtsZE436XL_4kaji5clean3run0B5_
FNDA:0,_RNvNtCs3gtsZE436XL_4kaji5clean3run
FNF:11
FNH:0
DA:13,0
DA:14,0
DA:15,0
DA:16,0
DA:17,0
DA:18,0
DA:19,0
DA:20,0
DA:22,0
DA:23,0
DA:27,0
DA:29,0
DA:30,0
DA:32,0
DA:33,0
DA:35,0
DA:36,0
DA:37,0
DA:38,0
DA:39,0
DA:42,0
DA:43,0
DA:44,0
DA:45,0
DA:47,0
DA:48,0
DA:49,0
DA:54,0
DA:57,0
DA:61,0
DA:62,0
DA:63,0
DA:64,0
DA:65,0
DA:67,0
DA:69,0
DA:70,0
DA:71,0
DA:73,0
DA:74,0
DA:76,0
DA:77,0
DA:78,0
DA:79,0
DA:80,0
DA:81,0
DA:82,0
DA:83,0
DA:84,0
DA:86,0
DA:87,0
DA:88,0
DA:90,0
DA:93,0
DA:95,0
DA:96,0
DA:98,0
DA:99,0
DA:100,0
DA:101,0
DA:102,0
DA:103,0
DA:104,0
DA:105,0
DA:107,0
DA:108,0
DA:109,0
DA:111,0
DA:115,0
DA:117,0
DA:119,0
DA:120,0
DA:122,0
DA:123,0
BRF:0
BRH:0
LF:84
LH:0
end_of_record
SF:/app/src/cli/client.rs
FN:23,_RNvNtNtCs3gtsZE436XL_4kaji3cli6client18create_client_yaml
FN:74,_RNvNtNtCs3gtsZE436XL_4kaji3cli6client24create_client_scope_yaml
FN:9,_RNvNtNtCs3gtsZE436XL_4kaji3cli6client25create_client_interactive
FN:60,_RNvNtNtCs3gtsZE436XL_4kaji3cli6client31create_client_scope_interactive
FN:28,_RNCNvNtNtCs3gtsZE436XL_4kaji3cli6client18create_client_yaml0B7_
FN:79,_RNCNvNtNtCs3gtsZE436XL_4kaji3cli6client24create_client_scope_yaml0B7_
FN:9,_RNCNvNtNtCs3gtsZE436XL_4kaji3cli6client25create_client_interactive0B7_
FN:60,_RNCNvNtNtCs3gtsZE436XL_4kaji3cli6client31create_client_scope_interactive0B7_
FNDA:0,_RNvNtNtCs3gtsZE436XL_4kaji3cli6client18create_client_yaml
FNDA:0,_RNvNtNtCs3gtsZE436XL_4kaji3cli6client24create_client_scope_yaml
FNDA:1,_RNvNtNtCs3gtsZE436XL_4kaji3cli6client25create_client_interactive
FNDA:1,_RNvNtNtCs3gtsZE436XL_4kaji3cli6client31create_client_scope_interactive
FNDA:0,_RNCNvNtNtCs3gtsZE436XL_4kaji3cli6client18create_client_yaml0B7_
FNDA:0,_RNCNvNtNtCs3gtsZE436XL_4kaji3cli6client24create_client_scope_yaml0B7_
FNDA:1,_RNCNvNtNtCs3gtsZE436XL_4kaji3cli6client25create_client_interactive0B7_
FNDA:1,_RNCNvNtNtCs3gtsZE436XL_4kaji3cli6client31create_client_scope_interactive0B7_
FNF:8
FNH:4
DA:9,1
DA:10,1
DA:11,0
DA:12,0
DA:14,0
DA:16,0
DA:17,0
DA:18,0
DA:19,0
DA:20,0
DA:21,1
DA:23,0
DA:24,0
DA:25,0
DA:26,0
DA:27,0
DA:28,0
DA:29,0
DA:30,0
DA:31,0
DA:32,0
DA:33,0
DA:34,0
DA:35,0
DA:36,0
DA:37,0
DA:38,0
DA:39,0
DA:40,0
DA:41,0
DA:42,0
DA:43,0
DA:45,0
DA:46,0
DA:47,0
DA:48,0
DA:50,0
DA:51,0
DA:53,0
DA:54,0
DA:55,0
DA:57,0
DA:58,0
DA:60,1
DA:61,1
DA:62,0
DA:63,0
DA:65,0
DA:67,0
DA:68,0
DA:69,0
DA:70,0
DA:71,0
DA:72,1
DA:74,0
DA:75,0
DA:76,0
DA:77,0
DA:78,0
DA:79,0
DA:80,0
DA:81,0
DA:82,0
DA:83,0
DA:84,0
DA:85,0
DA:86,0
DA:87,0
DA:89,0
DA:90,0
DA:91,0
DA:92,0
DA:94,0
DA:95,0
DA:97,0
DA:98,0
DA:99,0
DA:101,0
DA:102,0
BRF:0
BRH:0
LF:83
LH:8
end_of_record
SF:/app/src/cli/group.rs
FN:22,_RNvNtNtCs3gtsZE436XL_4kaji3cli5group17create_group_yaml
FN:9,_RNvNtNtCs3gtsZE436XL_4kaji3cli5group24create_group_interactive
FN:22,_RNCNvNtNtCs3gtsZE436XL_4kaji3cli5group17create_group_yaml0B7_
FN:9,_RNCNvNtNtCs3gtsZE436XL_4kaji3cli5group24create_group_interactive0B7_
FNDA:0,_RNvNtNtCs3gtsZE436XL_4kaji3cli5group17create_group_yaml
FNDA:1,_RNvNtNtCs3gtsZE436XL_4kaji3cli5group24create_group_interactive
FNDA:0,_RNCNvNtNtCs3gtsZE436XL_4kaji3cli5group17create_group_yaml0B7_
FNDA:1,_RNCNvNtNtCs3gtsZE436XL_4kaji3cli5group24create_group_interactive0B7_
FNF:4
FNH:2
DA:9,1
DA:10,1
DA:11,0
DA:13,0
DA:15,0
DA:16,0
DA:17,0
DA:18,0
DA:19,0
DA:20,1
DA:22,0
DA:23,0
DA:24,0
DA:25,0
DA:26,0
DA:27,0
DA:28,0
DA:29,0
DA:31,0
DA:32,0
DA:33,0
DA:34,0
DA:36,0
DA:37,0
DA:39,0
DA:40,0
DA:41,0
DA:43,0
DA:44,0
BRF:0
BRH:0
LF:31
LH:4
end_of_record
SF:/app/src/cli/idp.rs
FN:27,_RNvNtNtCs3gtsZE436XL_4kaji3cli3idp15create_idp_yaml
FN:9,_RNvNtNtCs3gtsZE436XL_4kaji3cli3idp22create_idp_interactive
FN:32,_RNCNvNtNtCs3gtsZE436XL_4kaji3cli3idp15create_idp_yaml0B7_
FN:9,_RNCNvNtNtCs3gtsZE436XL_4kaji3cli3idp22create_idp_interactive0B7_
FNDA:0,_RNvNtNtCs3gtsZE436XL_4kaji3cli3idp15create_idp_yaml
FNDA:1,_RNvNtNtCs3gtsZE436XL_4kaji3cli3idp22create_idp_interactive
FNDA:0,_RNCNvNtNtCs3gtsZE436XL_4kaji3cli3idp15create_idp_yaml0B7_
FNDA:1,_RNCNvNtNtCs3gtsZE436XL_4kaji3cli3idp22create_idp_interactive0B7_
FNF:4
FNH:2
DA:9,1
DA:10,1
DA:11,0
DA:12,0
DA:13,0
DA:14,0
DA:16,0
DA:18,0
DA:20,0
DA:21,0
DA:22,0
DA:23,0
DA:24,0
DA:25,1
DA:27,0
DA:28,0
DA:29,0
DA:30,0
DA:31,0
DA:32,0
DA:33,0
DA:34,0
DA:35,0
DA:36,0
DA:37,0
DA:38,0
DA:39,0
DA:40,0
DA:41,0
DA:42,0
DA:43,0
DA:44,0
DA:45,0
DA:46,0
DA:47,0
DA:48,0
DA:49,0
DA:51,0
DA:52,0
DA:53,0
DA:54,0
DA:55,0
DA:56,0
DA:58,0
DA:59,0
DA:61,0
DA:62,0
DA:63,0
DA:65,0
DA:66,0
BRF:0
BRH:0
LF:52
LH:4
end_of_record
SF:/app/src/cli/keys.rs
FN:29,_RNvNtNtCs3gtsZE436XL_4kaji3cli4keys16rotate_keys_yaml
FN:9,_RNvNtNtCs3gtsZE436XL_4kaji3cli4keys23rotate_keys_interactive
FN:50,_RNCNCNvNtNtCs3gtsZE436XL_4kaji3cli4keys16rotate_keys_yaml00B9_
FN:65,_RNCNCNvNtNtCs3gtsZE436XL_4kaji3cli4keys16rotate_keys_yaml0s_0B9_
FN:29,_RNCNvNtNtCs3gtsZE436XL_4kaji3cli4keys16rotate_keys_yaml0B7_
FN:9,_RNCNvNtNtCs3gtsZE436XL_4kaji3cli4keys23rotate_keys_interactive0B7_
FNDA:0,_RNvNtNtCs3gtsZE436XL_4kaji3cli4keys16rotate_keys_yaml
FNDA:1,_RNvNtNtCs3gtsZE436XL_4kaji3cli4keys23rotate_keys_interactive
FNDA:0,_RNCNCNvNtNtCs3gtsZE436XL_4kaji3cli4keys16rotate_keys_yaml00B9_
FNDA:0,_RNCNCNvNtNtCs3gtsZE436XL_4kaji3cli4keys16rotate_keys_yaml0s_0B9_
FNDA:0,_RNCNvNtNtCs3gtsZE436XL_4kaji3cli4keys16rotate_keys_yaml0B7_
FNDA:1,_RNCNvNtNtCs3gtsZE436XL_4kaji3cli4keys23rotate_keys_interactive0B7_
FNF:6
FNH:2
DA:9,1
DA:10,1
DA:12,0
DA:14,0
DA:15,0
DA:16,0
DA:17,0
DA:18,0
DA:19,0
DA:20,0
DA:21,0
DA:22,0
DA:23,0
DA:24,0
DA:26,0
DA:27,1
DA:29,0
DA:30,0
DA:32,0
DA:33,0
DA:34,0
DA:36,0
DA:37,0
DA:38,0
DA:39,0
DA:41,0
DA:42,0
DA:43,0
DA:44,0
DA:46,0
DA:47,0
DA:48,0
DA:49,0
DA:50,0
DA:52,0
DA:53,0
DA:54,0
DA:57,0
DA:58,0
DA:59,0
DA:60,0
DA:62,0
DA:63,0
DA:64,0
DA:65,0
DA:66,0
DA:67,0
DA:68,0
DA:69,0
DA:70,0
DA:72,0
DA:73,0
DA:74,0
DA:75,0
DA:76,0
DA:77,0
DA:78,0
DA:79,0
DA:80,0
DA:82,0
DA:84,0
DA:85,0
DA:86,0
DA:87,0
DA:89,0
DA:91,0
DA:92,0
DA:93,0
DA:94,0
DA:95,0
DA:97,0
DA:98,0
DA:99,0
DA:100,0
DA:103,0
DA:104,0
BRF:0
BRH:0
LF:80
LH:4
end_of_record
SF:/app/src/cli/mod.rs
FN:131,_RNvNtCs3gtsZE436XL_4kaji3cli10get_realms
FN:114,_RNvNtCs3gtsZE436XL_4kaji3cli12prompt_realm
FN:95,_RNvNtCs3gtsZE436XL_4kaji3cli17handle_create_idp
FN:83,_RNvNtCs3gtsZE436XL_4kaji3cli18handle_create_role
FN:65,_RNvNtCs3gtsZE436XL_4kaji3cli18handle_create_user
FN:107,_RNvNtCs3gtsZE436XL_4kaji3cli18handle_rotate_keys
FN:89,_RNvNtCs3gtsZE436XL_4kaji3cli19handle_create_group
FN:77,_RNvNtCs3gtsZE436XL_4kaji3cli20handle_create_client
FN:71,_RNvNtCs3gtsZE436XL_4kaji3cli22handle_change_password
FN:101,_RNvNtCs3gtsZE436XL_4kaji3cli26handle_create_client_scope
FN:19,_RNvNtCs3gtsZE436XL_4kaji3cli3run
FN:119,_RNCNCNvNtCs3gtsZE436XL_4kaji3cli12prompt_realm00B7_
FN:131,_RNCNvNtCs3gtsZE436XL_4kaji3cli10get_realms0B5_
FN:114,_RNCNvNtCs3gtsZE436XL_4kaji3cli12prompt_realm0B5_
FN:95,_RNCNvNtCs3gtsZE436XL_4kaji3cli17handle_create_idp0B5_
FN:83,_RNCNvNtCs3gtsZE436XL_4kaji3cli18handle_create_role0B5_
FN:65,_RNCNvNtCs3gtsZE436XL_4kaji3cli18handle_create_user0B5_
FN:107,_RNCNvNtCs3gtsZE436XL_4kaji3cli18handle_rotate_keys0B5_
FN:89,_RNCNvNtCs3gtsZE436XL_4kaji3cli19handle_create_group0B5_
FN:77,_RNCNvNtCs3gtsZE436XL_4kaji3cli20handle_create_client0B5_
FN:71,_RNCNvNtCs3gtsZE436XL_4kaji3cli22handle_change_password0B5_
FN:101,_RNCNvNtCs3gtsZE436XL_4kaji3cli26handle_create_client_scope0B5_
FN:19,_RNCNvNtCs3gtsZE436XL_4kaji3cli3run0B5_
FNDA:8,_RNvNtCs3gtsZE436XL_4kaji3cli10get_realms
FNDA:8,_RNvNtCs3gtsZE436XL_4kaji3cli12prompt_realm
FNDA:1,_RNvNtCs3gtsZE436XL_4kaji3cli17handle_create_idp
FNDA:1,_RNvNtCs3gtsZE436XL_4kaji3cli18handle_create_role
FNDA:1,_RNvNtCs3gtsZE436XL_4kaji3cli18handle_create_user
FNDA:1,_RNvNtCs3gtsZE436XL_4kaji3cli18handle_rotate_keys
FNDA:1,_RNvNtCs3gtsZE436XL_4kaji3cli19handle_create_group
FNDA:1,_RNvNtCs3gtsZE436XL_4kaji3cli20handle_create_client
FNDA:1,_RNvNtCs3gtsZE436XL_4kaji3cli22handle_change_password
FNDA:1,_RNvNtCs3gtsZE436XL_4kaji3cli26handle_create_client_scope
FNDA:8,_RNvNtCs3gtsZE436XL_4kaji3cli3run
FNDA:0,_RNCNCNvNtCs3gtsZE436XL_4kaji3cli12prompt_realm00B7_
FNDA:8,_RNCNvNtCs3gtsZE436XL_4kaji3cli10get_realms0B5_
FNDA:8,_RNCNvNtCs3gtsZE436XL_4kaji3cli12prompt_realm0B5_
FNDA:1,_RNCNvNtCs3gtsZE436XL_4kaji3cli17handle_create_idp0B5_
FNDA:1,_RNCNvNtCs3gtsZE436XL_4kaji3cli18handle_create_role0B5_
FNDA:1,_RNCNvNtCs3gtsZE436XL_4kaji3cli18handle_create_user0B5_
FNDA:1,_RNCNvNtCs3gtsZE436XL_4kaji3cli18handle_rotate_keys0B5_
FNDA:1,_RNCNvNtCs3gtsZE436XL_4kaji3cli19handle_create_group0B5_
FNDA:1,_RNCNvNtCs3gtsZE436XL_4kaji3cli20handle_create_client0B5_
FNDA:1,_RNCNvNtCs3gtsZE436XL_4kaji3cli22handle_change_password0B5_
FNDA:1,_RNCNvNtCs3gtsZE436XL_4kaji3cli26handle_create_client_scope0B5_
FNDA:8,_RNCNvNtCs3gtsZE436XL_4kaji3cli3run0B5_
FNF:23
FNH:22
DA:19,8
DA:20,8
DA:21,0
DA:22,0
DA:23,0
DA:24,8
DA:26,8
DA:28,8
DA:29,8
DA:30,8
DA:31,8
DA:32,8
DA:33,8
DA:34,8
DA:35,8
DA:36,8
DA:37,8
DA:38,8
DA:41,16
DA:43,16
DA:44,1
DA:45,1
DA:46,1
DA:47,1
DA:48,1
DA:49,1
DA:50,1
DA:51,1
DA:53,8
DA:54,8
DA:56,0
DA:57,0
DA:58,0
DA:62,8
DA:63,8
DA:65,1
DA:66,1
DA:67,1
DA:68,1
DA:69,1
DA:71,1
DA:72,1
DA:73,1
DA:74,1
DA:75,1
DA:77,1
DA:78,1
DA:79,1
DA:80,1
DA:81,1
DA:83,1
DA:84,1
DA:85,1
DA:86,1
DA:87,1
DA:89,1
DA:90,1
DA:91,1
DA:92,1
DA:93,1
DA:95,1
DA:96,1
DA:97,1
DA:98,1
DA:99,1
DA:101,1
DA:102,1
DA:103,1
DA:104,1
DA:105,1
DA:107,1
DA:108,1
DA:109,1
DA:110,1
DA:111,1
DA:114,8
DA:115,8
DA:116,8
DA:117,8
DA:119,0
DA:120,0
DA:121,0
DA:122,0
DA:123,0
DA:125,0
DA:128,8
DA:131,8
DA:132,8
DA:133,8
DA:134,8
DA:135,8
DA:136,0
DA:137,0
DA:138,0
DA:140,0
DA:141,0
DA:142,0
DA:143,0
DA:144,0
DA:146,0
DA:147,8
DA:148,8
DA:149,8
BRF:0
BRH:0
LF:115
LH:93
end_of_record
SF:/app/src/cli/role.rs
FN:36,_RNvNtNtCs3gtsZE436XL_4kaji3cli4role16create_role_yaml
FN:9,_RNvNtNtCs3gtsZE436XL_4kaji3cli4role23create_role_interactive
FN:42,_RNCNvNtNtCs3gtsZE436XL_4kaji3cli4role16create_role_yaml0B7_
FN:9,_RNCNvNtNtCs3gtsZE436XL_4kaji3cli4role23create_role_interactive0B7_
FNDA:0,_RNvNtNtCs3gtsZE436XL_4kaji3cli4role16create_role_yaml
FNDA:1,_RNvNtNtCs3gtsZE436XL_4kaji3cli4role23create_role_interactive
FNDA:0,_RNCNvNtNtCs3gtsZE436XL_4kaji3cli4role16create_role_yaml0B7_
FNDA:1,_RNCNvNtNtCs3gtsZE436XL_4kaji3cli4role23create_role_interactive0B7_
FNF:4
FNH:2
DA:9,1
DA:10,1
DA:11,0
DA:12,0
DA:13,0
DA:15,0
DA:16,0
DA:18,0
DA:21,0
DA:22,0
DA:24,0
DA:27,0
DA:29,0
DA:30,0
DA:31,0
DA:32,0
DA:33,0
DA:34,1
DA:36,0
DA:37,0
DA:38,0
DA:39,0
DA:40,0
DA:41,0
DA:42,0
DA:43,0
DA:44,0
DA:45,0
DA:46,0
DA:47,0
DA:48,0
DA:49,0
DA:50,0
DA:51,0
DA:53,0
DA:54,0
DA:55,0
DA:57,0
DA:60,0
DA:61,0
DA:62,0
DA:64,0
DA:65,0
DA:67,0
DA:68,0
DA:69,0
DA:71,0
DA:72,0
BRF:0
BRH:0
LF:50
LH:4
end_of_record
SF:/app/src/cli/user.rs
FN:56,_RNCNCNvNtNtCs3gtsZE436XL_4kaji3cli4user25change_user_password_yaml00B9_
FN:114,_RNCNvNtNtCs3gtsZE436XL_4kaji3cli4user16create_user_yaml0B7_
FN:74,_RNCNvNtNtCs3gtsZE436XL_4kaji3cli4user23create_user_interactive0B7_
FN:25,_RNCNvNtNtCs3gtsZE436XL_4kaji3cli4user25change_user_password_yaml0B7_
FN:9,_RNCNvNtNtCs3gtsZE436XL_4kaji3cli4user32change_user_password_interactive0B7_
FN:107,_RNvNtNtCs3gtsZE436XL_4kaji3cli4user16create_user_yaml
FN:74,_RNvNtNtCs3gtsZE436XL_4kaji3cli4user23create_user_interactive
FN:20,_RNvNtNtCs3gtsZE436XL_4kaji3cli4user25change_user_password_yaml
FN:9,_RNvNtNtCs3gtsZE436XL_4kaji3cli4user32change_user_password_interactive
FNDA:0,_RNCNCNvNtNtCs3gtsZE436XL_4kaji3cli4user25change_user_password_yaml00B9_
FNDA:0,_RNCNvNtNtCs3gtsZE436XL_4kaji3cli4user16create_user_yaml0B7_
FNDA:1,_RNCNvNtNtCs3gtsZE436XL_4kaji3cli4user23create_user_interactive0B7_
FNDA:0,_RNCNvNtNtCs3gtsZE436XL_4kaji3cli4user25change_user_password_yaml0B7_
FNDA:1,_RNCNvNtNtCs3gtsZE436XL_4kaji3cli4user32change_user_password_interactive0B7_
FNDA:0,_RNvNtNtCs3gtsZE436XL_4kaji3cli4user16create_user_yaml
FNDA:1,_RNvNtNtCs3gtsZE436XL_4kaji3cli4user23create_user_interactive
FNDA:0,_RNvNtNtCs3gtsZE436XL_4kaji3cli4user25change_user_password_yaml
FNDA:1,_RNvNtNtCs3gtsZE436XL_4kaji3cli4user32change_user_password_interactive
FNF:9
FNH:4
DA:9,1
DA:10,1
DA:11,0
DA:12,0
DA:14,0
DA:16,0
DA:17,0
DA:18,1
DA:20,0
DA:21,0
DA:22,0
DA:23,0
DA:24,0
DA:25,0
DA:26,0
DA:27,0
DA:28,0
DA:29,0
DA:31,0
DA:32,0
DA:34,0
DA:36,0
DA:37,0
DA:39,0
DA:40,0
DA:41,0
DA:42,0
DA:43,0
DA:45,0
DA:46,0
DA:47,0
DA:48,0
DA:49,0
DA:50,0
DA:51,0
DA:53,0
DA:54,0
DA:55,0
DA:56,0
DA:57,0
DA:58,0
DA:59,0
DA:60,0
DA:61,0
DA:62,0
DA:63,0
DA:64,0
DA:66,0
DA:67,0
DA:68,0
DA:69,0
DA:71,0
DA:72,0
DA:74,1
DA:75,1
DA:76,0
DA:77,0
DA:78,0
DA:79,0
DA:81,0
DA:82,0
DA:83,0
DA:85,0
DA:87,0
DA:88,0
DA:90,0
DA:93,0
DA:94,0
DA:95,0
DA:96,0
DA:97,0
DA:98,0
DA:99,0
DA:100,0
DA:101,0
DA:103,0
DA:104,0
DA:105,1
DA:107,0
DA:108,0
DA:109,0
DA:110,0
DA:111,0
DA:112,0
DA:113,0
DA:114,0
DA:115,0
DA:116,0
DA:117,0
DA:118,0
DA:119,0
DA:120,0
DA:121,0
DA:122,0
DA:123,0
DA:124,0
DA:125,0
DA:127,0
DA:128,0
DA:129,0
DA:130,0
DA:132,0
DA:133,0
DA:135,0
DA:136,0
DA:137,0
DA:139,0
DA:140,0
BRF:0
BRH:0
LF:113
LH:8
end_of_record
SF:/app/src/client.rs
FN:223,_RNCNvMNtCs3gtsZE436XL_4kaji6clientNtB4_14KeycloakClient10get_groups0B6_
FN:171,_RNCNvMNtCs3gtsZE436XL_4kaji6clientNtB4_14KeycloakClient11create_role0B6_
FN:243,_RNCNvMNtCs3gtsZE436XL_4kaji6clientNtB4_14KeycloakClient11create_user0B6_
FN:179,_RNCNvMNtCs3gtsZE436XL_4kaji6clientNtB4_14KeycloakClient11delete_role0B6_
FN:251,_RNCNvMNtCs3gtsZE436XL_4kaji6clientNtB4_14KeycloakClient11delete_user0B6_
FN:142,_RNCNvMNtCs3gtsZE436XL_4kaji6clientNtB4_14KeycloakClient11get_clients0B6_
FN:175,_RNCNvMNtCs3gtsZE436XL_4kaji6clientNtB4_14KeycloakClient11update_role0B6_
FN:247,_RNCNvMNtCs3gtsZE436XL_4kaji6clientNtB4_14KeycloakClient11update_user0B6_
FN:227,_RNCNvMNtCs3gtsZE436XL_4kaji6clientNtB4_14KeycloakClient12create_group0B6_
FN:235,_RNCNvMNtCs3gtsZE436XL_4kaji6clientNtB4_14KeycloakClient12delete_group0B6_
FN:231,_RNCNvMNtCs3gtsZE436XL_4kaji6clientNtB4_14KeycloakClient12update_group0B6_
FN:159,_RNCNvMNtCs3gtsZE436XL_4kaji6clientNtB4_14KeycloakClient13create_client0B6_
FN:167,_RNCNvMNtCs3gtsZE436XL_4kaji6clientNtB4_14KeycloakClient13delete_client0B6_
FN:163,_RNCNvMNtCs3gtsZE436XL_4kaji6clientNtB4_14KeycloakClient13update_client0B6_
FN:335,_RNCNvMNtCs3gtsZE436XL_4kaji6clientNtB4_14KeycloakClient16delete_component0B6_
FN:203,_RNCNvMNtCs3gtsZE436XL_4kaji6clientNtB4_14KeycloakClient17get_client_scopes0B6_
FN:207,_RNCNvMNtCs3gtsZE436XL_4kaji6clientNtB4_14KeycloakClient19create_client_scope0B6_
FN:219,_RNCNvMNtCs3gtsZE436XL_4kaji6clientNtB4_14KeycloakClient19delete_client_scope0B6_
FN:215,_RNCNvMNtCs3gtsZE436XL_4kaji6clientNtB4_14KeycloakClient19update_client_scope0B6_
FN:279,_RNCNvMNtCs3gtsZE436XL_4kaji6clientNtB4_14KeycloakClient20get_required_actions0B6_
FN:314,_RNCNvMNtCs3gtsZE436XL_4kaji6clientNtB4_14KeycloakClient22delete_required_action0B6_
FN:150,_RNCNvMNtCs3gtsZE436XL_4kaji6clientNtB4_14KeycloakClient22get_identity_providers0B6_
FN:287,_RNCNvMNtCs3gtsZE436XL_4kaji6clientNtB4_14KeycloakClient22update_required_action0B6_
FN:186,_RNCNvMNtCs3gtsZE436XL_4kaji6clientNtB4_14KeycloakClient24create_identity_provider0B6_
FN:198,_RNCNvMNtCs3gtsZE436XL_4kaji6clientNtB4_14KeycloakClient24delete_identity_provider0B6_
FN:255,_RNCNvMNtCs3gtsZE436XL_4kaji6clientNtB4_14KeycloakClient24get_authentication_flows0B6_
FN:294,_RNCNvMNtCs3gtsZE436XL_4kaji6clientNtB4_14KeycloakClient24register_required_action0B6_
FN:194,_RNCNvMNtCs3gtsZE436XL_4kaji6clientNtB4_14KeycloakClient24update_identity_provider0B6_
FN:262,_RNCNvMNtCs3gtsZE436XL_4kaji6clientNtB4_14KeycloakClient26create_authentication_flow0B6_
FN:274,_RNCNvMNtCs3gtsZE436XL_4kaji6clientNtB4_14KeycloakClient26delete_authentication_flow0B6_
FN:270,_RNCNvMNtCs3gtsZE436XL_4kaji6clientNtB4_14KeycloakClient26update_authentication_flow0B6_
FN:146,_RNCNvMNtCs3gtsZE436XL_4kaji6clientNtB4_14KeycloakClient9get_roles0B6_
FN:239,_RNCNvMNtCs3gtsZE436XL_4kaji6clientNtB4_14KeycloakClient9get_users0B6_
FN:223,_RNvMNtCs3gtsZE436XL_4kaji6clientNtB2_14KeycloakClient10get_groups
FN:134,_RNvMNtCs3gtsZE436XL_4kaji6clientNtB2_14KeycloakClient10get_realms
FN:171,_RNvMNtCs3gtsZE436XL_4kaji6clientNtB2_14KeycloakClient11create_role
FN:243,_RNvMNtCs3gtsZE436XL_4kaji6clientNtB2_14KeycloakClient11create_user
FN:179,_RNvMNtCs3gtsZE436XL_4kaji6clientNtB2_14KeycloakClient11delete_role
FN:251,_RNvMNtCs3gtsZE436XL_4kaji6clientNtB2_14KeycloakClient11delete_user
FN:142,_RNvMNtCs3gtsZE436XL_4kaji6clientNtB2_14KeycloakClient11get_clients
FN:175,_RNvMNtCs3gtsZE436XL_4kaji6clientNtB2_14KeycloakClient11update_role
FN:247,_RNvMNtCs3gtsZE436XL_4kaji6clientNtB2_14KeycloakClient11update_user
FN:227,_RNvMNtCs3gtsZE436XL_4kaji6clientNtB2_14KeycloakClient12create_group
FN:235,_RNvMNtCs3gtsZE436XL_4kaji6clientNtB2_14KeycloakClient12delete_group
FN:64,_RNvMNtCs3gtsZE436XL_4kaji6clientNtB2_14KeycloakClient12get_base_url
FN:231,_RNvMNtCs3gtsZE436XL_4kaji6clientNtB2_14KeycloakClient12update_group
FN:155,_RNvMNtCs3gtsZE436XL_4kaji6clientNtB2_14KeycloakClient12update_realm
FN:49,_RNvMNtCs3gtsZE436XL_4kaji6clientNtB2_14KeycloakClient12with_timeout
FN:159,_RNvMNtCs3gtsZE436XL_4kaji6clientNtB2_14KeycloakClient13create_client
FN:167,_RNvMNtCs3gtsZE436XL_4kaji6clientNtB2_14KeycloakClient13delete_client
FN:163,_RNvMNtCs3gtsZE436XL_4kaji6clientNtB2_14KeycloakClient13update_client
FN:466,_RNvMNtCs3gtsZE436XL_4kaji6clientNtB2_14KeycloakClient14check_response
FN:319,_RNvMNtCs3gtsZE436XL_4kaji6clientNtB2_14KeycloakClient14get_components
FN:68,_RNvMNtCs3gtsZE436XL_4kaji6clientNtB2_14KeycloakClient15realm_admin_url
FN:323,_RNvMNtCs3gtsZE436XL_4kaji6clientNtB2_14KeycloakClient16create_component
FN:335,_RNvMNtCs3gtsZE436XL_4kaji6clientNtB2_14KeycloakClient16delete_component
FN:57,_RNvMNtCs3gtsZE436XL_4kaji6clientNtB2_14KeycloakClient16set_target_realm
FN:327,_RNvMNtCs3gtsZE436XL_4kaji6clientNtB2_14KeycloakClient16update_component
FN:203,_RNvMNtCs3gtsZE436XL_4kaji6clientNtB2_14KeycloakClient17get_client_scopes
FN:207,_RNvMNtCs3gtsZE436XL_4kaji6clientNtB2_14KeycloakClient19create_client_scope
FN:219,_RNvMNtCs3gtsZE436XL_4kaji6clientNtB2_14KeycloakClient19delete_client_scope
FN:211,_RNvMNtCs3gtsZE436XL_4kaji6clientNtB2_14KeycloakClient19update_client_scope
FN:279,_RNvMNtCs3gtsZE436XL_4kaji6clientNtB2_14KeycloakClient20get_required_actions
FN:314,_RNvMNtCs3gtsZE436XL_4kaji6clientNtB2_14KeycloakClient22delete_required_action
FN:150,_RNvMNtCs3gtsZE436XL_4kaji6clientNtB2_14KeycloakClient22get_identity_providers
FN:283,_RNvMNtCs3gtsZE436XL_4kaji6clientNtB2_14KeycloakClient22update_required_action
FN:183,_RNvMNtCs3gtsZE436XL_4kaji6clientNtB2_14KeycloakClient24create_identity_provider
FN:198,_RNvMNtCs3gtsZE436XL_4kaji6clientNtB2_14KeycloakClient24delete_identity_provider
FN:255,_RNvMNtCs3gtsZE436XL_4kaji6clientNtB2_14KeycloakClient24get_authentication_flows
FN:291,_RNvMNtCs3gtsZE436XL_4kaji6clientNtB2_14KeycloakClient24register_required_action
FN:190,_RNvMNtCs3gtsZE436XL_4kaji6clientNtB2_14KeycloakClient24update_identity_provider
FN:259,_RNvMNtCs3gtsZE436XL_4kaji6clientNtB2_14KeycloakClient26create_authentication_flow
FN:274,_RNvMNtCs3gtsZE436XL_4kaji6clientNtB2_14KeycloakClient26delete_authentication_flow
FN:266,_RNvMNtCs3gtsZE436XL_4kaji6clientNtB2_14KeycloakClient26update_authentication_flow
FN:32,_RNvMNtCs3gtsZE436XL_4kaji6clientNtB2_14KeycloakClient3new
FN:402,_RNvMNtCs3gtsZE436XL_4kaji6clientNtB2_14KeycloakClient5login
FN:387,_RNvMNtCs3gtsZE436XL_4kaji6clientNtB2_14KeycloakClient6delete
FN:138,_RNvMNtCs3gtsZE436XL_4kaji6clientNtB2_14KeycloakClient9get_realm
FN:146,_RNvMNtCs3gtsZE436XL_4kaji6clientNtB2_14KeycloakClient9get_roles
FN:458,_RNvMNtCs3gtsZE436XL_4kaji6clientNtB2_14KeycloakClient9get_token
FN:239,_RNvMNtCs3gtsZE436XL_4kaji6clientNtB2_14KeycloakClient9get_users
FN:462,_RNvMNtCs3gtsZE436XL_4kaji6clientNtB2_14KeycloakClient9set_token
FN:600,_RNvMs_NtCs3gtsZE436XL_4kaji6clientNtB4_14KeycloakClient19get_flow_executions
FN:660,_RNvMs_NtCs3gtsZE436XL_4kaji6clientNtB4_14KeycloakClient19map_flow_executions
FN:680,_RNvMs_NtCs3gtsZE436XL_4kaji6clientNtB4_14KeycloakClient21unmap_flow_executions
FN:620,_RNvMs_NtCs3gtsZE436XL_4kaji6clientNtB4_14KeycloakClient21update_flow_execution
FN:593,_RNvMs_NtCs3gtsZE436XL_4kaji6clientNtB4_14KeycloakClient28get_authentication_flows_raw
FN:580,_RNvMs_NtCs3gtsZE436XL_4kaji6clientNtB4_14KeycloakClient28get_authenticator_config_map
FN:612,_RNvMs_NtCs3gtsZE436XL_4kaji6clientNtB4_14KeycloakClient28get_authenticator_config_raw
FN:554,_RNvMs_NtCs3gtsZE436XL_4kaji6clientNtB4_14KeycloakClient34get_authenticator_configs_internal
FN:633,_RNvMs_NtCs3gtsZE436XL_4kaji6clientNtB4_14KeycloakClient41create_authenticator_config_for_execution
FN:549,_RNvMs_NtCs3gtsZE436XL_4kaji6clientNtB4_14KeycloakClient8get_keys
FN:495,_RNvNtCs3gtsZE436XL_4kaji6client10redact_url
FN:703,_RNvNtCs3gtsZE436XL_4kaji6client7is_uuid
FN:762,_RNvXsa_NtCs3gtsZE436XL_4kaji6clientNtNtB7_6models33AuthenticatorConfigRepresentationNtB5_23KeycloakResourceMapping9fetch_all
FN:783,_RNvXsb_NtCs3gtsZE436XL_4kaji6clientNtNtB7_6models32AuthenticationFlowRepresentationNtB5_23KeycloakResourceMapping8pre_save
FN:769,_RNvXsb_NtCs3gtsZE436XL_4kaji6clientNtNtB7_6models32AuthenticationFlowRepresentationNtB5_23KeycloakResourceMapping9fetch_all
FN:719,_RNvYNtNtCs3gtsZE436XL_4kaji6models18RoleRepresentationNtNtB6_6client23KeycloakResourceMapping8pre_saveB6_
FN:714,_RNvYNtNtCs3gtsZE436XL_4kaji6models18RoleRepresentationNtNtB6_6client23KeycloakResourceMapping9fetch_allB6_
FN:719,_RNvYNtNtCs3gtsZE436XL_4kaji6models18UserRepresentationNtNtB6_6client23KeycloakResourceMapping8pre_saveB6_
FN:714,_RNvYNtNtCs3gtsZE436XL_4kaji6models18UserRepresentationNtNtB6_6client23KeycloakResourceMapping9fetch_allB6_
FN:719,_RNvYNtNtCs3gtsZE436XL_4kaji6models19GroupRepresentationNtNtB6_6client23KeycloakResourceMapping8pre_saveB6_
FN:714,_RNvYNtNtCs3gtsZE436XL_4kaji6models19GroupRepresentationNtNtB6_6client23KeycloakResourceMapping9fetch_allB6_
FN:719,_RNvYNtNtCs3gtsZE436XL_4kaji6models19RealmRepresentationNtNtB6_6client23KeycloakResourceMapping8pre_saveB6_
FN:714,_RNvYNtNtCs3gtsZE436XL_4kaji6models19RealmRepresentationNtNtB6_6client23KeycloakResourceMapping9fetch_allB6_
FN:719,_RNvYNtNtCs3gtsZE436XL_4kaji6models20ClientRepresentationNtNtB6_6client23KeycloakResourceMapping8pre_saveB6_
FN:714,_RNvYNtNtCs3gtsZE436XL_4kaji6models20ClientRepresentationNtNtB6_6client23KeycloakResourceMapping9fetch_allB6_
FN:719,_RNvYNtNtCs3gtsZE436XL_4kaji6models23ComponentRepresentationNtNtB6_6client23KeycloakResourceMapping8pre_saveB6_
FN:714,_RNvYNtNtCs3gtsZE436XL_4kaji6models23ComponentRepresentationNtNtB6_6client23KeycloakResourceMapping9fetch_allB6_
FN:719,_RNvYNtNtCs3gtsZE436XL_4kaji6models25ClientScopeRepresentationNtNtB6_6client23KeycloakResourceMapping8pre_saveB6_
FN:714,_RNvYNtNtCs3gtsZE436XL_4kaji6models25ClientScopeRepresentationNtNtB6_6client23KeycloakResourceMapping9fetch_allB6_
FN:719,_RNvYNtNtCs3gtsZE436XL_4kaji6models30IdentityProviderRepresentationNtNtB6_6client23KeycloakResourceMapping8pre_saveB6_
FN:714,_RNvYNtNtCs3gtsZE436XL_4kaji6models30IdentityProviderRepresentationNtNtB6_6client23KeycloakResourceMapping9fetch_allB6_
FN:719,_RNvYNtNtCs3gtsZE436XL_4kaji6models33AuthenticatorConfigRepresentationNtNtB6_6client23KeycloakResourceMapping8pre_saveB6_
FN:719,_RNvYNtNtCs3gtsZE436XL_4kaji6models36RequiredActionProviderRepresentationNtNtB6_6client23KeycloakResourceMapping8pre_saveB6_
FN:714,_RNvYNtNtCs3gtsZE436XL_4kaji6models36RequiredActionProviderRepresentationNtNtB6_6client23KeycloakResourceMapping9fetch_allB6_
FN:80,_RINvMNtCs3gtsZE436XL_4kaji6clientNtB3_14KeycloakClient10object_urlNtNtB5_6models18RoleRepresentationEB5_
FN:80,_RINvMNtCs3gtsZE436XL_4kaji6clientNtB3_14KeycloakClient10object_urlNtNtB5_6models18UserRepresentationEB5_
FN:80,_RINvMNtCs3gtsZE436XL_4kaji6clientNtB3_14KeycloakClient10object_urlNtNtB5_6models19GroupRepresentationEB5_
FN:80,_RINvMNtCs3gtsZE436XL_4kaji6clientNtB3_14KeycloakClient10object_urlNtNtB5_6models19RealmRepresentationEB5_
FN:80,_RINvMNtCs3gtsZE436XL_4kaji6clientNtB3_14KeycloakClient10object_urlNtNtB5_6models20ClientRepresentationEB5_
FN:80,_RINvMNtCs3gtsZE436XL_4kaji6clientNtB3_14KeycloakClient10object_urlNtNtB5_6models23ComponentRepresentationEB5_
FN:80,_RINvMNtCs3gtsZE436XL_4kaji6clientNtB3_14KeycloakClient10object_urlNtNtB5_6models25ClientScopeRepresentationEB5_
FN:80,_RINvMNtCs3gtsZE436XL_4kaji6clientNtB3_14KeycloakClient10object_urlNtNtB5_6models30IdentityProviderRepresentationEB5_
FN:80,_RINvMNtCs3gtsZE436XL_4kaji6clientNtB3_14KeycloakClient10object_urlNtNtB5_6models32AuthenticationFlowRepresentationEB5_
FN:80,_RINvMNtCs3gtsZE436XL_4kaji6clientNtB3_14KeycloakClient10object_urlNtNtB5_6models33AuthenticatorConfigRepresentationEB5_
FN:80,_RINvMNtCs3gtsZE436XL_4kaji6clientNtB3_14KeycloakClient10object_urlNtNtB5_6models36RequiredActionProviderRepresentationEB5_
FN:96,_RINvMNtCs3gtsZE436XL_4kaji6clientNtB3_14KeycloakClient12get_resourceNtNtB5_6models18RoleRepresentationEB5_
FN:96,_RINvMNtCs3gtsZE436XL_4kaji6clientNtB3_14KeycloakClient12get_resourceNtNtB5_6models18UserRepresentationEB5_
FN:96,_RINvMNtCs3gtsZE436XL_4kaji6clientNtB3_14KeycloakClient12get_resourceNtNtB5_6models19GroupRepresentationEB5_
FN:96,_RINvMNtCs3gtsZE436XL_4kaji6clientNtB3_14KeycloakClient12get_resourceNtNtB5_6models19RealmRepresentationEB5_
FN:96,_RINvMNtCs3gtsZE436XL_4kaji6clientNtB3_14KeycloakClient12get_resourceNtNtB5_6models20ClientRepresentationEB5_
FN:96,_RINvMNtCs3gtsZE436XL_4kaji6clientNtB3_14KeycloakClient12get_resourceNtNtB5_6models23ComponentRepresentationEB5_
FN:96,_RINvMNtCs3gtsZE436XL_4kaji6clientNtB3_14KeycloakClient12get_resourceNtNtB5_6models25ClientScopeRepresentationEB5_
FN:96,_RINvMNtCs3gtsZE436XL_4kaji6clientNtB3_14KeycloakClient12get_resourceNtNtB5_6models30IdentityProviderRepresentationEB5_
FN:96,_RINvMNtCs3gtsZE436XL_4kaji6clientNtB3_14KeycloakClient12get_resourceNtNtB5_6models32AuthenticationFlowRepresentationEB5_
FN:96,_RINvMNtCs3gtsZE436XL_4kaji6clientNtB3_14KeycloakClient12get_resourceNtNtB5_6models33AuthenticatorConfigRepresentationEB5_
FN:96,_RINvMNtCs3gtsZE436XL_4kaji6clientNtB3_14KeycloakClient12get_resourceNtNtB5_6models36RequiredActionProviderRepresentationEB5_
FN:72,_RINvMNtCs3gtsZE436XL_4kaji6clientNtB3_14KeycloakClient12resource_urlNtNtB5_6models18RoleRepresentationEB5_
[...]
FN:48,_RNCNvNtNtCs3gtsZE436XL_4kaji5utils4yaml15is_overlay_file0B7_
FN:90,_RNCNvNtNtCs3gtsZE436XL_4kaji5utils4yaml15is_overlay_files_0B7_
FN:19,_RNCNvNtNtCs3gtsZE436XL_4kaji5utils4yaml22load_yaml_with_overlay0B7_
FN:7,_RNvNtNtCs3gtsZE436XL_4kaji5utils4yaml10deep_merge
FN:47,_RNvNtNtCs3gtsZE436XL_4kaji5utils4yaml15is_overlay_file
FN:19,_RNvNtNtCs3gtsZE436XL_4kaji5utils4yaml22load_yaml_with_overlay
FNDA:0,_RNCNCNvNtNtCs3gtsZE436XL_4kaji5utils4yaml22load_yaml_with_overlay00B9_
FNDA:0,_RNCNCNvNtNtCs3gtsZE436XL_4kaji5utils4yaml22load_yaml_with_overlay0s0_0B9_
FNDA:0,_RNCNCNvNtNtCs3gtsZE436XL_4kaji5utils4yaml22load_yaml_with_overlay0s1_0B9_
FNDA:0,_RNCNCNvNtNtCs3gtsZE436XL_4kaji5utils4yaml22load_yaml_with_overlay0s2_0B9_
FNDA:0,_RNCNCNvNtNtCs3gtsZE436XL_4kaji5utils4yaml22load_yaml_with_overlay0s3_0B9_
FNDA:0,_RNCNCNvNtNtCs3gtsZE436XL_4kaji5utils4yaml22load_yaml_with_overlay0s_0B9_
FNDA:0,_RNCNvNtNtCs3gtsZE436XL_4kaji5utils4yaml15is_overlay_file0B7_
FNDA:0,_RNCNvNtNtCs3gtsZE436XL_4kaji5utils4yaml15is_overlay_files_0B7_
FNDA:0,_RNCNvNtNtCs3gtsZE436XL_4kaji5utils4yaml22load_yaml_with_overlay0B7_
FNDA:0,_RNvNtNtCs3gtsZE436XL_4kaji5utils4yaml10deep_merge
FNDA:0,_RNvNtNtCs3gtsZE436XL_4kaji5utils4yaml15is_overlay_file
FNDA:0,_RNvNtNtCs3gtsZE436XL_4kaji5utils4yaml22load_yaml_with_overlay
FNF:12
FNH:0
DA:7,0
DA:8,0
DA:9,0
DA:10,0
DA:11,0
DA:12,0
DA:14,0
DA:16,0
DA:19,0
DA:20,0
DA:21,0
DA:22,0
DA:24,0
DA:25,0
DA:27,0
DA:28,0
DA:29,0
DA:31,0
DA:32,0
DA:33,0
DA:34,0
DA:35,0
DA:36,0
DA:37,0
DA:38,0
DA:39,0
DA:40,0
DA:41,0
DA:43,0
DA:44,0
DA:47,0
DA:48,0
DA:49,0
DA:50,0
DA:51,0
DA:52,0
DA:55,0
DA:56,0
DA:57,0
DA:59,0
DA:60,0
DA:64,0
DA:65,0
DA:66,0
DA:69,0
DA:70,0
DA:71,0
DA:75,0
DA:76,0
DA:77,0
DA:78,0
DA:79,0
DA:80,0
DA:81,0
DA:82,0
DA:83,0
DA:84,0
DA:85,0
DA:86,0
DA:90,0
DA:91,0
DA:92,0
DA:93,0
DA:94,0
DA:95,0
DA:96,0
DA:97,0
DA:98,0
DA:100,0
DA:101,0
DA:102,0
DA:104,0
DA:105,0
DA:108,0
DA:109,0
DA:110,0
DA:111,0
DA:112,0
DA:113,0
DA:114,0
DA:115,0
DA:116,0
DA:117,0
DA:118,0
DA:119,0
DA:120,0
DA:121,0
DA:122,0
DA:123,0
DA:124,0
DA:125,0
BRF:0
BRH:0
LF:101
LH:0
end_of_record
SF:/app/src/validate.rs
FN:162,_RNvNtCs3gtsZE436XL_4kaji8validate13validate_idps
FN:291,_RNvNtCs3gtsZE436XL_4kaji8validate14validate_realm
FN:127,_RNvNtCs3gtsZE436XL_4kaji8validate14validate_roles
FN:213,_RNvNtCs3gtsZE436XL_4kaji8validate14validate_users
FN:198,_RNvNtCs3gtsZE436XL_4kaji8validate15validate_groups
FN:147,_RNvNtCs3gtsZE436XL_4kaji8validate16validate_clients
FN:104,_RNvNtCs3gtsZE436XL_4kaji8validate21validate_realm_config
FN:183,_RNvNtCs3gtsZE436XL_4kaji8validate22validate_client_scopes
FN:248,_RNvNtCs3gtsZE436XL_4kaji8validate25validate_required_actions
FN:338,_RNvNtCs3gtsZE436XL_4kaji8validate26validate_components_in_dir
FN:228,_RNvNtCs3gtsZE436XL_4kaji8validate29validate_authentication_flows
FN:271,_RNvNtCs3gtsZE436XL_4kaji8validate30validate_authenticator_configs
FN:52,_RNvNtCs3gtsZE436XL_4kaji8validate3run
FN:16,_RINvNtCs3gtsZE436XL_4kaji8validate15read_yaml_filesNtNtB4_6models18RoleRepresentationEB4_
FN:16,_RINvNtCs3gtsZE436XL_4kaji8validate15read_yaml_filesNtNtB4_6models18UserRepresentationEB4_
FN:16,_RINvNtCs3gtsZE436XL_4kaji8validate15read_yaml_filesNtNtB4_6models19GroupRepresentationEB4_
FN:16,_RINvNtCs3gtsZE436XL_4kaji8validate15read_yaml_filesNtNtB4_6models20ClientRepresentationEB4_
FN:16,_RINvNtCs3gtsZE436XL_4kaji8validate15read_yaml_filesNtNtB4_6models23ComponentRepresentationEB4_
FN:16,_RINvNtCs3gtsZE436XL_4kaji8validate15read_yaml_filesNtNtB4_6models25ClientScopeRepresentationEB4_
FN:16,_RINvNtCs3gtsZE436XL_4kaji8validate15read_yaml_filesNtNtB4_6models30IdentityProviderRepresentationEB4_
FN:16,_RINvNtCs3gtsZE436XL_4kaji8validate15read_yaml_filesNtNtB4_6models32AuthenticationFlowRepresentationEB4_
FN:16,_RINvNtCs3gtsZE436XL_4kaji8validate15read_yaml_filesNtNtB4_6models33AuthenticatorConfigRepresentationEB4_
FN:16,_RINvNtCs3gtsZE436XL_4kaji8validate15read_yaml_filesNtNtB4_6models36RequiredActionProviderRepresentationEB4_
FN:19,_RNCINvNtCs3gtsZE436XL_4kaji8validate15read_yaml_filesNtNtB6_6models18RoleRepresentationE0B6_
FN:19,_RNCINvNtCs3gtsZE436XL_4kaji8validate15read_yaml_filesNtNtB6_6models18UserRepresentationE0B6_
FN:19,_RNCINvNtCs3gtsZE436XL_4kaji8validate15read_yaml_filesNtNtB6_6models19GroupRepresentationE0B6_
FN:19,_RNCINvNtCs3gtsZE436XL_4kaji8validate15read_yaml_filesNtNtB6_6models20ClientRepresentationE0B6_
FN:19,_RNCINvNtCs3gtsZE436XL_4kaji8validate15read_yaml_filesNtNtB6_6models23ComponentRepresentationE0B6_
FN:19,_RNCINvNtCs3gtsZE436XL_4kaji8validate15read_yaml_filesNtNtB6_6models25ClientScopeRepresentationE0B6_
FN:19,_RNCINvNtCs3gtsZE436XL_4kaji8validate15read_yaml_filesNtNtB6_6models30IdentityProviderRepresentationE0B6_
FN:19,_RNCINvNtCs3gtsZE436XL_4kaji8validate15read_yaml_filesNtNtB6_6models32AuthenticationFlowRepresentationE0B6_
FN:19,_RNCINvNtCs3gtsZE436XL_4kaji8validate15read_yaml_filesNtNtB6_6models33AuthenticatorConfigRepresentationE0B6_
FN:19,_RNCINvNtCs3gtsZE436XL_4kaji8validate15read_yaml_filesNtNtB6_6models36RequiredActionProviderRepresentationE0B6_
FN:28,_RNCNCINvNtCs3gtsZE436XL_4kaji8validate15read_yaml_filesNtNtB8_6models18RoleRepresentationE00B8_
FN:30,_RNCNCINvNtCs3gtsZE436XL_4kaji8validate15read_yaml_filesNtNtB8_6models18RoleRepresentationE0s_0B8_
FN:28,_RNCNCINvNtCs3gtsZE436XL_4kaji8validate15read_yaml_filesNtNtB8_6models18UserRepresentationE00B8_
FN:30,_RNCNCINvNtCs3gtsZE436XL_4kaji8validate15read_yaml_filesNtNtB8_6models18UserRepresentationE0s_0B8_
FN:28,_RNCNCINvNtCs3gtsZE436XL_4kaji8validate15read_yaml_filesNtNtB8_6models19GroupRepresentationE00B8_
FN:30,_RNCNCINvNtCs3gtsZE436XL_4kaji8validate15read_yaml_filesNtNtB8_6models19GroupRepresentationE0s_0B8_
FN:28,_RNCNCINvNtCs3gtsZE436XL_4kaji8validate15read_yaml_filesNtNtB8_6models20ClientRepresentationE00B8_
FN:30,_RNCNCINvNtCs3gtsZE436XL_4kaji8validate15read_yaml_filesNtNtB8_6models20ClientRepresentationE0s_0B8_
FN:28,_RNCNCINvNtCs3gtsZE436XL_4kaji8validate15read_yaml_filesNtNtB8_6models23ComponentRepresentationE00B8_
FN:30,_RNCNCINvNtCs3gtsZE436XL_4kaji8validate15read_yaml_filesNtNtB8_6models23ComponentRepresentationE0s_0B8_
FN:28,_RNCNCINvNtCs3gtsZE436XL_4kaji8validate15read_yaml_filesNtNtB8_6models25ClientScopeRepresentationE00B8_
FN:30,_RNCNCINvNtCs3gtsZE436XL_4kaji8validate15read_yaml_filesNtNtB8_6models25ClientScopeRepresentationE0s_0B8_
FN:28,_RNCNCINvNtCs3gtsZE436XL_4kaji8validate15read_yaml_filesNtNtB8_6models30IdentityProviderRepresentationE00B8_
FN:30,_RNCNCINvNtCs3gtsZE436XL_4kaji8validate15read_yaml_filesNtNtB8_6models30IdentityProviderRepresentationE0s_0B8_
FN:28,_RNCNCINvNtCs3gtsZE436XL_4kaji8validate15read_yaml_filesNtNtB8_6models32AuthenticationFlowRepresentationE00B8_
FN:30,_RNCNCINvNtCs3gtsZE436XL_4kaji8validate15read_yaml_filesNtNtB8_6models32AuthenticationFlowRepresentationE0s_0B8_
FN:28,_RNCNCINvNtCs3gtsZE436XL_4kaji8validate15read_yaml_filesNtNtB8_6models33AuthenticatorConfigRepresentationE00B8_
FN:30,_RNCNCINvNtCs3gtsZE436XL_4kaji8validate15read_yaml_filesNtNtB8_6models33AuthenticatorConfigRepresentationE0s_0B8_
FN:28,_RNCNCINvNtCs3gtsZE436XL_4kaji8validate15read_yaml_filesNtNtB8_6models36RequiredActionProviderRepresentationE00B8_
FN:30,_RNCNCINvNtCs3gtsZE436XL_4kaji8validate15read_yaml_filesNtNtB8_6models36RequiredActionProviderRepresentationE0s_0B8_
FN:33,_RNCNCNCINvNtCs3gtsZE436XL_4kaji8validate15read_yaml_filesNtNtBa_6models18RoleRepresentationE0s_00Ba_
FN:35,_RNCNCNCINvNtCs3gtsZE436XL_4kaji8validate15read_yaml_filesNtNtBa_6models18RoleRepresentationE0s_0s_0Ba_
FN:33,_RNCNCNCINvNtCs3gtsZE436XL_4kaji8validate15read_yaml_filesNtNtBa_6models18UserRepresentationE0s_00Ba_
FN:35,_RNCNCNCINvNtCs3gtsZE436XL_4kaji8validate15read_yaml_filesNtNtBa_6models18UserRepresentationE0s_0s_0Ba_
FN:33,_RNCNCNCINvNtCs3gtsZE436XL_4kaji8validate15read_yaml_filesNtNtBa_6models19GroupRepresentationE0s_00Ba_
FN:35,_RNCNCNCINvNtCs3gtsZE436XL_4kaji8validate15read_yaml_filesNtNtBa_6models19GroupRepresentationE0s_0s_0Ba_
FN:33,_RNCNCNCINvNtCs3gtsZE436XL_4kaji8validate15read_yaml_filesNtNtBa_6models20ClientRepresentationE0s_00Ba_
FN:35,_RNCNCNCINvNtCs3gtsZE436XL_4kaji8validate15read_yaml_filesNtNtBa_6models20ClientRepresentationE0s_0s_0Ba_
FN:33,_RNCNCNCINvNtCs3gtsZE436XL_4kaji8validate15read_yaml_filesNtNtBa_6models23ComponentRepresentationE0s_00Ba_
FN:35,_RNCNCNCINvNtCs3gtsZE436XL_4kaji8validate15read_yaml_filesNtNtBa_6models23ComponentRepresentationE0s_0s_0Ba_
FN:33,_RNCNCNCINvNtCs3gtsZE436XL_4kaji8validate15read_yaml_filesNtNtBa_6models25ClientScopeRepresentationE0s_00Ba_
FN:35,_RNCNCNCINvNtCs3gtsZE436XL_4kaji8validate15read_yaml_filesNtNtBa_6models25ClientScopeRepresentationE0s_0s_0Ba_
FN:33,_RNCNCNCINvNtCs3gtsZE436XL_4kaji8validate15read_yaml_filesNtNtBa_6models30IdentityProviderRepresentationE0s_00Ba_
FN:35,_RNCNCNCINvNtCs3gtsZE436XL_4kaji8validate15read_yaml_filesNtNtBa_6models30IdentityProviderRepresentationE0s_0s_0Ba_
FN:33,_RNCNCNCINvNtCs3gtsZE436XL_4kaji8validate15read_yaml_filesNtNtBa_6models32AuthenticationFlowRepresentationE0s_00Ba_
FN:35,_RNCNCNCINvNtCs3gtsZE436XL_4kaji8validate15read_yaml_filesNtNtBa_6models32AuthenticationFlowRepresentationE0s_0s_0Ba_
FN:33,_RNCNCNCINvNtCs3gtsZE436XL_4kaji8validate15read_yaml_filesNtNtBa_6models33AuthenticatorConfigRepresentationE0s_00Ba_
FN:35,_RNCNCNCINvNtCs3gtsZE436XL_4kaji8validate15read_yaml_filesNtNtBa_6models33AuthenticatorConfigRepresentationE0s_0s_0Ba_
FN:33,_RNCNCNCINvNtCs3gtsZE436XL_4kaji8validate15read_yaml_filesNtNtBa_6models36RequiredActionProviderRepresentationE0s_00Ba_
FN:35,_RNCNCNCINvNtCs3gtsZE436XL_4kaji8validate15read_yaml_filesNtNtBa_6models36RequiredActionProviderRepresentationE0s_0s_0Ba_
FN:291,_RNCNvNtCs3gtsZE436XL_4kaji8validate14validate_realm0B5_
FN:104,_RNCNvNtCs3gtsZE436XL_4kaji8validate21validate_realm_config0B5_
FN:338,_RNCNvNtCs3gtsZE436XL_4kaji8validate26validate_components_in_dir0B5_
FN:52,_RNCNvNtCs3gtsZE436XL_4kaji8validate3run0B5_
FNDA:0,_RNvNtCs3gtsZE436XL_4kaji8validate13validate_idps
FNDA:0,_RNvNtCs3gtsZE436XL_4kaji8validate14validate_realm
FNDA:0,_RNvNtCs3gtsZE436XL_4kaji8validate14validate_roles
FNDA:0,_RNvNtCs3gtsZE436XL_4kaji8validate14validate_users
FNDA:0,_RNvNtCs3gtsZE436XL_4kaji8validate15validate_groups
FNDA:0,_RNvNtCs3gtsZE436XL_4kaji8validate16validate_clients
FNDA:0,_RNvNtCs3gtsZE436XL_4kaji8validate21validate_realm_config
FNDA:0,_RNvNtCs3gtsZE436XL_4kaji8validate22validate_client_scopes
FNDA:0,_RNvNtCs3gtsZE436XL_4kaji8validate25validate_required_actions
FNDA:0,_RNvNtCs3gtsZE436XL_4kaji8validate26validate_components_in_dir
FNDA:0,_RNvNtCs3gtsZE436XL_4kaji8validate29validate_authentication_flows
FNDA:0,_RNvNtCs3gtsZE436XL_4kaji8validate30validate_authenticator_configs
FNDA:0,_RNvNtCs3gtsZE436XL_4kaji8validate3run
FNDA:0,_RINvNtCs3gtsZE436XL_4kaji8validate15read_yaml_filesNtNtB4_6models18RoleRepresentationEB4_
FNDA:0,_RINvNtCs3gtsZE436XL_4kaji8validate15read_yaml_filesNtNtB4_6models18UserRepresentationEB4_
FNDA:0,_RINvNtCs3gtsZE436XL_4kaji8validate15read_yaml_filesNtNtB4_6models19GroupRepresentationEB4_
FNDA:0,_RINvNtCs3gtsZE436XL_4kaji8validate15read_yaml_filesNtNtB4_6models20ClientRepresentationEB4_
FNDA:0,_RINvNtCs3gtsZE436XL_4kaji8validate15read_yaml_filesNtNtB4_6models23ComponentRepresentationEB4_
FNDA:0,_RINvNtCs3gtsZE436XL_4kaji8validate15read_yaml_filesNtNtB4_6models25ClientScopeRepresentationEB4_
FNDA:0,_RINvNtCs3gtsZE436XL_4kaji8validate15read_yaml_filesNtNtB4_6models30IdentityProviderRepresentationEB4_
FNDA:0,_RINvNtCs3gtsZE436XL_4kaji8validate15read_yaml_filesNtNtB4_6models32AuthenticationFlowRepresentationEB4_
FNDA:0,_RINvNtCs3gtsZE436XL_4kaji8validate15read_yaml_filesNtNtB4_6models33AuthenticatorConfigRepresentationEB4_
FNDA:0,_RINvNtCs3gtsZE436XL_4kaji8validate15read_yaml_filesNtNtB4_6models36RequiredActionProviderRepresentationEB4_
FNDA:0,_RNCINvNtCs3gtsZE436XL_4kaji8validate15read_yaml_filesNtNtB6_6models18RoleRepresentationE0B6_
FNDA:0,_RNCINvNtCs3gtsZE436XL_4kaji8validate15read_yaml_filesNtNtB6_6models18UserRepresentationE0B6_
FNDA:0,_RNCINvNtCs3gtsZE436XL_4kaji8validate15read_yaml_filesNtNtB6_6models19GroupRepresentationE0B6_
FNDA:0,_RNCINvNtCs3gtsZE436XL_4kaji8validate15read_yaml_filesNtNtB6_6models20ClientRepresentationE0B6_
FNDA:0,_RNCINvNtCs3gtsZE436XL_4kaji8validate15read_yaml_filesNtNtB6_6models23ComponentRepresentationE0B6_
FNDA:0,_RNCINvNtCs3gtsZE436XL_4kaji8validate15read_yaml_filesNtNtB6_6models25ClientScopeRepresentationE0B6_
FNDA:0,_RNCINvNtCs3gtsZE436XL_4kaji8validate15read_yaml_filesNtNtB6_6models30IdentityProviderRepresentationE0B6_
FNDA:0,_RNCINvNtCs3gtsZE436XL_4kaji8validate15read_yaml_filesNtNtB6_6models32AuthenticationFlowRepresentationE0B6_
FNDA:0,_RNCINvNtCs3gtsZE436XL_4kaji8validate15read_yaml_filesNtNtB6_6models33AuthenticatorConfigRepresentationE0B6_
FNDA:0,_RNCINvNtCs3gtsZE436XL_4kaji8validate15read_yaml_filesNtNtB6_6models36RequiredActionProviderRepresentationE0B6_
FNDA:0,_RNCNCINvNtCs3gtsZE436XL_4kaji8validate15read_yaml_filesNtNtB8_6models18RoleRepresentationE00B8_
FNDA:0,_RNCNCINvNtCs3gtsZE436XL_4kaji8validate15read_yaml_filesNtNtB8_6models18RoleRepresentationE0s_0B8_
FNDA:0,_RNCNCINvNtCs3gtsZE436XL_4kaji8validate15read_yaml_filesNtNtB8_6models18UserRepresentationE00B8_
FNDA:0,_RNCNCINvNtCs3gtsZE436XL_4kaji8validate15read_yaml_filesNtNtB8_6models18UserRepresentationE0s_0B8_
FNDA:0,_RNCNCINvNtCs3gtsZE436XL_4kaji8validate15read_yaml_filesNtNtB8_6models19GroupRepresentationE00B8_
FNDA:0,_RNCNCINvNtCs3gtsZE436XL_4kaji8validate15read_yaml_filesNtNtB8_6models19GroupRepresentationE0s_0B8_
FNDA:0,_RNCNCINvNtCs3gtsZE436XL_4kaji8validate15read_yaml_filesNtNtB8_6models20ClientRepresentationE00B8_
FNDA:0,_RNCNCINvNtCs3gtsZE436XL_4kaji8validate15read_yaml_filesNtNtB8_6models20ClientRepresentationE0s_0B8_
FNDA:0,_RNCNCINvNtCs3gtsZE436XL_4kaji8validate15read_yaml_filesNtNtB8_6models23ComponentRepresentationE00B8_
FNDA:0,_RNCNCINvNtCs3gtsZE436XL_4kaji8validate15read_yaml_filesNtNtB8_6models23ComponentRepresentationE0s_0B8_
FNDA:0,_RNCNCINvNtCs3gtsZE436XL_4kaji8validate15read_yaml_filesNtNtB8_6models25ClientScopeRepresentationE00B8_
FNDA:0,_RNCNCINvNtCs3gtsZE436XL_4kaji8validate15read_yaml_filesNtNtB8_6models25ClientScopeRepresentationE0s_0B8_
FNDA:0,_RNCNCINvNtCs3gtsZE436XL_4kaji8validate15read_yaml_filesNtNtB8_6models30IdentityProviderRepresentationE00B8_
FNDA:0,_RNCNCINvNtCs3gtsZE436XL_4kaji8validate15read_yaml_filesNtNtB8_6models30IdentityProviderRepresentationE0s_0B8_
FNDA:0,_RNCNCINvNtCs3gtsZE436XL_4kaji8validate15read_yaml_filesNtNtB8_6models32AuthenticationFlowRepresentationE00B8_
FNDA:0,_RNCNCINvNtCs3gtsZE436XL_4kaji8validate15read_yaml_filesNtNtB8_6models32AuthenticationFlowRepresentationE0s_0B8_
FNDA:0,_RNCNCINvNtCs3gtsZE436XL_4kaji8validate15read_yaml_filesNtNtB8_6models33AuthenticatorConfigRepresentationE00B8_
FNDA:0,_RNCNCINvNtCs3gtsZE436XL_4kaji8validate15read_yaml_filesNtNtB8_6models33AuthenticatorConfigRepresentationE0s_0B8_
FNDA:0,_RNCNCINvNtCs3gtsZE436XL_4kaji8validate15read_yaml_filesNtNtB8_6models36RequiredActionProviderRepresentationE00B8_
FNDA:0,_RNCNCINvNtCs3gtsZE436XL_4kaji8validate15read_yaml_filesNtNtB8_6models36RequiredActionProviderRepresentationE0s_0B8_
FNDA:0,_RNCNCNCINvNtCs3gtsZE436XL_4kaji8validate15read_yaml_filesNtNtBa_6models18RoleRepresentationE0s_00Ba_
FNDA:0,_RNCNCNCINvNtCs3gtsZE436XL_4kaji8validate15read_yaml_filesNtNtBa_6models18RoleRepresentationE0s_0s_0Ba_
FNDA:0,_RNCNCNCINvNtCs3gtsZE436XL_4kaji8validate15read_yaml_filesNtNtBa_6models18UserRepresentationE0s_00Ba_
FNDA:0,_RNCNCNCINvNtCs3gtsZE436XL_4kaji8validate15read_yaml_filesNtNtBa_6models18UserRepresentationE0s_0s_0Ba_
FNDA:0,_RNCNCNCINvNtCs3gtsZE436XL_4kaji8validate15read_yaml_filesNtNtBa_6models19GroupRepresentationE0s_00Ba_
FNDA:0,_RNCNCNCINvNtCs3gtsZE436XL_4kaji8validate15read_yaml_filesNtNtBa_6models19GroupRepresentationE0s_0s_0Ba_
FNDA:0,_RNCNCNCINvNtCs3gtsZE436XL_4kaji8validate15read_yaml_filesNtNtBa_6models20ClientRepresentationE0s_00Ba_
FNDA:0,_RNCNCNCINvNtCs3gtsZE436XL_4kaji8validate15read_yaml_filesNtNtBa_6models20ClientRepresentationE0s_0s_0Ba_
FNDA:0,_RNCNCNCINvNtCs3gtsZE436XL_4kaji8validate15read_yaml_filesNtNtBa_6models23ComponentRepresentationE0s_00Ba_
FNDA:0,_RNCNCNCINvNtCs3gtsZE436XL_4kaji8validate15read_yaml_filesNtNtBa_6models23ComponentRepresentationE0s_0s_0Ba_
FNDA:0,_RNCNCNCINvNtCs3gtsZE436XL_4kaji8validate15read_yaml_filesNtNtBa_6models25ClientScopeRepresentationE0s_00Ba_
FNDA:0,_RNCNCNCINvNtCs3gtsZE436XL_4kaji8validate15read_yaml_filesNtNtBa_6models25ClientScopeRepresentationE0s_0s_0Ba_
FNDA:0,_RNCNCNCINvNtCs3gtsZE436XL_4kaji8validate15read_yaml_filesNtNtBa_6models30IdentityProviderRepresentationE0s_00Ba_
FNDA:0,_RNCNCNCINvNtCs3gtsZE436XL_4kaji8validate15read_yaml_filesNtNtBa_6models30IdentityProviderRepresentationE0s_0s_0Ba_
FNDA:0,_RNCNCNCINvNtCs3gtsZE436XL_4kaji8validate15read_yaml_filesNtNtBa_6models32AuthenticationFlowRepresentationE0s_00Ba_
FNDA:0,_RNCNCNCINvNtCs3gtsZE436XL_4kaji8validate15read_yaml_filesNtNtBa_6models32AuthenticationFlowRepresentationE0s_0s_0Ba_
FNDA:0,_RNCNCNCINvNtCs3gtsZE436XL_4kaji8validate15read_yaml_filesNtNtBa_6models33AuthenticatorConfigRepresentationE0s_00Ba_
FNDA:0,_RNCNCNCINvNtCs3gtsZE436XL_4kaji8validate15read_yaml_filesNtNtBa_6models33AuthenticatorConfigRepresentationE0s_0s_0Ba_
FNDA:0,_RNCNCNCINvNtCs3gtsZE436XL_4kaji8validate15read_yaml_filesNtNtBa_6models36RequiredActionProviderRepresentationE0s_00Ba_
FNDA:0,_RNCNCNCINvNtCs3gtsZE436XL_4kaji8validate15read_yaml_filesNtNtBa_6models36RequiredActionProviderRepresentationE0s_0s_0Ba_
FNDA:0,_RNCNvNtCs3gtsZE436XL_4kaji8validate14validate_realm0B5_
FNDA:0,_RNCNvNtCs3gtsZE436XL_4kaji8validate21validate_realm_config0B5_
FNDA:0,_RNCNvNtCs3gtsZE436XL_4kaji8validate26validate_components_in_dir0B5_
FNDA:0,_RNCNvNtCs3gtsZE436XL_4kaji8validate3run0B5_
FNF:23
FNH:0
DA:16,0
DA:17,0
DA:18,0
DA:19,0
DA:20,0
DA:21,0
DA:22,0
DA:23,0
DA:24,0
DA:26,0
DA:27,0
DA:28,0
DA:29,0
DA:30,0
DA:31,0
DA:32,0
DA:33,0
DA:34,0
DA:35,0
DA:36,0
DA:37,0
DA:38,0
DA:41,0
DA:42,0
DA:44,0
DA:45,0
DA:46,0
DA:52,0
DA:53,0
DA:54,0
DA:55,0
DA:57,0
DA:58,0
DA:59,0
DA:60,0
DA:61,0
DA:62,0
DA:63,0
DA:65,0
DA:67,0
DA:70,0
DA:71,0
DA:73,0
DA:74,0
DA:78,0
DA:80,0
DA:81,0
DA:83,0
DA:84,0
DA:86,0
DA:87,0
DA:88,0
DA:89,0
DA:91,0
DA:92,0
DA:93,0
DA:95,0
DA:96,0
DA:97,0
DA:98,0
DA:101,0
DA:102,0
DA:104,0
DA:105,0
DA:106,0
DA:107,0
DA:108,0
DA:109,0
DA:110,0
DA:111,0
DA:112,0
DA:113,0
DA:115,0
DA:116,0
DA:117,0
DA:118,0
DA:120,0
DA:121,0
DA:122,0
DA:124,0
DA:125,0
DA:127,0
DA:128,0
DA:129,0
DA:130,0
DA:131,0
DA:132,0
DA:133,0
DA:134,0
DA:135,0
DA:136,0
DA:138,0
DA:140,0
DA:141,0
DA:142,0
DA:144,0
DA:145,0
DA:147,0
DA:148,0
DA:149,0
DA:150,0
DA:151,0
DA:153,0
DA:155,0
DA:156,0
DA:157,0
DA:159,0
DA:160,0
DA:162,0
DA:163,0
DA:164,0
DA:165,0
DA:166,0
DA:167,0
DA:168,0
DA:172,0
DA:174,0
DA:176,0
DA:177,0
DA:178,0
DA:180,0
DA:181,0
DA:183,0
DA:184,0
DA:185,0
DA:186,0
DA:187,0
DA:189,0
DA:191,0
DA:192,0
DA:193,0
DA:195,0
DA:196,0
DA:198,0
DA:199,0
DA:200,0
DA:201,0
DA:202,0
DA:204,0
DA:206,0
DA:207,0
DA:208,0
DA:210,0
DA:211,0
DA:213,0
DA:214,0
DA:215,0
DA:216,0
DA:217,0
DA:219,0
DA:221,0
DA:222,0
DA:223,0
DA:225,0
DA:226,0
DA:228,0
DA:229,0
DA:230,0
DA:231,0
DA:232,0
DA:233,0
DA:237,0
DA:239,0
DA:241,0
DA:242,0
DA:243,0
DA:245,0
DA:246,0
DA:248,0
DA:249,0
DA:250,0
DA:251,0
DA:252,0
DA:253,0
DA:254,0
DA:255,0
DA:256,0
DA:260,0
DA:262,0
DA:264,0
DA:265,0
DA:266,0
DA:268,0
DA:269,0
DA:271,0
DA:272,0
DA:273,0
DA:274,0
DA:275,0
DA:276,0
DA:280,0
DA:282,0
DA:284,0
DA:285,0
DA:286,0
DA:288,0
DA:289,0
DA:291,0
DA:293,0
DA:296,0
DA:297,0
DA:298,0
DA:299,0
DA:300,0
DA:301,0
DA:302,0
DA:303,0
DA:304,0
DA:306,0
DA:307,0
DA:308,0
DA:309,0
DA:310,0
DA:311,0
DA:312,0
DA:313,0
DA:314,0
DA:315,0
DA:316,0
DA:319,0
DA:320,0
DA:321,0
DA:322,0
DA:323,0
DA:324,0
DA:325,0
DA:326,0
DA:327,0
DA:330,0
DA:331,0
DA:332,0
DA:333,0
DA:335,0
DA:336,0
DA:338,0
DA:339,0
DA:340,0
DA:341,0
DA:342,0
DA:343,0
DA:344,0
DA:345,0
DA:347,0
DA:348,0
DA:349,0
DA:350,0
DA:351,0
DA:352,0
DA:353,0
DA:355,0
DA:356,0
DA:358,0
DA:360,0
DA:361,0
DA:362,0
DA:364,0
DA:365,0
DA:366,0
BRF:0
BRH:0
LF:267
LH:0
end_of_record