SF:/app/src/apply/authenticator_config.rs
FN:17,_RNvNtNtCsbJGTRmkKWod_4kaji5apply20authenticator_config27apply_authenticator_configs
FN:36,_RNCNCNCNvNtNtCsbJGTRmkKWod_4kaji5apply20authenticator_config27apply_authenticator_configs000Bb_
FN:36,_RNCNCNvNtNtCsbJGTRmkKWod_4kaji5apply20authenticator_config27apply_authenticator_configs00B9_
FN:51,_RNCNCNvNtNtCsbJGTRmkKWod_4kaji5apply20authenticator_config27apply_authenticator_configs0s0_0B9_
FN:71,_RNCNCNvNtNtCsbJGTRmkKWod_4kaji5apply20authenticator_config27apply_authenticator_configs0s1_0B9_
FN:117,_RNCNCNvNtNtCsbJGTRmkKWod_4kaji5apply20authenticator_config27apply_authenticator_configs0s2_0B9_
FN:158,_RNCNCNvNtNtCsbJGTRmkKWod_4kaji5apply20authenticator_config27apply_authenticator_configs0s3_0B9_
FN:194,_RNCNCNvNtNtCsbJGTRmkKWod_4kaji5apply20authenticator_config27apply_authenticator_configs0s4_0B9_
FN:47,_RNCNCNvNtNtCsbJGTRmkKWod_4kaji5apply20authenticator_config27apply_authenticator_configs0s_0B9_
FN:26,_RNCNvNtNtCsbJGTRmkKWod_4kaji5apply20authenticator_config27apply_authenticator_configs0B7_
FN:17,_RNvNtNtCsl2LUZfJeq0O_4kaji5apply20authenticator_config27apply_authenticator_configs
FN:36,_RNCNCNCNvNtNtCsl2LUZfJeq0O_4kaji5apply20authenticator_config27apply_authenticator_configs000Bb_
FN:36,_RNCNCNvNtNtCsl2LUZfJeq0O_4kaji5apply20authenticator_config27apply_authenticator_configs00B9_
FN:51,_RNCNCNvNtNtCsl2LUZfJeq0O_4kaji5apply20authenticator_config27apply_authenticator_configs0s0_0B9_
FN:71,_RNCNCNvNtNtCsl2LUZfJeq0O_4kaji5apply20authenticator_config27apply_authenticator_configs0s1_0B9_
FN:117,_RNCNCNvNtNtCsl2LUZfJeq0O_4kaji5apply20authenticator_config27apply_authenticator_configs0s2_0B9_
FN:158,_RNCNCNvNtNtCsl2LUZfJeq0O_4kaji5apply20authenticator_config27apply_authenticator_configs0s3_0B9_
FN:194,_RNCNCNvNtNtCsl2LUZfJeq0O_4kaji5apply20authenticator_config27apply_authenticator_configs0s4_0B9_
FN:47,_RNCNCNvNtNtCsl2LUZfJeq0O_4kaji5apply20authenticator_config27apply_authenticator_configs0s_0B9_
FN:26,_RNCNvNtNtCsl2LUZfJeq0O_4kaji5apply20authenticator_config27apply_authenticator_configs0B7_
FNDA:13,_RNvNtNtCsbJGTRmkKWod_4kaji5apply20authenticator_config27apply_authenticator_configs
FNDA:1,_RNCNCNCNvNtNtCsbJGTRmkKWod_4kaji5apply20authenticator_config27apply_authenticator_configs000Bb_
FNDA:1,_RNCNCNvNtNtCsbJGTRmkKWod_4kaji5apply20authenticator_config27apply_authenticator_configs00B9_
FNDA:2,_RNCNCNvNtNtCsbJGTRmkKWod_4kaji5apply20authenticator_config27apply_authenticator_configs0s0_0B9_
FNDA:0,_RNCNCNvNtNtCsbJGTRmkKWod_4kaji5apply20authenticator_config27apply_authenticator_configs0s1_0B9_
FNDA:1,_RNCNCNvNtNtCsbJGTRmkKWod_4kaji5apply20authenticator_config27apply_authenticator_configs0s2_0B9_
FNDA:2,_RNCNCNvNtNtCsbJGTRmkKWod_4kaji5apply20authenticator_config27apply_authenticator_configs0s3_0B9_
FNDA:2,_RNCNCNvNtNtCsbJGTRmkKWod_4kaji5apply20authenticator_config27apply_authenticator_configs0s4_0B9_
FNDA:2,_RNCNCNvNtNtCsbJGTRmkKWod_4kaji5apply20authenticator_config27apply_authenticator_configs0s_0B9_
FNDA:13,_RNCNvNtNtCsbJGTRmkKWod_4kaji5apply20authenticator_config27apply_authenticator_configs0B7_
FNDA:0,_RNvNtNtCsl2LUZfJeq0O_4kaji5apply20authenticator_config27apply_authenticator_configs
FNDA:0,_RNCNCNCNvNtNtCsl2LUZfJeq0O_4kaji5apply20authenticator_config27apply_authenticator_configs000Bb_
FNDA:0,_RNCNCNvNtNtCsl2LUZfJeq0O_4kaji5apply20authenticator_config27apply_authenticator_configs00B9_
FNDA:0,_RNCNCNvNtNtCsl2LUZfJeq0O_4kaji5apply20authenticator_config27apply_authenticator_configs0s0_0B9_
FNDA:0,_RNCNCNvNtNtCsl2LUZfJeq0O_4kaji5apply20authenticator_config27apply_authenticator_configs0s1_0B9_
FNDA:0,_RNCNCNvNtNtCsl2LUZfJeq0O_4kaji5apply20authenticator_config27apply_authenticator_configs0s2_0B9_
FNDA:0,_RNCNCNvNtNtCsl2LUZfJeq0O_4kaji5apply20authenticator_config27apply_authenticator_configs0s3_0B9_
FNDA:0,_RNCNCNvNtNtCsl2LUZfJeq0O_4kaji5apply20authenticator_config27apply_authenticator_configs0s4_0B9_
FNDA:0,_RNCNCNvNtNtCsl2LUZfJeq0O_4kaji5apply20authenticator_config27apply_authenticator_configs0s_0B9_
FNDA:0,_RNCNvNtNtCsl2LUZfJeq0O_4kaji5apply20authenticator_config27apply_authenticator_configs0B7_
FNF:10
FNH:9
DA:17,13
DA:18,13
DA:19,13
DA:20,13
DA:21,13
DA:22,13
DA:23,13
DA:24,13
DA:25,13
DA:26,13
DA:27,13
DA:28,13
DA:29,12
DA:30,1
DA:33,1
DA:34,1
DA:35,1
DA:36,1
DA:37,1
DA:40,1
DA:41,1
DA:42,3
DA:43,2
DA:44,2
DA:45,2
DA:46,2
DA:47,2
DA:49,0
DA:50,2
DA:51,2
DA:52,0
DA:53,2
DA:54,2
DA:55,0
DA:56,2
DA:57,2
DA:60,1
DA:61,0
DA:62,1
DA:64,1
DA:67,2
DA:68,2
DA:69,2
DA:70,2
DA:71,2
DA:73,2
DA:74,2
DA:75,2
DA:76,2
DA:78,2
DA:80,1
DA:81,0
DA:82,0
DA:83,0
DA:84,0
DA:85,0
DA:86,0
DA:87,0
DA:88,0
DA:89,1
DA:90,1
DA:91,1
DA:92,1
DA:93,1
DA:95,1
DA:99,1
DA:100,0
DA:101,0
DA:102,0
DA:103,0
DA:104,0
DA:105,0
DA:106,0
DA:107,0
DA:108,1
DA:111,1
DA:112,1
DA:113,1
DA:114,1
DA:115,1
DA:116,1
DA:117,1
DA:118,1
DA:119,0
DA:120,1
DA:121,1
DA:122,1
DA:124,1
DA:125,1
DA:127,1
DA:128,1
DA:130,2
DA:131,2
DA:132,1
DA:133,1
DA:134,1
DA:135,1
DA:136,0
DA:137,1
DA:139,0
DA:140,0
DA:141,0
DA:142,0
DA:143,1
DA:144,1
DA:145,0
DA:147,0
DA:149,1
DA:152,0
DA:155,1
DA:156,1
DA:157,1
DA:158,2
DA:159,1
DA:162,0
DA:164,1
DA:167,1
DA:168,1
DA:169,1
DA:170,1
DA:171,1
DA:172,1
DA:174,1
DA:176,1
DA:181,1
DA:182,1
DA:183,1
DA:184,1
DA:185,2
DA:188,2
DA:190,2
DA:191,2
DA:192,3
DA:193,2
DA:194,2
DA:195,2
DA:196,0
DA:197,2
DA:198,2
DA:199,2
DA:200,2
DA:202,2
DA:203,2
DA:204,2
DA:205,2
DA:206,2
DA:207,2
DA:208,2
DA:209,2
DA:211,4
DA:212,4
DA:213,4
DA:215,2
DA:216,2
DA:217,2
DA:218,2
DA:220,1
DA:221,1
DA:222,1
DA:223,2
DA:225,0
DA:226,0
DA:227,0
DA:228,0
DA:229,0
DA:230,2
DA:231,1
DA:232,1
DA:234,0
DA:237,2
DA:238,1
DA:240,1
DA:241,1
DA:242,1
DA:244,0
DA:245,0
DA:248,2
DA:250,1
DA:251,1
DA:252,13
BRF:0
BRH:0
LF:189
LH:149
end_of_record
SF:/app/src/apply/components.rs
FN:44,_RNvNtNtCsbJGTRmkKWod_4kaji5apply10components22process_component_file
FN:90,_RNvNtNtCsbJGTRmkKWod_4kaji5apply10components24apply_components_or_keys
FN:18,_RINvNtNtCsbJGTRmkKWod_4kaji5apply10components23build_component_indicesINtNtCsauO83Ko6oyK_5alloc3vec3VecNtNtB6_6models23ComponentRepresentationEEB6_
FN:58,_RNCNCNvNtNtCsbJGTRmkKWod_4kaji5apply10components22process_component_file00B9_
FN:81,_RNCNCNvNtNtCsbJGTRmkKWod_4kaji5apply10components22process_component_file0s_0B9_
FN:107,_RNCNCNvNtNtCsbJGTRmkKWod_4kaji5apply10components24apply_components_or_keys00B9_
FN:137,_RNCNCNvNtNtCsbJGTRmkKWod_4kaji5apply10components24apply_components_or_keys0s0_0B9_
FN:123,_RNCNCNvNtNtCsbJGTRmkKWod_4kaji5apply10components24apply_components_or_keys0s_0B9_
FN:52,_RNCNvNtNtCsbJGTRmkKWod_4kaji5apply10components22process_component_file0B7_
FN:98,_RNCNvNtNtCsbJGTRmkKWod_4kaji5apply10components24apply_components_or_keys0B7_
FN:167,_RNvNtNtNtCsl2LUZfJeq0O_4kaji5apply10components5testss_28test_build_component_indices
FN:218,_RNvNtNtNtCsl2LUZfJeq0O_4kaji5apply10components5testss_33test_apply_components_error_paths
FN:44,_RNvNtNtCsl2LUZfJeq0O_4kaji5apply10components22process_component_file
FN:90,_RNvNtNtCsl2LUZfJeq0O_4kaji5apply10components24apply_components_or_keys
FN:218,_RNCNvNtNtNtCsl2LUZfJeq0O_4kaji5apply10components5testss_33test_apply_components_error_paths0B9_
FN:18,_RINvNtNtCsl2LUZfJeq0O_4kaji5apply10components23build_component_indicesINtNtCsauO83Ko6oyK_5alloc3vec3VecNtNtB6_6models23ComponentRepresentationEEB6_
FN:58,_RNCNCNvNtNtCsl2LUZfJeq0O_4kaji5apply10components22process_component_file00B9_
FN:81,_RNCNCNvNtNtCsl2LUZfJeq0O_4kaji5apply10components22process_component_file0s_0B9_
FN:107,_RNCNCNvNtNtCsl2LUZfJeq0O_4kaji5apply10components24apply_components_or_keys00B9_
FN:137,_RNCNCNvNtNtCsl2LUZfJeq0O_4kaji5apply10components24apply_components_or_keys0s0_0B9_
FN:123,_RNCNCNvNtNtCsl2LUZfJeq0O_4kaji5apply10components24apply_components_or_keys0s_0B9_
FN:52,_RNCNvNtNtCsl2LUZfJeq0O_4kaji5apply10components22process_component_file0B7_
FN:98,_RNCNvNtNtCsl2LUZfJeq0O_4kaji5apply10components24apply_components_or_keys0B7_
FNDA:6,_RNvNtNtCsbJGTRmkKWod_4kaji5apply10components22process_component_file
FNDA:27,_RNvNtNtCsbJGTRmkKWod_4kaji5apply10components24apply_components_or_keys
FNDA:7,_RINvNtNtCsbJGTRmkKWod_4kaji5apply10components23build_component_indicesINtNtCsauO83Ko6oyK_5alloc3vec3VecNtNtB6_6models23ComponentRepresentationEEB6_
FNDA:6,_RNCNCNvNtNtCsbJGTRmkKWod_4kaji5apply10components22process_component_file00B9_
FNDA:2,_RNCNCNvNtNtCsbJGTRmkKWod_4kaji5apply10components22process_component_file0s_0B9_
FNDA:1,_RNCNCNvNtNtCsbJGTRmkKWod_4kaji5apply10components24apply_components_or_keys00B9_
FNDA:6,_RNCNCNvNtNtCsbJGTRmkKWod_4kaji5apply10components24apply_components_or_keys0s0_0B9_
FNDA:6,_RNCNCNvNtNtCsbJGTRmkKWod_4kaji5apply10components24apply_components_or_keys0s_0B9_
FNDA:6,_RNCNvNtNtCsbJGTRmkKWod_4kaji5apply10components22process_component_file0B7_
FNDA:27,_RNCNvNtNtCsbJGTRmkKWod_4kaji5apply10components24apply_components_or_keys0B7_
FNDA:1,_RNvNtNtNtCsl2LUZfJeq0O_4kaji5apply10components5testss_28test_build_component_indices
FNDA:1,_RNvNtNtNtCsl2LUZfJeq0O_4kaji5apply10components5testss_33test_apply_components_error_paths
FNDA:2,_RNvNtNtCsl2LUZfJeq0O_4kaji5apply10components22process_component_file
FNDA:2,_RNvNtNtCsl2LUZfJeq0O_4kaji5apply10components24apply_components_or_keys
FNDA:1,_RNCNvNtNtNtCsl2LUZfJeq0O_4kaji5apply10components5testss_33test_apply_components_error_paths0B9_
FNDA:3,_RINvNtNtCsl2LUZfJeq0O_4kaji5apply10components23build_component_indicesINtNtCsauO83Ko6oyK_5alloc3vec3VecNtNtB6_6models23ComponentRepresentationEEB6_
FNDA:1,_RNCNCNvNtNtCsl2LUZfJeq0O_4kaji5apply10components22process_component_file00B9_
FNDA:1,_RNCNCNvNtNtCsl2LUZfJeq0O_4kaji5apply10components22process_component_file0s_0B9_
FNDA:0,_RNCNCNvNtNtCsl2LUZfJeq0O_4kaji5apply10components24apply_components_or_keys00B9_
FNDA:2,_RNCNCNvNtNtCsl2LUZfJeq0O_4kaji5apply10components24apply_components_or_keys0s0_0B9_
FNDA:2,_RNCNCNvNtNtCsl2LUZfJeq0O_4kaji5apply10components24apply_components_or_keys0s_0B9_
FNDA:2,_RNCNvNtNtCsl2LUZfJeq0O_4kaji5apply10components22process_component_file0B7_
FNDA:2,_RNCNvNtNtCsl2LUZfJeq0O_4kaji5apply10components24apply_components_or_keys0B7_
FNF:13
FNH:13
DA:18,10
DA:19,10
DA:20,10
DA:21,10
DA:22,10
DA:23,10
DA:24,10
DA:25,10
DA:27,11
DA:28,11
DA:29,11
DA:30,11
DA:31,11
DA:32,11
DA:33,11
DA:34,11
DA:35,11
DA:36,11
DA:37,11
DA:39,10
DA:40,10
DA:44,8
DA:45,8
DA:46,8
DA:47,8
DA:48,8
DA:49,8
DA:50,8
DA:51,8
DA:52,8
DA:53,8
DA:54,8
DA:55,8
DA:57,8
DA:58,8
DA:59,7
DA:60,7
DA:61,7
DA:62,7
DA:63,7
DA:64,7
DA:65,7
DA:66,7
DA:68,0
DA:69,0
DA:70,0
DA:71,0
DA:72,0
DA:73,0
DA:74,0
DA:77,5
DA:80,2
DA:81,8
DA:84,3
DA:85,5
DA:87,6
DA:88,8
DA:90,29
DA:91,29
DA:92,29
DA:93,29
DA:94,29
DA:95,29
DA:96,29
DA:97,29
DA:98,29
DA:99,29
DA:100,29
DA:101,19
DA:102,10
DA:104,10
DA:105,10
DA:106,10
DA:107,10
DA:109,9
DA:110,9
DA:111,9
DA:113,9
DA:114,9
DA:116,21
DA:117,12
DA:118,12
DA:119,4
DA:121,4
DA:122,8
DA:123,8
DA:124,0
DA:125,8
DA:127,8
DA:128,0
DA:129,8
DA:131,8
DA:132,8
DA:133,8
DA:134,8
DA:135,8
DA:136,8
DA:137,8
DA:138,8
DA:139,8
DA:140,8
DA:141,8
DA:142,8
DA:143,8
DA:144,8
DA:145,8
DA:146,8
DA:147,8
DA:148,8
DA:150,9
DA:151,7
DA:152,29
DA:167,1
DA:168,1
DA:169,1
DA:170,1
DA:171,1
DA:172,1
DA:173,1
DA:174,1
DA:175,1
DA:176,1
DA:177,1
DA:178,1
DA:179,1
DA:180,1
DA:181,1
DA:182,1
DA:183,1
DA:184,1
DA:185,1
DA:186,1
DA:187,1
DA:188,1
DA:191,1
DA:196,1
DA:197,1
DA:198,1
DA:200,1
DA:201,1
DA:202,1
DA:203,1
DA:204,1
DA:205,1
DA:206,1
DA:207,1
DA:208,1
DA:209,1
DA:210,1
DA:211,1
DA:212,1
DA:213,1
DA:214,1
DA:215,1
DA:218,1
DA:219,1
DA:220,1
DA:221,1
DA:222,1
DA:224,1
DA:225,1
DA:226,1
DA:227,1
DA:230,1
DA:231,1
DA:232,1
DA:234,1
DA:235,1
DA:236,1
DA:237,1
DA:238,1
DA:239,1
DA:240,1
DA:241,1
DA:242,1
DA:243,1
DA:244,1
DA:245,1
DA:246,1
DA:247,1
DA:248,1
DA:251,1
DA:254,1
DA:255,1
DA:256,1
DA:258,1
DA:259,1
DA:260,1
DA:261,1
DA:262,1
DA:263,1
DA:264,1
DA:265,1
DA:266,1
DA:267,1
DA:268,1
DA:269,1
DA:270,1
DA:271,1
DA:272,1
DA:275,2
DA:276,1
BRF:0
BRH:0
LF:211
LH:202
end_of_record
SF:/app/src/apply/generic.rs
FN:15,_RINvNtNtCsbJGTRmkKWod_4kaji5apply7generic15apply_resourcesNtNtB6_6models18RoleRepresentationEB6_
FN:15,_RINvNtNtCsbJGTRmkKWod_4kaji5apply7generic15apply_resourcesNtNtB6_6models18UserRepresentationEB6_
FN:15,_RINvNtNtCsbJGTRmkKWod_4kaji5apply7generic15apply_resourcesNtNtB6_6models19GroupRepresentationEB6_
FN:15,_RINvNtNtCsbJGTRmkKWod_4kaji5apply7generic15apply_resourcesNtNtB6_6models20ClientRepresentationEB6_
FN:15,_RINvNtNtCsbJGTRmkKWod_4kaji5apply7generic15apply_resourcesNtNtB6_6models25ClientScopeRepresentationEB6_
FN:15,_RINvNtNtCsbJGTRmkKWod_4kaji5apply7generic15apply_resourcesNtNtB6_6models30IdentityProviderRepresentationEB6_
FN:15,_RINvNtNtCsbJGTRmkKWod_4kaji5apply7generic15apply_resourcesNtNtB6_6models32AuthenticationFlowRepresentationEB6_
FN:15,_RINvNtNtCsbJGTRmkKWod_4kaji5apply7generic15apply_resourcesNtNtB6_6models36RequiredActionProviderRepresentationEB6_
FN:35,_RNCINvNtNtCsbJGTRmkKWod_4kaji5apply7generic15apply_resourcesNtNtB8_6models18RoleRepresentationE0B8_
FN:35,_RNCINvNtNtCsbJGTRmkKWod_4kaji5apply7generic15apply_resourcesNtNtB8_6models18UserRepresentationE0B8_
FN:35,_RNCINvNtNtCsbJGTRmkKWod_4kaji5apply7generic15apply_resourcesNtNtB8_6models19GroupRepresentationE0B8_
FN:35,_RNCINvNtNtCsbJGTRmkKWod_4kaji5apply7generic15apply_resourcesNtNtB8_6models20ClientRepresentationE0B8_
FN:35,_RNCINvNtNtCsbJGTRmkKWod_4kaji5apply7generic15apply_resourcesNtNtB8_6models25ClientScopeRepresentationE0B8_
FN:35,_RNCINvNtNtCsbJGTRmkKWod_4kaji5apply7generic15apply_resourcesNtNtB8_6models30IdentityProviderRepresentationE0B8_
FN:35,_RNCINvNtNtCsbJGTRmkKWod_4kaji5apply7generic15apply_resourcesNtNtB8_6models32AuthenticationFlowRepresentationE0B8_
FN:35,_RNCINvNtNtCsbJGTRmkKWod_4kaji5apply7generic15apply_resourcesNtNtB8_6models36RequiredActionProviderRepresentationE0B8_
FN:45,_RNCNCINvNtNtCsbJGTRmkKWod_4kaji5apply7generic15apply_resourcesNtNtBa_6models18RoleRepresentationE00Ba_
FN:67,_RNCNCINvNtNtCsbJGTRmkKWod_4kaji5apply7generic15apply_resourcesNtNtBa_6models18RoleRepresentationE0s0_0Ba_
FN:71,_RNCNCINvNtNtCsbJGTRmkKWod_4kaji5apply7generic15apply_resourcesNtNtBa_6models18RoleRepresentationE0s1_0Ba_
FN:97,_RNCNCINvNtNtCsbJGTRmkKWod_4kaji5apply7generic15apply_resourcesNtNtBa_6models18RoleRepresentationE0s2_0Ba_
FN:49,_RNCNCINvNtNtCsbJGTRmkKWod_4kaji5apply7generic15apply_resourcesNtNtBa_6models18RoleRepresentationE0s_0Ba_
FN:45,_RNCNCINvNtNtCsbJGTRmkKWod_4kaji5apply7generic15apply_resourcesNtNtBa_6models18UserRepresentationE00Ba_
FN:67,_RNCNCINvNtNtCsbJGTRmkKWod_4kaji5apply7generic15apply_resourcesNtNtBa_6models18UserRepresentationE0s0_0Ba_
FN:71,_RNCNCINvNtNtCsbJGTRmkKWod_4kaji5apply7generic15apply_resourcesNtNtBa_6models18UserRepresentationE0s1_0Ba_
FN:97,_RNCNCINvNtNtCsbJGTRmkKWod_4kaji5apply7generic15apply_resourcesNtNtBa_6models18UserRepresentationE0s2_0Ba_
FN:49,_RNCNCINvNtNtCsbJGTRmkKWod_4kaji5apply7generic15apply_resourcesNtNtBa_6models18UserRepresentationE0s_0Ba_
FN:45,_RNCNCINvNtNtCsbJGTRmkKWod_4kaji5apply7generic15apply_resourcesNtNtBa_6models19GroupRepresentationE00Ba_
FN:67,_RNCNCINvNtNtCsbJGTRmkKWod_4kaji5apply7generic15apply_resourcesNtNtBa_6models19GroupRepresentationE0s0_0Ba_
FN:71,_RNCNCINvNtNtCsbJGTRmkKWod_4kaji5apply7generic15apply_resourcesNtNtBa_6models19GroupRepresentationE0s1_0Ba_
FN:97,_RNCNCINvNtNtCsbJGTRmkKWod_4kaji5apply7generic15apply_resourcesNtNtBa_6models19GroupRepresentationE0s2_0Ba_
FN:49,_RNCNCINvNtNtCsbJGTRmkKWod_4kaji5apply7generic15apply_resourcesNtNtBa_6models19GroupRepresentationE0s_0Ba_
FN:45,_RNCNCINvNtNtCsbJGTRmkKWod_4kaji5apply7generic15apply_resourcesNtNtBa_6models20ClientRepresentationE00Ba_
FN:67,_RNCNCINvNtNtCsbJGTRmkKWod_4kaji5apply7generic15apply_resourcesNtNtBa_6models20ClientRepresentationE0s0_0Ba_
FN:71,_RNCNCINvNtNtCsbJGTRmkKWod_4kaji5apply7generic15apply_resourcesNtNtBa_6models20ClientRepresentationE0s1_0Ba_
FN:97,_RNCNCINvNtNtCsbJGTRmkKWod_4kaji5apply7generic15apply_resourcesNtNtBa_6models20ClientRepresentationE0s2_0Ba_
FN:49,_RNCNCINvNtNtCsbJGTRmkKWod_4kaji5apply7generic15apply_resourcesNtNtBa_6models20ClientRepresentationE0s_0Ba_
FN:45,_RNCNCINvNtNtCsbJGTRmkKWod_4kaji5apply7generic15apply_resourcesNtNtBa_6models25ClientScopeRepresentationE00Ba_
FN:67,_RNCNCINvNtNtCsbJGTRmkKWod_4kaji5apply7generic15apply_resourcesNtNtBa_6models25ClientScopeRepresentationE0s0_0Ba_
FN:71,_RNCNCINvNtNtCsbJGTRmkKWod_4kaji5apply7generic15apply_resourcesNtNtBa_6models25ClientScopeRepresentationE0s1_0Ba_
FN:97,_RNCNCINvNtNtCsbJGTRmkKWod_4kaji5apply7generic15apply_resourcesNtNtBa_6models25ClientScopeRepresentationE0s2_0Ba_
FN:49,_RNCNCINvNtNtCsbJGTRmkKWod_4kaji5apply7generic15apply_resourcesNtNtBa_6models25ClientScopeRepresentationE0s_0Ba_
FN:45,_RNCNCINvNtNtCsbJGTRmkKWod_4kaji5apply7generic15apply_resourcesNtNtBa_6models30IdentityProviderRepresentationE00Ba_
FN:67,_RNCNCINvNtNtCsbJGTRmkKWod_4kaji5apply7generic15apply_resourcesNtNtBa_6models30IdentityProviderRepresentationE0s0_0Ba_
FN:71,_RNCNCINvNtNtCsbJGTRmkKWod_4kaji5apply7generic15apply_resourcesNtNtBa_6models30IdentityProviderRepresentationE0s1_0Ba_
FN:97,_RNCNCINvNtNtCsbJGTRmkKWod_4kaji5apply7generic15apply_resourcesNtNtBa_6models30IdentityProviderRepresentationE0s2_0Ba_
FN:49,_RNCNCINvNtNtCsbJGTRmkKWod_4kaji5apply7generic15apply_resourcesNtNtBa_6models30IdentityProviderRepresentationE0s_0Ba_
FN:45,_RNCNCINvNtNtCsbJGTRmkKWod_4kaji5apply7generic15apply_resourcesNtNtBa_6models32AuthenticationFlowRepresentationE00Ba_
FN:67,_RNCNCINvNtNtCsbJGTRmkKWod_4kaji5apply7generic15apply_resourcesNtNtBa_6models32AuthenticationFlowRepresentationE0s0_0Ba_
FN:71,_RNCNCINvNtNtCsbJGTRmkKWod_4kaji5apply7generic15apply_resourcesNtNtBa_6models32AuthenticationFlowRepresentationE0s1_0Ba_
FN:97,_RNCNCINvNtNtCsbJGTRmkKWod_4kaji5apply7generic15apply_resourcesNtNtBa_6models32AuthenticationFlowRepresentationE0s2_0Ba_
FN:49,_RNCNCINvNtNtCsbJGTRmkKWod_4kaji5apply7generic15apply_resourcesNtNtBa_6models32AuthenticationFlowRepresentationE0s_0Ba_
FN:45,_RNCNCINvNtNtCsbJGTRmkKWod_4kaji5apply7generic15apply_resourcesNtNtBa_6models36RequiredActionProviderRepresentationE00Ba_
FN:67,_RNCNCINvNtNtCsbJGTRmkKWod_4kaji5apply7generic15apply_resourcesNtNtBa_6models36RequiredActionProviderRepresentationE0s0_0Ba_
FN:71,_RNCNCINvNtNtCsbJGTRmkKWod_4kaji5apply7generic15apply_resourcesNtNtBa_6models36RequiredActionProviderRepresentationE0s1_0Ba_
FN:97,_RNCNCINvNtNtCsbJGTRmkKWod_4kaji5apply7generic15apply_resourcesNtNtBa_6models36RequiredActionProviderRepresentationE0s2_0Ba_
FN:49,_RNCNCINvNtNtCsbJGTRmkKWod_4kaji5apply7generic15apply_resourcesNtNtBa_6models36RequiredActionProviderRepresentationE0s_0Ba_
FN:101,_RNCNCNCINvNtNtCsbJGTRmkKWod_4kaji5apply7generic15apply_resourcesNtNtBc_6models18RoleRepresentationE0s2_00Bc_
FN:128,_RNCNCNCINvNtNtCsbJGTRmkKWod_4kaji5apply7generic15apply_resourcesNtNtBc_6models18RoleRepresentationE0s2_0s0_0Bc_
FN:144,_RNCNCNCINvNtNtCsbJGTRmkKWod_4kaji5apply7generic15apply_resourcesNtNtBc_6models18RoleRepresentationE0s2_0s1_0Bc_
FN:103,_RNCNCNCINvNtNtCsbJGTRmkKWod_4kaji5apply7generic15apply_resourcesNtNtBc_6models18RoleRepresentationE0s2_0s_0Bc_
FN:101,_RNCNCNCINvNtNtCsbJGTRmkKWod_4kaji5apply7generic15apply_resourcesNtNtBc_6models18UserRepresentationE0s2_00Bc_
FN:128,_RNCNCNCINvNtNtCsbJGTRmkKWod_4kaji5apply7generic15apply_resourcesNtNtBc_6models18UserRepresentationE0s2_0s0_0Bc_
FN:144,_RNCNCNCINvNtNtCsbJGTRmkKWod_4kaji5apply7generic15apply_resourcesNtNtBc_6models18UserRepresentationE0s2_0s1_0Bc_
FN:103,_RNCNCNCINvNtNtCsbJGTRmkKWod_4kaji5apply7generic15apply_resourcesNtNtBc_6models18UserRepresentationE0s2_0s_0Bc_
FN:101,_RNCNCNCINvNtNtCsbJGTRmkKWod_4kaji5apply7generic15apply_resourcesNtNtBc_6models19GroupRepresentationE0s2_00Bc_
FN:128,_RNCNCNCINvNtNtCsbJGTRmkKWod_4kaji5apply7generic15apply_resourcesNtNtBc_6models19GroupRepresentationE0s2_0s0_0Bc_
FN:144,_RNCNCNCINvNtNtCsbJGTRmkKWod_4kaji5apply7generic15apply_resourcesNtNtBc_6models19GroupRepresentationE0s2_0s1_0Bc_
FN:103,_RNCNCNCINvNtNtCsbJGTRmkKWod_4kaji5apply7generic15apply_resourcesNtNtBc_6models19GroupRepresentationE0s2_0s_0Bc_
FN:101,_RNCNCNCINvNtNtCsbJGTRmkKWod_4kaji5apply7generic15apply_resourcesNtNtBc_6models20ClientRepresentationE0s2_00Bc_
FN:128,_RNCNCNCINvNtNtCsbJGTRmkKWod_4kaji5apply7generic15apply_resourcesNtNtBc_6models20ClientRepresentationE0s2_0s0_0Bc_
FN:144,_RNCNCNCINvNtNtCsbJGTRmkKWod_4kaji5apply7generic15apply_resourcesNtNtBc_6models20ClientRepresentationE0s2_0s1_0Bc_
FN:103,_RNCNCNCINvNtNtCsbJGTRmkKWod_4kaji5apply7generic15apply_resourcesNtNtBc_6models20ClientRepresentationE0s2_0s_0Bc_
FN:101,_RNCNCNCINvNtNtCsbJGTRmkKWod_4kaji5apply7generic15apply_resourcesNtNtBc_6models25ClientScopeRepresentationE0s2_00Bc_
FN:128,_RNCNCNCINvNtNtCsbJGTRmkKWod_4kaji5apply7generic15apply_resourcesNtNtBc_6models25ClientScopeRepresentationE0s2_0s0_0Bc_
FN:144,_RNCNCNCINvNtNtCsbJGTRmkKWod_4kaji5apply7generic15apply_resourcesNtNtBc_6models25ClientScopeRepresentationE0s2_0s1_0Bc_
FN:103,_RNCNCNCINvNtNtCsbJGTRmkKWod_4kaji5apply7generic15apply_resourcesNtNtBc_6models25ClientScopeRepresentationE0s2_0s_0Bc_
FN:101,_RNCNCNCINvNtNtCsbJGTRmkKWod_4kaji5apply7generic15apply_resourcesNtNtBc_6models30IdentityProviderRepresentationE0s2_00Bc_
FN:128,_RNCNCNCINvNtNtCsbJGTRmkKWod_4kaji5apply7generic15apply_resourcesNtNtBc_6models30IdentityProviderRepresentationE0s2_0s0_0Bc_
FN:144,_RNCNCNCINvNtNtCsbJGTRmkKWod_4kaji5apply7generic15apply_resourcesNtNtBc_6models30IdentityProviderRepresentationE0s2_0s1_0Bc_
FN:103,_RNCNCNCINvNtNtCsbJGTRmkKWod_4kaji5apply7generic15apply_resourcesNtNtBc_6models30IdentityProviderRepresentationE0s2_0s_0Bc_
FN:101,_RNCNCNCINvNtNtCsbJGTRmkKWod_4kaji5apply7generic15apply_resourcesNtNtBc_6models32AuthenticationFlowRepresentationE0s2_00Bc_
FN:128,_RNCNCNCINvNtNtCsbJGTRmkKWod_4kaji5apply7generic15apply_resourcesNtNtBc_6models32AuthenticationFlowRepresentationE0s2_0s0_0Bc_
FN:144,_RNCNCNCINvNtNtCsbJGTRmkKWod_4kaji5apply7generic15apply_resourcesNtNtBc_6models32AuthenticationFlowRepresentationE0s2_0s1_0Bc_
FN:103,_RNCNCNCINvNtNtCsbJGTRmkKWod_4kaji5apply7generic15apply_resourcesNtNtBc_6models32AuthenticationFlowRepresentationE0s2_0s_0Bc_
FN:101,_RNCNCNCINvNtNtCsbJGTRmkKWod_4kaji5apply7generic15apply_resourcesNtNtBc_6models36RequiredActionProviderRepresentationE0s2_00Bc_
FN:128,_RNCNCNCINvNtNtCsbJGTRmkKWod_4kaji5apply7generic15apply_resourcesNtNtBc_6models36RequiredActionProviderRepresentationE0s2_0s0_0Bc_
FN:144,_RNCNCNCINvNtNtCsbJGTRmkKWod_4kaji5apply7generic15apply_resourcesNtNtBc_6models36RequiredActionProviderRepresentationE0s2_0s1_0Bc_
FN:103,_RNCNCNCINvNtNtCsbJGTRmkKWod_4kaji5apply7generic15apply_resourcesNtNtBc_6models36RequiredActionProviderRepresentationE0s2_0s_0Bc_
FN:15,_RINvNtNtCsl2LUZfJeq0O_4kaji5apply7generic15apply_resourcesNtNtB6_6models18RoleRepresentationEB6_
FN:15,_RINvNtNtCsl2LUZfJeq0O_4kaji5apply7generic15apply_resourcesNtNtB6_6models18UserRepresentationEB6_
FN:15,_RINvNtNtCsl2LUZfJeq0O_4kaji5apply7generic15apply_resourcesNtNtB6_6models19GroupRepresentationEB6_
FN:15,_RINvNtNtCsl2LUZfJeq0O_4kaji5apply7generic15apply_resourcesNtNtB6_6models20ClientRepresentationEB6_
FN:15,_RINvNtNtCsl2LUZfJeq0O_4kaji5apply7generic15apply_resourcesNtNtB6_6models25ClientScopeRepresentationEB6_
FN:15,_RINvNtNtCsl2LUZfJeq0O_4kaji5apply7generic15apply_resourcesNtNtB6_6models30IdentityProviderRepresentationEB6_
FN:15,_RINvNtNtCsl2LUZfJeq0O_4kaji5apply7generic15apply_resourcesNtNtB6_6models32AuthenticationFlowRepresentationEB6_
FN:15,_RINvNtNtCsl2LUZfJeq0O_4kaji5apply7generic15apply_resourcesNtNtB6_6models36RequiredActionProviderRepresentationEB6_
FN:35,_RNCINvNtNtCsl2LUZfJeq0O_4kaji5apply7generic15apply_resourcesNtNtB8_6models18RoleRepresentationE0B8_
FN:35,_RNCINvNtNtCsl2LUZfJeq0O_4kaji5apply7generic15apply_resourcesNtNtB8_6models18UserRepresentationE0B8_
FN:35,_RNCINvNtNtCsl2LUZfJeq0O_4kaji5apply7generic15apply_resourcesNtNtB8_6models19GroupRepresentationE0B8_
FN:35,_RNCINvNtNtCsl2LUZfJeq0O_4kaji5apply7generic15apply_resourcesNtNtB8_6models20ClientRepresentationE0B8_
FN:35,_RNCINvNtNtCsl2LUZfJeq0O_4kaji5apply7generic15apply_resourcesNtNtB8_6models25ClientScopeRepresentationE0B8_
FN:35,_RNCINvNtNtCsl2LUZfJeq0O_4kaji5apply7generic15apply_resourcesNtNtB8_6models30IdentityProviderRepresentationE0B8_
FN:35,_RNCINvNtNtCsl2LUZfJeq0O_4kaji5apply7generic15apply_resourcesNtNtB8_6models32AuthenticationFlowRepresentationE0B8_
FN:35,_RNCINvNtNtCsl2LUZfJeq0O_4kaji5apply7generic15apply_resourcesNtNtB8_6models36RequiredActionProviderRepresentationE0B8_
FN:45,_RNCNCINvNtNtCsl2LUZfJeq0O_4kaji5apply7generic15apply_resourcesNtNtBa_6models18RoleRepresentationE00Ba_
FN:67,_RNCNCINvNtNtCsl2LUZfJeq0O_4kaji5apply7generic15apply_resourcesNtNtBa_6models18RoleRepresentationE0s0_0Ba_
FN:71,_RNCNCINvNtNtCsl2LUZfJeq0O_4kaji5apply7generic15apply_resourcesNtNtBa_6models18RoleRepresentationE0s1_0Ba_
FN:97,_RNCNCINvNtNtCsl2LUZfJeq0O_4kaji5apply7generic15apply_resourcesNtNtBa_6models18RoleRepresentationE0s2_0Ba_
FN:49,_RNCNCINvNtNtCsl2LUZfJeq0O_4kaji5apply7generic15apply_resourcesNtNtBa_6models18RoleRepresentationE0s_0Ba_
FN:45,_RNCNCINvNtNtCsl2LUZfJeq0O_4kaji5apply7generic15apply_resourcesNtNtBa_6models18UserRepresentationE00Ba_
FN:67,_RNCNCINvNtNtCsl2LUZfJeq0O_4kaji5apply7generic15apply_resourcesNtNtBa_6models18UserRepresentationE0s0_0Ba_
FN:71,_RNCNCINvNtNtCsl2LUZfJeq0O_4kaji5apply7generic15apply_resourcesNtNtBa_6models18UserRepresentationE0s1_0Ba_
FN:97,_RNCNCINvNtNtCsl2LUZfJeq0O_4kaji5apply7generic15apply_resourcesNtNtBa_6models18UserRepresentationE0s2_0Ba_
FN:49,_RNCNCINvNtNtCsl2LUZfJeq0O_4kaji5apply7generic15apply_resourcesNtNtBa_6models18UserRepresentationE0s_0Ba_
FN:45,_RNCNCINvNtNtCsl2LUZfJeq0O_4kaji5apply7generic15apply_resourcesNtNtBa_6models19GroupRepresentationE00Ba_
FN:67,_RNCNCINvNtNtCsl2LUZfJeq0O_4kaji5apply7generic15apply_resourcesNtNtBa_6models19GroupRepresentationE0s0_0Ba_
FN:71,_RNCNCINvNtNtCsl2LUZfJeq0O_4kaji5apply7generic15apply_resourcesNtNtBa_6models19GroupRepresentationE0s1_0Ba_
FN:97,_RNCNCINvNtNtCsl2LUZfJeq0O_4kaji5apply7generic15apply_resourcesNtNtBa_6models19GroupRepresentationE0s2_0Ba_
FN:49,_RNCNCINvNtNtCsl2LUZfJeq0O_4kaji5apply7generic15apply_resourcesNtNtBa_6models19GroupRepresentationE0s_0Ba_
FN:45,_RNCNCINvNtNtCsl2LUZfJeq0O_4kaji5apply7generic15apply_resourcesNtNtBa_6models20ClientRepresentationE00Ba_
FN:67,_RNCNCINvNtNtCsl2LUZfJeq0O_4kaji5apply7generic15apply_resourcesNtNtBa_6models20ClientRepresentationE0s0_0Ba_
FN:71,_RNCNCINvNtNtCsl2LUZfJeq0O_4kaji5apply7generic15apply_resourcesNtNtBa_6models20ClientRepresentationE0s1_0Ba_
FN:97,_RNCNCINvNtNtCsl2LUZfJeq0O_4kaji5apply7generic15apply_resourcesNtNtBa_6models20ClientRepresentationE0s2_0Ba_
FN:49,_RNCNCINvNtNtCsl2LUZfJeq0O_4kaji5apply7generic15apply_resourcesNtNtBa_6models20ClientRepresentationE0s_0Ba_
FN:45,_RNCNCINvNtNtCsl2LUZfJeq0O_4kaji5apply7generic15apply_resourcesNtNtBa_6models25ClientScopeRepresentationE00Ba_
FN:67,_RNCNCINvNtNtCsl2LUZfJeq0O_4kaji5apply7generic15apply_resourcesNtNtBa_6models25ClientScopeRepresentationE0s0_0Ba_
FN:71,_RNCNCINvNtNtCsl2LUZfJeq0O_4kaji5apply7generic15apply_resourcesNtNtBa_6models25ClientScopeRepresentationE0s1_0Ba_
FN:97,_RNCNCINvNtNtCsl2LUZfJeq0O_4kaji5apply7generic15apply_resourcesNtNtBa_6models25ClientScopeRepresentationE0s2_0Ba_
FN:49,_RNCNCINvNtNtCsl2LUZfJeq0O_4kaji5apply7generic15apply_resourcesNtNtBa_6models25ClientScopeRepresentationE0s_0Ba_
FN:45,_RNCNCINvNtNtCsl2LUZfJeq0O_4kaji5apply7generic15apply_resourcesNtNtBa_6models30IdentityProviderRepresentationE00Ba_
FN:67,_RNCNCINvNtNtCsl2LUZfJeq0O_4kaji5apply7generic15apply_resourcesNtNtBa_6models30IdentityProviderRepresentationE0s0_0Ba_
FN:71,_RNCNCINvNtNtCsl2LUZfJeq0O_4kaji5apply7generic15apply_resourcesNtNtBa_6models30IdentityProviderRepresentationE0s1_0Ba_
FN:97,_RNCNCINvNtNtCsl2LUZfJeq0O_4kaji5apply7generic15apply_resourcesNtNtBa_6models30IdentityProviderRepresentationE0s2_0Ba_
FN:49,_RNCNCINvNtNtCsl2LUZfJeq0O_4kaji5apply7generic15apply_resourcesNtNtBa_6models30IdentityProviderRepresentationE0s_0Ba_
FN:45,_RNCNCINvNtNtCsl2LUZfJeq0O_4kaji5apply7generic15apply_resourcesNtNtBa_6models32AuthenticationFlowRepresentationE00Ba_
FN:67,_RNCNCINvNtNtCsl2LUZfJeq0O_4kaji5apply7generic15apply_resourcesNtNtBa_6models32AuthenticationFlowRepresentationE0s0_0Ba_
FN:71,_RNCNCINvNtNtCsl2LUZfJeq0O_4kaji5apply7generic15apply_resourcesNtNtBa_6models32AuthenticationFlowRepresentationE0s1_0Ba_
FN:97,_RNCNCINvNtNtCsl2LUZfJeq0O_4kaji5apply7generic15apply_resourcesNtNtBa_6models32AuthenticationFlowRepresentationE0s2_0Ba_
FN:49,_RNCNCINvNtNtCsl2LUZfJeq0O_4kaji5apply7generic15apply_resourcesNtNtBa_6models32AuthenticationFlowRepresentationE0s_0Ba_
FN:45,_RNCNCINvNtNtCsl2LUZfJeq0O_4kaji5apply7generic15apply_resourcesNtNtBa_6models36RequiredActionProviderRepresentationE00Ba_
FN:67,_RNCNCINvNtNtCsl2LUZfJeq0O_4kaji5apply7generic15apply_resourcesNtNtBa_6models36RequiredActionProviderRepresentationE0s0_0Ba_
FN:71,_RNCNCINvNtNtCsl2LUZfJeq0O_4kaji5apply7generic15apply_resourcesNtNtBa_6models36RequiredActionProviderRepresentationE0s1_0Ba_
FN:97,_RNCNCINvNtNtCsl2LUZfJeq0O_4kaji5apply7generic15apply_resourcesNtNtBa_6models36RequiredActionProviderRepresentationE0s2_0Ba_
FN:49,_RNCNCINvNtNtCsl2LUZfJeq0O_4kaji5apply7generic15apply_resourcesNtNtBa_6models36RequiredActionProviderRepresentationE0s_0Ba_
FN:101,_RNCNCNCINvNtNtCsl2LUZfJeq0O_4kaji5apply7generic15apply_resourcesNtNtBc_6models18RoleRepresentationE0s2_00Bc_
FN:128,_RNCNCNCINvNtNtCsl2LUZfJeq0O_4kaji5apply7generic15apply_resourcesNtNtBc_6models18RoleRepresentationE0s2_0s0_0Bc_
FN:144,_RNCNCNCINvNtNtCsl2LUZfJeq0O_4kaji5apply7generic15apply_resourcesNtNtBc_6models18RoleRepresentationE0s2_0s1_0Bc_
FN:103,_RNCNCNCINvNtNtCsl2LUZfJeq0O_4kaji5apply7generic15apply_resourcesNtNtBc_6models18RoleRepresentationE0s2_0s_0Bc_
FN:101,_RNCNCNCINvNtNtCsl2LUZfJeq0O_4kaji5apply7generic15apply_resourcesNtNtBc_6models18UserRepresentationE0s2_00Bc_
FN:128,_RNCNCNCINvNtNtCsl2LUZfJeq0O_4kaji5apply7generic15apply_resourcesNtNtBc_6models18UserRepresentationE0s2_0s0_0Bc_
FN:144,_RNCNCNCINvNtNtCsl2LUZfJeq0O_4kaji5apply7generic15apply_resourcesNtNtBc_6models18UserRepresentationE0s2_0s1_0Bc_
FN:103,_RNCNCNCINvNtNtCsl2LUZfJeq0O_4kaji5apply7generic15apply_resourcesNtNtBc_6models18UserRepresentationE0s2_0s_0Bc_
FN:101,_RNCNCNCINvNtNtCsl2LUZfJeq0O_4kaji5apply7generic15apply_resourcesNtNtBc_6models19GroupRepresentationE0s2_00Bc_
FN:128,_RNCNCNCINvNtNtCsl2LUZfJeq0O_4kaji5apply7generic15apply_resourcesNtNtBc_6models19GroupRepresentationE0s2_0s0_0Bc_
FN:144,_RNCNCNCINvNtNtCsl2LUZfJeq0O_4kaji5apply7generic15apply_resourcesNtNtBc_6models19GroupRepresentationE0s2_0s1_0Bc_
FN:103,_RNCNCNCINvNtNtCsl2LUZfJeq0O_4kaji5apply7generic15apply_resourcesNtNtBc_6models19GroupRepresentationE0s2_0s_0Bc_
FN:101,_RNCNCNCINvNtNtCsl2LUZfJeq0O_4kaji5apply7generic15apply_resourcesNtNtBc_6models20ClientRepresentationE0s2_00Bc_
FN:128,_RNCNCNCINvNtNtCsl2LUZfJeq0O_4kaji5apply7generic15apply_resourcesNtNtBc_6models20ClientRepresentationE0s2_0s0_0Bc_
FN:144,_RNCNCNCINvNtNtCsl2LUZfJeq0O_4kaji5apply7generic15apply_resourcesNtNtBc_6models20ClientRepresentationE0s2_0s1_0Bc_
FN:103,_RNCNCNCINvNtNtCsl2LUZfJeq0O_4kaji5apply7generic15apply_resourcesNtNtBc_6models20ClientRepresentationE0s2_0s_0Bc_
FN:101,_RNCNCNCINvNtNtCsl2LUZfJeq0O_4kaji5apply7generic15apply_resourcesNtNtBc_6models25ClientScopeRepresentationE0s2_00Bc_
FN:128,_RNCNCNCINvNtNtCsl2LUZfJeq0O_4kaji5apply7generic15apply_resourcesNtNtBc_6models25ClientScopeRepresentationE0s2_0s0_0Bc_
FN:144,_RNCNCNCINvNtNtCsl2LUZfJeq0O_4kaji5apply7generic15apply_resourcesNtNtBc_6models25ClientScopeRepresentationE0s2_0s1_0Bc_
FN:103,_RNCNCNCINvNtNtCsl2LUZfJeq0O_4kaji5apply7generic15apply_resourcesNtNtBc_6models25ClientScopeRepresentationE0s2_0s_0Bc_
FN:101,_RNCNCNCINvNtNtCsl2LUZfJeq0O_4kaji5apply7generic15apply_resourcesNtNtBc_6models30IdentityProviderRepresentationE0s2_00Bc_
FN:128,_RNCNCNCINvNtNtCsl2LUZfJeq0O_4kaji5apply7generic15apply_resourcesNtNtBc_6models30IdentityProviderRepresentationE0s2_0s0_0Bc_
FN:144,_RNCNCNCINvNtNtCsl2LUZfJeq0O_4kaji5apply7generic15apply_resourcesNtNtBc_6models30IdentityProviderRepresentationE0s2_0s1_0Bc_
FN:103,_RNCNCNCINvNtNtCsl2LUZfJeq0O_4kaji5apply7generic15apply_resourcesNtNtBc_6models30IdentityProviderRepresentationE0s2_0s_0Bc_
FN:101,_RNCNCNCINvNtNtCsl2LUZfJeq0O_4kaji5apply7generic15apply_resourcesNtNtBc_6models32AuthenticationFlowRepresentationE0s2_00Bc_
FN:128,_RNCNCNCINvNtNtCsl2LUZfJeq0O_4kaji5apply7generic15apply_resourcesNtNtBc_6models32AuthenticationFlowRepresentationE0s2_0s0_0Bc_
FN:144,_RNCNCNCINvNtNtCsl2LUZfJeq0O_4kaji5apply7generic15apply_resourcesNtNtBc_6models32AuthenticationFlowRepresentationE0s2_0s1_0Bc_
FN:103,_RNCNCNCINvNtNtCsl2LUZfJeq0O_4kaji5apply7generic15apply_resourcesNtNtBc_6models32AuthenticationFlowRepresentationE0s2_0s_0Bc_
FN:101,_RNCNCNCINvNtNtCsl2LUZfJeq0O_4kaji5apply7generic15apply_resourcesNtNtBc_6models36RequiredActionProviderRepresentationE0s2_00Bc_
FN:128,_RNCNCNCINvNtNtCsl2LUZfJeq0O_4kaji5apply7generic15apply_resourcesNtNtBc_6models36RequiredActionProviderRepresentationE0s2_0s0_0Bc_
FN:144,_RNCNCNCINvNtNtCsl2LUZfJeq0O_4kaji5apply7generic15apply_resourcesNtNtBc_6models36RequiredActionProviderRepresentationE0s2_0s1_0Bc_
FN:103,_RNCNCNCINvNtNtCsl2LUZfJeq0O_4kaji5apply7generic15apply_resourcesNtNtBc_6models36RequiredActionProviderRepresentationE0s2_0s_0Bc_
FNDA:14,_RINvNtNtCsbJGTRmkKWod_4kaji5apply7generic15apply_resourcesNtNtB6_6models18RoleRepresentationEB6_
FNDA:13,_RINvNtNtCsbJGTRmkKWod_4kaji5apply7generic15apply_resourcesNtNtB6_6models18UserRepresentationEB6_
FNDA:13,_RINvNtNtCsbJGTRmkKWod_4kaji5apply7generic15apply_resourcesNtNtB6_6models19GroupRepresentationEB6_
FNDA:13,_RINvNtNtCsbJGTRmkKWod_4kaji5apply7generic15apply_resourcesNtNtB6_6models20ClientRepresentationEB6_
FNDA:13,_RINvNtNtCsbJGTRmkKWod_4kaji5apply7generic15apply_resourcesNtNtB6_6models25ClientScopeRepresentationEB6_
FNDA:14,_RINvNtNtCsbJGTRmkKWod_4kaji5apply7generic15apply_resourcesNtNtB6_6models30IdentityProviderRepresentationEB6_
FNDA:13,_RINvNtNtCsbJGTRmkKWod_4kaji5apply7generic15apply_resourcesNtNtB6_6models32AuthenticationFlowRepresentationEB6_
FNDA:13,_RINvNtNtCsbJGTRmkKWod_4kaji5apply7generic15apply_resourcesNtNtB6_6models36RequiredActionProviderRepresentationEB6_
FNDA:14,_RNCINvNtNtCsbJGTRmkKWod_4kaji5apply7generic15apply_resourcesNtNtB8_6models18RoleRepresentationE0B8_
FNDA:13,_RNCINvNtNtCsbJGTRmkKWod_4kaji5apply7generic15apply_resourcesNtNtB8_6models18UserRepresentationE0B8_
FNDA:13,_RNCINvNtNtCsbJGTRmkKWod_4kaji5apply7generic15apply_resourcesNtNtB8_6models19GroupRepresentationE0B8_
FNDA:13,_RNCINvNtNtCsbJGTRmkKWod_4kaji5apply7generic15apply_resourcesNtNtB8_6models20ClientRepresentationE0B8_
FNDA:13,_RNCINvNtNtCsbJGTRmkKWod_4kaji5apply7generic15apply_resourcesNtNtB8_6models25ClientScopeRepresentationE0B8_
FNDA:14,_RNCINvNtNtCsbJGTRmkKWod_4kaji5apply7generic15apply_resourcesNtNtB8_6models30IdentityProviderRepresentationE0B8_
FNDA:13,_RNCINvNtNtCsbJGTRmkKWod_4kaji5apply7generic15apply_resourcesNtNtB8_6models32AuthenticationFlowRepresentationE0B8_
FNDA:13,_RNCINvNtNtCsbJGTRmkKWod_4kaji5apply7generic15apply_resourcesNtNtB8_6models36RequiredActionProviderRepresentationE0B8_
FNDA:0,_RNCNCINvNtNtCsbJGTRmkKWod_4kaji5apply7generic15apply_resourcesNtNtBa_6models18RoleRepresentationE00Ba_
FNDA:7,_RNCNCINvNtNtCsbJGTRmkKWod_4kaji5apply7generic15apply_resourcesNtNtBa_6models18RoleRepresentationE0s0_0Ba_
FNDA:15,_RNCNCINvNtNtCsbJGTRmkKWod_4kaji5apply7generic15apply_resourcesNtNtBa_6models18RoleRepresentationE0s1_0Ba_
FNDA:11,_RNCNCINvNtNtCsbJGTRmkKWod_4kaji5apply7generic15apply_resourcesNtNtBa_6models18RoleRepresentationE0s2_0Ba_
FNDA:16,_RNCNCINvNtNtCsbJGTRmkKWod_4kaji5apply7generic15apply_resourcesNtNtBa_6models18RoleRepresentationE0s_0Ba_
FNDA:0,_RNCNCINvNtNtCsbJGTRmkKWod_4kaji5apply7generic15apply_resourcesNtNtBa_6models18UserRepresentationE00Ba_
FNDA:3,_RNCNCINvNtNtCsbJGTRmkKWod_4kaji5apply7generic15apply_resourcesNtNtBa_6models18UserRepresentationE0s0_0Ba_
FNDA:4,_RNCNCINvNtNtCsbJGTRmkKWod_4kaji5apply7generic15apply_resourcesNtNtBa_6models18UserRepresentationE0s1_0Ba_
FNDA:4,_RNCNCINvNtNtCsbJGTRmkKWod_4kaji5apply7generic15apply_resourcesNtNtBa_6models18UserRepresentationE0s2_0Ba_
FNDA:4,_RNCNCINvNtNtCsbJGTRmkKWod_4kaji5apply7generic15apply_resourcesNtNtBa_6models18UserRepresentationE0s_0Ba_
FNDA:0,_RNCNCINvNtNtCsbJGTRmkKWod_4kaji5apply7generic15apply_resourcesNtNtBa_6models19GroupRepresentationE00Ba_
FNDA:3,_RNCNCINvNtNtCsbJGTRmkKWod_4kaji5apply7generic15apply_resourcesNtNtBa_6models19GroupRepresentationE0s0_0Ba_
FNDA:4,_RNCNCINvNtNtCsbJGTRmkKWod_4kaji5apply7generic15apply_resourcesNtNtBa_6models19GroupRepresentationE0s1_0Ba_
FNDA:4,_RNCNCINvNtNtCsbJGTRmkKWod_4kaji5apply7generic15apply_resourcesNtNtBa_6models19GroupRepresentationE0s2_0Ba_
FNDA:4,_RNCNCINvNtNtCsbJGTRmkKWod_4kaji5apply7generic15apply_resourcesNtNtBa_6models19GroupRepresentationE0s_0Ba_
FNDA:0,_RNCNCINvNtNtCsbJGTRmkKWod_4kaji5apply7generic15apply_resourcesNtNtBa_6models20ClientRepresentationE00Ba_
FNDA:4,_RNCNCINvNtNtCsbJGTRmkKWod_4kaji5apply7generic15apply_resourcesNtNtBa_6models20ClientRepresentationE0s0_0Ba_
FNDA:4,_RNCNCINvNtNtCsbJGTRmkKWod_4kaji5apply7generic15apply_resourcesNtNtBa_6models20ClientRepresentationE0s1_0Ba_
FNDA:4,_RNCNCINvNtNtCsbJGTRmkKWod_4kaji5apply7generic15apply_resourcesNtNtBa_6models20ClientRepresentationE0s2_0Ba_
FNDA:8,_RNCNCINvNtNtCsbJGTRmkKWod_4kaji5apply7generic15apply_resourcesNtNtBa_6models20ClientRepresentationE0s_0Ba_
FNDA:0,_RNCNCINvNtNtCsbJGTRmkKWod_4kaji5apply7generic15apply_resourcesNtNtBa_6models25ClientScopeRepresentationE00Ba_
FNDA:3,_RNCNCINvNtNtCsbJGTRmkKWod_4kaji5apply7generic15apply_resourcesNtNtBa_6models25ClientScopeRepresentationE0s0_0Ba_
FNDA:4,_RNCNCINvNtNtCsbJGTRmkKWod_4kaji5apply7generic15apply_resourcesNtNtBa_6models25ClientScopeRepresentationE0s1_0Ba_
FNDA:4,_RNCNCINvNtNtCsbJGTRmkKWod_4kaji5apply7generic15apply_resourcesNtNtBa_6models25ClientScopeRepresentationE0s2_0Ba_
FNDA:4,_RNCNCINvNtNtCsbJGTRmkKWod_4kaji5apply7generic15apply_resourcesNtNtBa_6models25ClientScopeRepresentationE0s_0Ba_
FNDA:0,_RNCNCINvNtNtCsbJGTRmkKWod_4kaji5apply7generic15apply_resourcesNtNtBa_6models30IdentityProviderRepresentationE00Ba_
FNDA:3,_RNCNCINvNtNtCsbJGTRmkKWod_4kaji5apply7generic15apply_resourcesNtNtBa_6models30IdentityProviderRepresentationE0s0_0Ba_
FNDA:4,_RNCNCINvNtNtCsbJGTRmkKWod_4kaji5apply7generic15apply_resourcesNtNtBa_6models30IdentityProviderRepresentationE0s1_0Ba_
FNDA:4,_RNCNCINvNtNtCsbJGTRmkKWod_4kaji5apply7generic15apply_resourcesNtNtBa_6models30IdentityProviderRepresentationE0s2_0Ba_
FNDA:4,_RNCNCINvNtNtCsbJGTRmkKWod_4kaji5apply7generic15apply_resourcesNtNtBa_6models30IdentityProviderRepresentationE0s_0Ba_
FNDA:0,_RNCNCINvNtNtCsbJGTRmkKWod_4kaji5apply7generic15apply_resourcesNtNtBa_6models32AuthenticationFlowRepresentationE00Ba_
FNDA:3,_RNCNCINvNtNtCsbJGTRmkKWod_4kaji5apply7generic15apply_resourcesNtNtBa_6models32AuthenticationFlowRepresentationE0s0_0Ba_
FNDA:5,_RNCNCINvNtNtCsbJGTRmkKWod_4kaji5apply7generic15apply_resourcesNtNtBa_6models32AuthenticationFlowRepresentationE0s1_0Ba_
FNDA:5,_RNCNCINvNtNtCsbJGTRmkKWod_4kaji5apply7generic15apply_resourcesNtNtBa_6models32AuthenticationFlowRepresentationE0s2_0Ba_
FNDA:4,_RNCNCINvNtNtCsbJGTRmkKWod_4kaji5apply7generic15apply_resourcesNtNtBa_6models32AuthenticationFlowRepresentationE0s_0Ba_
FNDA:0,_RNCNCINvNtNtCsbJGTRmkKWod_4kaji5apply7generic15apply_resourcesNtNtBa_6models36RequiredActionProviderRepresentationE00Ba_
FNDA:3,_RNCNCINvNtNtCsbJGTRmkKWod_4kaji5apply7generic15apply_resourcesNtNtBa_6models36RequiredActionProviderRepresentationE0s0_0Ba_
FNDA:4,_RNCNCINvNtNtCsbJGTRmkKWod_4kaji5apply7generic15apply_resourcesNtNtBa_6models36RequiredActionProviderRepresentationE0s1_0Ba_
FNDA:4,_RNCNCINvNtNtCsbJGTRmkKWod_4kaji5apply7generic15apply_resourcesNtNtBa_6models36RequiredActionProviderRepresentationE0s2_0Ba_
FNDA:4,_RNCNCINvNtNtCsbJGTRmkKWod_4kaji5apply7generic15apply_resourcesNtNtBa_6models36RequiredActionProviderRepresentationE0s_0Ba_
FNDA:0,_RNCNCNCINvNtNtCsbJGTRmkKWod_4kaji5apply7generic15apply_resourcesNtNtBc_6models18RoleRepresentationE0s2_00Bc_
FNDA:0,_RNCNCNCINvNtNtCsbJGTRmkKWod_4kaji5apply7generic15apply_resourcesNtNtBc_6models18RoleRepresentationE0s2_0s0_0Bc_
FNDA:0,_RNCNCNCINvNtNtCsbJGTRmkKWod_4kaji5apply7generic15apply_resourcesNtNtBc_6models18RoleRepresentationE0s2_0s1_0Bc_
FNDA:0,_RNCNCNCINvNtNtCsbJGTRmkKWod_4kaji5apply7generic15apply_resourcesNtNtBc_6models18RoleRepresentationE0s2_0s_0Bc_
FNDA:0,_RNCNCNCINvNtNtCsbJGTRmkKWod_4kaji5apply7generic15apply_resourcesNtNtBc_6models18UserRepresentationE0s2_00Bc_
FNDA:0,_RNCNCNCINvNtNtCsbJGTRmkKWod_4kaji5apply7generic15apply_resourcesNtNtBc_6models18UserRepresentationE0s2_0s0_0Bc_
FNDA:0,_RNCNCNCINvNtNtCsbJGTRmkKWod_4kaji5apply7generic15apply_resourcesNtNtBc_6models18UserRepresentationE0s2_0s1_0Bc_
FNDA:0,_RNCNCNCINvNtNtCsbJGTRmkKWod_4kaji5apply7generic15apply_resourcesNtNtBc_6models18UserRepresentationE0s2_0s_0Bc_
FNDA:0,_RNCNCNCINvNtNtCsbJGTRmkKWod_4kaji5apply7generic15apply_resourcesNtNtBc_6models19GroupRepresentationE0s2_00Bc_
FNDA:0,_RNCNCNCINvNtNtCsbJGTRmkKWod_4kaji5apply7generic15apply_resourcesNtNtBc_6models19GroupRepresentationE0s2_0s0_0Bc_
FNDA:0,_RNCNCNCINvNtNtCsbJGTRmkKWod_4kaji5apply7generic15apply_resourcesNtNtBc_6models19GroupRepresentationE0s2_0s1_0Bc_
FNDA:0,_RNCNCNCINvNtNtCsbJGTRmkKWod_4kaji5apply7generic15apply_resourcesNtNtBc_6models19GroupRepresentationE0s2_0s_0Bc_
FNDA:0,_RNCNCNCINvNtNtCsbJGTRmkKWod_4kaji5apply7generic15apply_resourcesNtNtBc_6models20ClientRepresentationE0s2_00Bc_
FNDA:0,_RNCNCNCINvNtNtCsbJGTRmkKWod_4kaji5apply7generic15apply_resourcesNtNtBc_6models20ClientRepresentationE0s2_0s0_0Bc_
FNDA:0,_RNCNCNCINvNtNtCsbJGTRmkKWod_4kaji5apply7generic15apply_resourcesNtNtBc_6models20ClientRepresentationE0s2_0s1_0Bc_
FNDA:0,_RNCNCNCINvNtNtCsbJGTRmkKWod_4kaji5apply7generic15apply_resourcesNtNtBc_6models20ClientRepresentationE0s2_0s_0Bc_
FNDA:0,_RNCNCNCINvNtNtCsbJGTRmkKWod_4kaji5apply7generic15apply_resourcesNtNtBc_6models25ClientScopeRepresentationE0s2_00Bc_
FNDA:0,_RNCNCNCINvNtNtCsbJGTRmkKWod_4kaji5apply7generic15apply_resourcesNtNtBc_6models25ClientScopeRepresentationE0s2_0s0_0Bc_
FNDA:0,_RNCNCNCINvNtNtCsbJGTRmkKWod_4kaji5apply7generic15apply_resourcesNtNtBc_6models25ClientScopeRepresentationE0s2_0s1_0Bc_
FNDA:0,_RNCNCNCINvNtNtCsbJGTRmkKWod_4kaji5apply7generic15apply_resourcesNtNtBc_6models25ClientScopeRepresentationE0s2_0s_0Bc_
FNDA:0,_RNCNCNCINvNtNtCsbJGTRmkKWod_4kaji5apply7generic15apply_resourcesNtNtBc_6models30IdentityProviderRepresentationE0s2_00Bc_
FNDA:0,_RNCNCNCINvNtNtCsbJGTRmkKWod_4kaji5apply7generic15apply_resourcesNtNtBc_6models30IdentityProviderRepresentationE0s2_0s0_0Bc_
FNDA:0,_RNCNCNCINvNtNtCsbJGTRmkKWod_4kaji5apply7generic15apply_resourcesNtNtBc_6models30IdentityProviderRepresentationE0s2_0s1_0Bc_
FNDA:0,_RNCNCNCINvNtNtCsbJGTRmkKWod_4kaji5apply7generic15apply_resourcesNtNtBc_6models30IdentityProviderRepresentationE0s2_0s_0Bc_
FNDA:0,_RNCNCNCINvNtNtCsbJGTRmkKWod_4kaji5apply7generic15apply_resourcesNtNtBc_6models32AuthenticationFlowRepresentationE0s2_00Bc_
FNDA:0,_RNCNCNCINvNtNtCsbJGTRmkKWod_4kaji5apply7generic15apply_resourcesNtNtBc_6models32AuthenticationFlowRepresentationE0s2_0s0_0Bc_
FNDA:0,_RNCNCNCINvNtNtCsbJGTRmkKWod_4kaji5apply7generic15apply_resourcesNtNtBc_6models32AuthenticationFlowRepresentationE0s2_0s1_0Bc_
FNDA:0,_RNCNCNCINvNtNtCsbJGTRmkKWod_4kaji5apply7generic15apply_resourcesNtNtBc_6models32AuthenticationFlowRepresentationE0s2_0s_0Bc_
FNDA:0,_RNCNCNCINvNtNtCsbJGTRmkKWod_4kaji5apply7generic15apply_resourcesNtNtBc_6models36RequiredActionProviderRepresentationE0s2_00Bc_
FNDA:0,_RNCNCNCINvNtNtCsbJGTRmkKWod_4kaji5apply7generic15apply_resourcesNtNtBc_6models36RequiredActionProviderRepresentationE0s2_0s0_0Bc_
FNDA:0,_RNCNCNCINvNtNtCsbJGTRmkKWod_4kaji5apply7generic15apply_resourcesNtNtBc_6models36RequiredActionProviderRepresentationE0s2_0s1_0Bc_
FNDA:0,_RNCNCNCINvNtNtCsbJGTRmkKWod_4kaji5apply7generic15apply_resourcesNtNtBc_6models36RequiredActionProviderRepresentationE0s2_0s_0Bc_
FNDA:0,_RINvNtNtCsl2LUZfJeq0O_4kaji5apply7generic15apply_resourcesNtNtB6_6models18RoleRepresentationEB6_
FNDA:0,_RINvNtNtCsl2LUZfJeq0O_4kaji5apply7generic15apply_resourcesNtNtB6_6models18UserRepresentationEB6_
FNDA:0,_RINvNtNtCsl2LUZfJeq0O_4kaji5apply7generic15apply_resourcesNtNtB6_6models19GroupRepresentationEB6_
FNDA:0,_RINvNtNtCsl2LUZfJeq0O_4kaji5apply7generic15apply_resourcesNtNtB6_6models20ClientRepresentationEB6_
FNDA:0,_RINvNtNtCsl2LUZfJeq0O_4kaji5apply7generic15apply_resourcesNtNtB6_6models25ClientScopeRepresentationEB6_
FNDA:0,_RINvNtNtCsl2LUZfJeq0O_4kaji5apply7generic15apply_resourcesNtNtB6_6models30IdentityProviderRepresentationEB6_
FNDA:0,_RINvNtNtCsl2LUZfJeq0O_4kaji5apply7generic15apply_resourcesNtNtB6_6models32AuthenticationFlowRepresentationEB6_
FNDA:0,_RINvNtNtCsl2LUZfJeq0O_4kaji5apply7generic15apply_resourcesNtNtB6_6models36RequiredActionProviderRepresentationEB6_
FNDA:0,_RNCINvNtNtCsl2LUZfJeq0O_4kaji5apply7generic15apply_resourcesNtNtB8_6models18RoleRepresentationE0B8_
FNDA:0,_RNCINvNtNtCsl2LUZfJeq0O_4kaji5apply7generic15apply_resourcesNtNtB8_6models18UserRepresentationE0B8_
FNDA:0,_RNCINvNtNtCsl2LUZfJeq0O_4kaji5apply7generic15apply_resourcesNtNtB8_6models19GroupRepresentationE0B8_
FNDA:0,_RNCINvNtNtCsl2LUZfJeq0O_4kaji5apply7generic15apply_resourcesNtNtB8_6models20ClientRepresentationE0B8_
FNDA:0,_RNCINvNtNtCsl2LUZfJeq0O_4kaji5apply7generic15apply_resourcesNtNtB8_6models25ClientScopeRepresentationE0B8_
FNDA:0,_RNCINvNtNtCsl2LUZfJeq0O_4kaji5apply7generic15apply_resourcesNtNtB8_6models30IdentityProviderRepresentationE0B8_
FNDA:0,_RNCINvNtNtCsl2LUZfJeq0O_4kaji5apply7generic15apply_resourcesNtNtB8_6models32AuthenticationFlowRepresentationE0B8_
FNDA:0,_RNCINvNtNtCsl2LUZfJeq0O_4kaji5apply7generic15apply_resourcesNtNtB8_6models36RequiredActionProviderRepresentationE0B8_
FNDA:0,_RNCNCINvNtNtCsl2LUZfJeq0O_4kaji5apply7generic15apply_resourcesNtNtBa_6models18RoleRepresentationE00Ba_
FNDA:0,_RNCNCINvNtNtCsl2LUZfJeq0O_4kaji5apply7generic15apply_resourcesNtNtBa_6models18RoleRepresentationE0s0_0Ba_
FNDA:0,_RNCNCINvNtNtCsl2LUZfJeq0O_4kaji5apply7generic15apply_resourcesNtNtBa_6models18RoleRepresentationE0s1_0Ba_
FNDA:0,_RNCNCINvNtNtCsl2LUZfJeq0O_4kaji5apply7generic15apply_resourcesNtNtBa_6models18RoleRepresentationE0s2_0Ba_
FNDA:0,_RNCNCINvNtNtCsl2LUZfJeq0O_4kaji5apply7generic15apply_resourcesNtNtBa_6models18RoleRepresentationE0s_0Ba_
FNDA:0,_RNCNCINvNtNtCsl2LUZfJeq0O_4kaji5apply7generic15apply_resourcesNtNtBa_6models18UserRepresentationE00Ba_
FNDA:0,_RNCNCINvNtNtCsl2LUZfJeq0O_4kaji5apply7generic15apply_resourcesNtNtBa_6models18UserRepresentationE0s0_0Ba_
FNDA:0,_RNCNCINvNtNtCsl2LUZfJeq0O_4kaji5apply7generic15apply_resourcesNtNtBa_6models18UserRepresentationE0s1_0Ba_
FNDA:0,_RNCNCINvNtNtCsl2LUZfJeq0O_4kaji5apply7generic15apply_resourcesNtNtBa_6models18UserRepresentationE0s2_0Ba_
FNDA:0,_RNCNCINvNtNtCsl2LUZfJeq0O_4kaji5apply7generic15apply_resourcesNtNtBa_6models18UserRepresentationE0s_0Ba_
FNDA:0,_RNCNCINvNtNtCsl2LUZfJeq0O_4kaji5apply7generic15apply_resourcesNtNtBa_6models19GroupRepresentationE00Ba_
FNDA:0,_RNCNCINvNtNtCsl2LUZfJeq0O_4kaji5apply7generic15apply_resourcesNtNtBa_6models19GroupRepresentationE0s0_0Ba_
FNDA:0,_RNCNCINvNtNtCsl2LUZfJeq0O_4kaji5apply7generic15apply_resourcesNtNtBa_6models19GroupRepresentationE0s1_0Ba_
FNDA:0,_RNCNCINvNtNtCsl2LUZfJeq0O_4kaji5apply7generic15apply_resourcesNtNtBa_6models19GroupRepresentationE0s2_0Ba_
FNDA:0,_RNCNCINvNtNtCsl2LUZfJeq0O_4kaji5apply7generic15apply_resourcesNtNtBa_6models19GroupRepresentationE0s_0Ba_
FNDA:0,_RNCNCINvNtNtCsl2LUZfJeq0O_4kaji5apply7generic15apply_resourcesNtNtBa_6models20ClientRepresentationE00Ba_
FNDA:0,_RNCNCINvNtNtCsl2LUZfJeq0O_4kaji5apply7generic15apply_resourcesNtNtBa_6models20ClientRepresentationE0s0_0Ba_
FNDA:0,_RNCNCINvNtNtCsl2LUZfJeq0O_4kaji5apply7generic15apply_resourcesNtNtBa_6models20ClientRepresentationE0s1_0Ba_
FNDA:0,_RNCNCINvNtNtCsl2LUZfJeq0O_4kaji5apply7generic15apply_resourcesNtNtBa_6models20ClientRepresentationE0s2_0Ba_
FNDA:0,_RNCNCINvNtNtCsl2LUZfJeq0O_4kaji5apply7generic15apply_resourcesNtNtBa_6models20ClientRepresentationE0s_0Ba_
FNDA:0,_RNCNCINvNtNtCsl2LUZfJeq0O_4kaji5apply7generic15apply_resourcesNtNtBa_6models25ClientScopeRepresentationE00Ba_
FNDA:0,_RNCNCINvNtNtCsl2LUZfJeq0O_4kaji5apply7generic15apply_resourcesNtNtBa_6models25ClientScopeRepresentationE0s0_0Ba_
FNDA:0,_RNCNCINvNtNtCsl2LUZfJeq0O_4kaji5apply7generic15apply_resourcesNtNtBa_6models25ClientScopeRepresentationE0s1_0Ba_
FNDA:0,_RNCNCINvNtNtCsl2LUZfJeq0O_4kaji5apply7generic15apply_resourcesNtNtBa_6models25ClientScopeRepresentationE0s2_0Ba_
FNDA:0,_RNCNCINvNtNtCsl2LUZfJeq0O_4kaji5apply7generic15apply_resourcesNtNtBa_6models25ClientScopeRepresentationE0s_0Ba_
FNDA:0,_RNCNCINvNtNtCsl2LUZfJeq0O_4kaji5apply7generic15apply_resourcesNtNtBa_6models30IdentityProviderRepresentationE00Ba_
FNDA:0,_RNCNCINvNtNtCsl2LUZfJeq0O_4kaji5apply7generic15apply_resourcesNtNtBa_6models30IdentityProviderRepresentationE0s0_0Ba_
FNDA:0,_RNCNCINvNtNtCsl2LUZfJeq0O_4kaji5apply7generic15apply_resourcesNtNtBa_6models30IdentityProviderRepresentationE0s1_0Ba_
FNDA:0,_RNCNCINvNtNtCsl2LUZfJeq0O_4kaji5apply7generic15apply_resourcesNtNtBa_6models30IdentityProviderRepresentationE0s2_0Ba_
FNDA:0,_RNCNCINvNtNtCsl2LUZfJeq0O_4kaji5apply7generic15apply_resourcesNtNtBa_6models30IdentityProviderRepresentationE0s_0Ba_
FNDA:0,_RNCNCINvNtNtCsl2LUZfJeq0O_4kaji5apply7generic15apply_resourcesNtNtBa_6models32AuthenticationFlowRepresentationE00Ba_
FNDA:0,_RNCNCINvNtNtCsl2LUZfJeq0O_4kaji5apply7generic15apply_resourcesNtNtBa_6models32AuthenticationFlowRepresentationE0s0_0Ba_
FNDA:0,_RNCNCINvNtNtCsl2LUZfJeq0O_4kaji5apply7generic15apply_resourcesNtNtBa_6models32AuthenticationFlowRepresentationE0s1_0Ba_
FNDA:0,_RNCNCINvNtNtCsl2LUZfJeq0O_4kaji5apply7generic15apply_resourcesNtNtBa_6models32AuthenticationFlowRepresentationE0s2_0Ba_
FNDA:0,_RNCNCINvNtNtCsl2LUZfJeq0O_4kaji5apply7generic15apply_resourcesNtNtBa_6models32AuthenticationFlowRepresentationE0s_0Ba_
FNDA:0,_RNCNCINvNtNtCsl2LUZfJeq0O_4kaji5apply7generic15apply_resourcesNtNtBa_6models36RequiredActionProviderRepresentationE00Ba_
FNDA:0,_RNCNCINvNtNtCsl2LUZfJeq0O_4kaji5apply7generic15apply_resourcesNtNtBa_6models36RequiredActionProviderRepresentationE0s0_0Ba_
FNDA:0,_RNCNCINvNtNtCsl2LUZfJeq0O_4kaji5apply7generic15apply_resourcesNtNtBa_6models36RequiredActionProviderRepresentationE0s1_0Ba_
FNDA:0,_RNCNCINvNtNtCsl2LUZfJeq0O_4kaji5apply7generic15apply_resourcesNtNtBa_6models36RequiredActionProviderRepresentationE0s2_0Ba_
FNDA:0,_RNCNCINvNtNtCsl2LUZfJeq0O_4kaji5apply7generic15apply_resourcesNtNtBa_6models36RequiredActionProviderRepresentationE0s_0Ba_
FNDA:0,_RNCNCNCINvNtNtCsl2LUZfJeq0O_4kaji5apply7generic15apply_resourcesNtNtBc_6models18RoleRepresentationE0s2_00Bc_
FNDA:0,_RNCNCNCINvNtNtCsl2LUZfJeq0O_4kaji5apply7generic15apply_resourcesNtNtBc_6models18RoleRepresentationE0s2_0s0_0Bc_
FNDA:0,_RNCNCNCINvNtNtCsl2LUZfJeq0O_4kaji5apply7generic15apply_resourcesNtNtBc_6models18RoleRepresentationE0s2_0s1_0Bc_
FNDA:0,_RNCNCNCINvNtNtCsl2LUZfJeq0O_4kaji5apply7generic15apply_resourcesNtNtBc_6models18RoleRepresentationE0s2_0s_0Bc_
FNDA:0,_RNCNCNCINvNtNtCsl2LUZfJeq0O_4kaji5apply7generic15apply_resourcesNtNtBc_6models18UserRepresentationE0s2_00Bc_
FNDA:0,_RNCNCNCINvNtNtCsl2LUZfJeq0O_4kaji5apply7generic15apply_resourcesNtNtBc_6models18UserRepresentationE0s2_0s0_0Bc_
FNDA:0,_RNCNCNCINvNtNtCsl2LUZfJeq0O_4kaji5apply7generic15apply_resourcesNtNtBc_6models18UserRepresentationE0s2_0s1_0Bc_
FNDA:0,_RNCNCNCINvNtNtCsl2LUZfJeq0O_4kaji5apply7generic15apply_resourcesNtNtBc_6models18UserRepresentationE0s2_0s_0Bc_
FNDA:0,_RNCNCNCINvNtNtCsl2LUZfJeq0O_4kaji5apply7generic15apply_resourcesNtNtBc_6models19GroupRepresentationE0s2_00Bc_
FNDA:0,_RNCNCNCINvNtNtCsl2LUZfJeq0O_4kaji5apply7generic15apply_resourcesNtNtBc_6models19GroupRepresentationE0s2_0s0_0Bc_
FNDA:0,_RNCNCNCINvNtNtCsl2LUZfJeq0O_4kaji5apply7generic15apply_resourcesNtNtBc_6models19GroupRepresentationE0s2_0s1_0Bc_
FNDA:0,_RNCNCNCINvNtNtCsl2LUZfJeq0O_4kaji5apply7generic15apply_resourcesNtNtBc_6models19GroupRepresentationE0s2_0s_0Bc_
FNDA:0,_RNCNCNCINvNtNtCsl2LUZfJeq0O_4kaji5apply7generic15apply_resourcesNtNtBc_6models20ClientRepresentationE0s2_00Bc_
FNDA:0,_RNCNCNCINvNtNtCsl2LUZfJeq0O_4kaji5apply7generic15apply_resourcesNtNtBc_6models20ClientRepresentationE0s2_0s0_0Bc_
FNDA:0,_RNCNCNCINvNtNtCsl2LUZfJeq0O_4kaji5apply7generic15apply_resourcesNtNtBc_6models20ClientRepresentationE0s2_0s1_0Bc_
FNDA:0,_RNCNCNCINvNtNtCsl2LUZfJeq0O_4kaji5apply7generic15apply_resourcesNtNtBc_6models20ClientRepresentationE0s2_0s_0Bc_
FNDA:0,_RNCNCNCINvNtNtCsl2LUZfJeq0O_4kaji5apply7generic15apply_resourcesNtNtBc_6models25ClientScopeRepresentationE0s2_00Bc_
FNDA:0,_RNCNCNCINvNtNtCsl2LUZfJeq0O_4kaji5apply7generic15apply_resourcesNtNtBc_6models25ClientScopeRepresentationE0s2_0s0_0Bc_
FNDA:0,_RNCNCNCINvNtNtCsl2LUZfJeq0O_4kaji5apply7generic15apply_resourcesNtNtBc_6models25ClientScopeRepresentationE0s2_0s1_0Bc_
FNDA:0,_RNCNCNCINvNtNtCsl2LUZfJeq0O_4kaji5apply7generic15apply_resourcesNtNtBc_6models25ClientScopeRepresentationE0s2_0s_0Bc_
FNDA:0,_RNCNCNCINvNtNtCsl2LUZfJeq0O_4kaji5apply7generic15apply_resourcesNtNtBc_6models30IdentityProviderRepresentationE0s2_00Bc_
FNDA:0,_RNCNCNCINvNtNtCsl2LUZfJeq0O_4kaji5apply7generic15apply_resourcesNtNtBc_6models30IdentityProviderRepresentationE0s2_0s0_0Bc_
FNDA:0,_RNCNCNCINvNtNtCsl2LUZfJeq0O_4kaji5apply7generic15apply_resourcesNtNtBc_6models30IdentityProviderRepresentationE0s2_0s1_0Bc_
FNDA:0,_RNCNCNCINvNtNtCsl2LUZfJeq0O_4kaji5apply7generic15apply_resourcesNtNtBc_6models30IdentityProviderRepresentationE0s2_0s_0Bc_
FNDA:0,_RNCNCNCINvNtNtCsl2LUZfJeq0O_4kaji5apply7generic15apply_resourcesNtNtBc_6models32AuthenticationFlowRepresentationE0s2_00Bc_
FNDA:0,_RNCNCNCINvNtNtCsl2LUZfJeq0O_4kaji5apply7generic15apply_resourcesNtNtBc_6models32AuthenticationFlowRepresentationE0s2_0s0_0Bc_
FNDA:0,_RNCNCNCINvNtNtCsl2LUZfJeq0O_4kaji5apply7generic15apply_resourcesNtNtBc_6models32AuthenticationFlowRepresentationE0s2_0s1_0Bc_
FNDA:0,_RNCNCNCINvNtNtCsl2LUZfJeq0O_4kaji5apply7generic15apply_resourcesNtNtBc_6models32AuthenticationFlowRepresentationE0s2_0s_0Bc_
FNDA:0,_RNCNCNCINvNtNtCsl2LUZfJeq0O_4kaji5apply7generic15apply_resourcesNtNtBc_6models36RequiredActionProviderRepresentationE0s2_00Bc_
FNDA:0,_RNCNCNCINvNtNtCsl2LUZfJeq0O_4kaji5apply7generic15apply_resourcesNtNtBc_6models36RequiredActionProviderRepresentationE0s2_0s0_0Bc_
FNDA:0,_RNCNCNCINvNtNtCsl2LUZfJeq0O_4kaji5apply7generic15apply_resourcesNtNtBc_6models36RequiredActionProviderRepresentationE0s2_0s1_0Bc_
FNDA:0,_RNCNCNCINvNtNtCsl2LUZfJeq0O_4kaji5apply7generic15apply_resourcesNtNtBc_6models36RequiredActionProviderRepresentationE0s2_0s_0Bc_
FNF:11
FNH:6
DA:15,106
DA:16,106
DA:17,106
DA:18,106
DA:19,106
DA:20,106
DA:21,106
DA:22,106
DA:23,106
DA:24,106
DA:25,106
DA:26,106
DA:27,106
DA:28,106
DA:29,106
DA:30,106
DA:31,106
DA:32,106
DA:33,106
DA:34,106
DA:35,106
DA:36,106
DA:37,106
DA:38,106
DA:39,69
DA:40,37
DA:42,37
DA:43,37
DA:44,37
DA:45,37
DA:47,37
DA:48,37
DA:49,48
DA:50,48
DA:51,48
DA:52,48
DA:53,48
DA:54,0
DA:56,48
DA:57,37
DA:58,37
DA:60,37
DA:61,37
DA:62,108
DA:63,71
DA:64,71
DA:65,71
DA:66,71
DA:67,71
DA:69,27
DA:70,44
DA:71,44
DA:72,1
DA:73,43
DA:75,43
DA:76,3
DA:77,40
DA:78,40
DA:81,37
DA:82,15
DA:83,22
DA:85,22
DA:86,22
DA:88,40
DA:89,40
DA:90,40
DA:91,40
DA:92,40
DA:93,40
DA:94,40
DA:95,40
DA:97,40
DA:98,40
DA:99,39
DA:100,39
DA:101,39
DA:103,39
DA:104,0
DA:105,0
DA:107,39
DA:109,39
DA:110,3
DA:111,3
DA:112,3
DA:113,3
DA:114,3
DA:115,3
DA:116,3
DA:117,3
DA:118,3
DA:119,3
DA:120,3
DA:121,2
DA:122,2
DA:123,1
DA:124,36
DA:126,37
DA:127,17
DA:128,17
DA:129,0
DA:132,0
DA:135,0
DA:136,17
DA:138,17
DA:140,17
DA:143,20
DA:144,20
DA:145,0
DA:148,0
DA:151,0
DA:152,20
DA:154,20
DA:156,20
DA:159,37
DA:160,37
DA:161,40
DA:164,22
DA:165,21
DA:166,21
DA:167,106
BRF:0
BRH:0
LF:132
LH:115
end_of_record
SF:/app/src/apply/mod.rs
FN:229,_RNvNtCsbJGTRmkKWod_4kaji5apply18apply_single_realm
FN:112,_RNvNtCsbJGTRmkKWod_4kaji5apply3run
FN:57,_RNCNCNvNtNtCsbJGTRmkKWod_4kaji5apply10components22process_component_file0s0_0B9_
FN:73,_RNCNCNvNtNtCsbJGTRmkKWod_4kaji5apply10components22process_component_file0s1_0B9_
FN:315,_RNCNCNvNtCsbJGTRmkKWod_4kaji5apply18apply_single_realm00B7_
FN:347,_RNCNCNvNtCsbJGTRmkKWod_4kaji5apply18apply_single_realm0s0_0B7_
FN:20,_RNCNCNvNtCsbJGTRmkKWod_4kaji5apply18apply_single_realm0s1_0B7_
FN:20,_RNCNCNvNtCsbJGTRmkKWod_4kaji5apply18apply_single_realm0s2_0B7_
FN:20,_RNCNCNvNtCsbJGTRmkKWod_4kaji5apply18apply_single_realm0s3_0B7_
FN:20,_RNCNCNvNtCsbJGTRmkKWod_4kaji5apply18apply_single_realm0s4_0B7_
FN:20,_RNCNCNvNtCsbJGTRmkKWod_4kaji5apply18apply_single_realm0s5_0B7_
FN:20,_RNCNCNvNtCsbJGTRmkKWod_4kaji5apply18apply_single_realm0s6_0B7_
FN:20,_RNCNCNvNtCsbJGTRmkKWod_4kaji5apply18apply_single_realm0s7_0B7_
FN:20,_RNCNCNvNtCsbJGTRmkKWod_4kaji5apply18apply_single_realm0s8_0B7_
FN:328,_RNCNCNvNtCsbJGTRmkKWod_4kaji5apply18apply_single_realm0s_0B7_
FN:195,_RNCNCNvNtCsbJGTRmkKWod_4kaji5apply3run00B7_
FN:238,_RNCNvNtCsbJGTRmkKWod_4kaji5apply18apply_single_realm0B5_
FN:121,_RNCNvNtCsbJGTRmkKWod_4kaji5apply3run0B5_
FN:57,_RNCNCNvNtNtCsl2LUZfJeq0O_4kaji5apply10components22process_component_file0s0_0B9_
FN:73,_RNCNCNvNtNtCsl2LUZfJeq0O_4kaji5apply10components22process_component_file0s1_0B9_
FN:229,_RNvNtCsl2LUZfJeq0O_4kaji5apply18apply_single_realm
FN:112,_RNvNtCsl2LUZfJeq0O_4kaji5apply3run
FN:315,_RNCNCNvNtCsl2LUZfJeq0O_4kaji5apply18apply_single_realm00B7_
FN:347,_RNCNCNvNtCsl2LUZfJeq0O_4kaji5apply18apply_single_realm0s0_0B7_
FN:20,_RNCNCNvNtCsl2LUZfJeq0O_4kaji5apply18apply_single_realm0s1_0B7_
FN:20,_RNCNCNvNtCsl2LUZfJeq0O_4kaji5apply18apply_single_realm0s2_0B7_
FN:20,_RNCNCNvNtCsl2LUZfJeq0O_4kaji5apply18apply_single_realm0s3_0B7_
FN:20,_RNCNCNvNtCsl2LUZfJeq0O_4kaji5apply18apply_single_realm0s4_0B7_
FN:20,_RNCNCNvNtCsl2LUZfJeq0O_4kaji5apply18apply_single_realm0s5_0B7_
FN:20,_RNCNCNvNtCsl2LUZfJeq0O_4kaji5apply18apply_single_realm0s6_0B7_
FN:20,_RNCNCNvNtCsl2LUZfJeq0O_4kaji5apply18apply_single_realm0s7_0B7_
FN:20,_RNCNCNvNtCsl2LUZfJeq0O_4kaji5apply18apply_single_realm0s8_0B7_
FN:328,_RNCNCNvNtCsl2LUZfJeq0O_4kaji5apply18apply_single_realm0s_0B7_
FN:195,_RNCNCNvNtCsl2LUZfJeq0O_4kaji5apply3run00B7_
FN:238,_RNCNvNtCsl2LUZfJeq0O_4kaji5apply18apply_single_realm0B5_
FN:121,_RNCNvNtCsl2LUZfJeq0O_4kaji5apply3run0B5_
FNDA:14,_RNvNtCsbJGTRmkKWod_4kaji5apply18apply_single_realm
FNDA:19,_RNvNtCsbJGTRmkKWod_4kaji5apply3run
FNDA:0,_RNCNCNvNtNtCsbJGTRmkKWod_4kaji5apply10components22process_component_file0s0_0B9_
FNDA:0,_RNCNCNvNtNtCsbJGTRmkKWod_4kaji5apply10components22process_component_file0s1_0B9_
FNDA:13,_RNCNCNvNtCsbJGTRmkKWod_4kaji5apply18apply_single_realm00B7_
FNDA:13,_RNCNCNvNtCsbJGTRmkKWod_4kaji5apply18apply_single_realm0s0_0B7_
FNDA:14,_RNCNCNvNtCsbJGTRmkKWod_4kaji5apply18apply_single_realm0s1_0B7_
FNDA:14,_RNCNCNvNtCsbJGTRmkKWod_4kaji5apply18apply_single_realm0s2_0B7_
FNDA:13,_RNCNCNvNtCsbJGTRmkKWod_4kaji5apply18apply_single_realm0s3_0B7_
FNDA:13,_RNCNCNvNtCsbJGTRmkKWod_4kaji5apply18apply_single_realm0s4_0B7_
FNDA:13,_RNCNCNvNtCsbJGTRmkKWod_4kaji5apply18apply_single_realm0s5_0B7_
FNDA:13,_RNCNCNvNtCsbJGTRmkKWod_4kaji5apply18apply_single_realm0s6_0B7_
FNDA:13,_RNCNCNvNtCsbJGTRmkKWod_4kaji5apply18apply_single_realm0s7_0B7_
FNDA:13,_RNCNCNvNtCsbJGTRmkKWod_4kaji5apply18apply_single_realm0s8_0B7_
FNDA:13,_RNCNCNvNtCsbJGTRmkKWod_4kaji5apply18apply_single_realm0s_0B7_
FNDA:14,_RNCNCNvNtCsbJGTRmkKWod_4kaji5apply3run00B7_
FNDA:14,_RNCNvNtCsbJGTRmkKWod_4kaji5apply18apply_single_realm0B5_
FNDA:19,_RNCNvNtCsbJGTRmkKWod_4kaji5apply3run0B5_
FNDA:1,_RNCNCNvNtNtCsl2LUZfJeq0O_4kaji5apply10components22process_component_file0s0_0B9_
FNDA:1,_RNCNCNvNtNtCsl2LUZfJeq0O_4kaji5apply10components22process_component_file0s1_0B9_
FNDA:0,_RNvNtCsl2LUZfJeq0O_4kaji5apply18apply_single_realm
FNDA:0,_RNvNtCsl2LUZfJeq0O_4kaji5apply3run
FNDA:0,_RNCNCNvNtCsl2LUZfJeq0O_4kaji5apply18apply_single_realm00B7_
FNDA:0,_RNCNCNvNtCsl2LUZfJeq0O_4kaji5apply18apply_single_realm0s0_0B7_
FNDA:0,_RNCNCNvNtCsl2LUZfJeq0O_4kaji5apply18apply_single_realm0s1_0B7_
FNDA:0,_RNCNCNvNtCsl2LUZfJeq0O_4kaji5apply18apply_single_realm0s2_0B7_
FNDA:0,_RNCNCNvNtCsl2LUZfJeq0O_4kaji5apply18apply_single_realm0s3_0B7_
FNDA:0,_RNCNCNvNtCsl2LUZfJeq0O_4kaji5apply18apply_single_realm0s4_0B7_
FNDA:0,_RNCNCNvNtCsl2LUZfJeq0O_4kaji5apply18apply_single_realm0s5_0B7_
FNDA:0,_RNCNCNvNtCsl2LUZfJeq0O_4kaji5apply18apply_single_realm0s6_0B7_
FNDA:0,_RNCNCNvNtCsl2LUZfJeq0O_4kaji5apply18apply_single_realm0s7_0B7_
FNDA:0,_RNCNCNvNtCsl2LUZfJeq0O_4kaji5apply18apply_single_realm0s8_0B7_
FNDA:0,_RNCNCNvNtCsl2LUZfJeq0O_4kaji5apply18apply_single_realm0s_0B7_
FNDA:0,_RNCNCNvNtCsl2LUZfJeq0O_4kaji5apply3run00B7_
FNDA:0,_RNCNvNtCsl2LUZfJeq0O_4kaji5apply18apply_single_realm0B5_
FNDA:0,_RNCNvNtCsl2LUZfJeq0O_4kaji5apply3run0B5_
FNF:11
FNH:11
DA:20,106
DA:21,106
DA:22,106
DA:23,106
DA:24,106
DA:25,106
DA:26,106
DA:27,106
DA:28,106
DA:29,106
DA:30,106
DA:31,106
DA:32,106
DA:57,1
DA:58,1
DA:61,1
DA:64,1
DA:73,1
DA:74,1
DA:77,1
DA:80,1
DA:112,19
DA:113,19
DA:114,19
DA:115,19
DA:116,19
DA:117,19
DA:118,19
DA:119,19
DA:120,19
DA:121,19
DA:122,19
DA:123,2
DA:124,17
DA:127,17
DA:128,17
DA:129,6
DA:130,6
DA:131,6
DA:132,2
DA:133,0
DA:134,0
DA:135,0
DA:136,0
DA:137,0
DA:138,0
DA:139,0
DA:140,0
DA:141,2
DA:143,2
DA:145,4
DA:146,4
DA:149,11
DA:150,3
DA:151,3
DA:152,3
DA:153,3
DA:154,3
DA:155,1
DA:156,1
DA:157,2
DA:158,8
DA:159,10
DA:162,16
DA:163,4
DA:164,4
DA:165,7
DA:166,3
DA:167,2
DA:168,2
DA:170,4
DA:172,12
DA:175,16
DA:176,2
DA:178,2
DA:179,2
DA:181,2
DA:182,14
DA:184,14
DA:186,14
DA:187,14
DA:188,14
DA:189,14
DA:190,14
DA:191,14
DA:192,14
DA:193,14
DA:195,14
DA:196,14
DA:198,14
DA:199,14
DA:200,14
DA:201,14
DA:204,14
DA:205,14
DA:206,14
DA:207,14
DA:208,14
DA:209,14
DA:210,14
DA:211,14
DA:212,14
DA:213,14
DA:214,14
DA:215,14
DA:218,14
DA:221,13
DA:222,6
DA:223,7
DA:225,13
DA:226,19
DA:229,14
DA:230,14
DA:231,14
DA:232,14
DA:233,14
DA:234,14
DA:235,14
DA:236,14
DA:237,14
DA:238,14
DA:240,14
DA:241,14
DA:242,14
DA:243,14
DA:244,14
DA:245,14
DA:246,14
DA:247,14
DA:248,14
DA:252,14
DA:253,14
DA:254,14
DA:255,14
DA:256,14
DA:259,14
DA:260,14
DA:261,14
DA:265,14
DA:270,13
DA:271,13
DA:272,13
DA:273,13
DA:274,13
DA:277,13
DA:278,13
DA:279,13
DA:289,13
DA:294,13
DA:295,13
DA:296,13
DA:297,13
DA:298,13
DA:301,13
DA:302,13
DA:303,13
DA:308,13
DA:309,13
DA:310,13
DA:311,13
DA:312,13
DA:313,13
DA:314,13
DA:315,13
DA:316,13
DA:317,13
DA:318,13
DA:319,13
DA:320,13
DA:322,13
DA:323,13
DA:324,13
DA:325,13
DA:326,13
DA:327,13
DA:328,13
DA:329,13
DA:330,13
DA:331,13
DA:332,13
DA:333,13
DA:334,13
DA:335,13
DA:336,13
DA:337,13
DA:338,13
DA:339,13
DA:341,13
DA:342,13
DA:343,13
DA:344,13
DA:345,13
DA:346,13
DA:347,13
DA:348,13
DA:349,13
DA:350,13
DA:351,13
DA:352,13
DA:354,13
DA:357,13
DA:358,14
BRF:0
BRH:0
LF:208
LH:200
end_of_record
SF:/app/src/apply/realm.rs
FN:35,_RNCNCNvNtNtCsbJGTRmkKWod_4kaji5apply5realm11apply_realm00B9_
FN:20,_RNCNvNtNtCsbJGTRmkKWod_4kaji5apply5realm11apply_realm0B7_
FN:13,_RNvNtNtCsbJGTRmkKWod_4kaji5apply5realm11apply_realm
FN:35,_RNCNCNvNtNtCsl2LUZfJeq0O_4kaji5apply5realm11apply_realm00B9_
FN:20,_RNCNvNtNtCsl2LUZfJeq0O_4kaji5apply5realm11apply_realm0B7_
FN:13,_RNvNtNtCsl2LUZfJeq0O_4kaji5apply5realm11apply_realm
FNDA:0,_RNCNCNvNtNtCsbJGTRmkKWod_4kaji5apply5realm11apply_realm00B9_
FNDA:14,_RNCNvNtNtCsbJGTRmkKWod_4kaji5apply5realm11apply_realm0B7_
FNDA:14,_RNvNtNtCsbJGTRmkKWod_4kaji5apply5realm11apply_realm
FNDA:0,_RNCNCNvNtNtCsl2LUZfJeq0O_4kaji5apply5realm11apply_realm00B9_
FNDA:0,_RNCNvNtNtCsl2LUZfJeq0O_4kaji5apply5realm11apply_realm0B7_
FNDA:0,_RNvNtNtCsl2LUZfJeq0O_4kaji5apply5realm11apply_realm
FNF:3
FNH:2
DA:13,14
DA:14,14
DA:15,14
DA:16,14
DA:17,14
DA:18,14
DA:19,14
DA:20,14
DA:22,14
DA:23,14
DA:24,4
DA:26,2
DA:27,12
DA:28,12
DA:29,10
DA:30,10
DA:31,10
DA:32,10
DA:33,10
DA:34,10
DA:35,10
DA:36,10
DA:38,10
DA:39,10
DA:41,2
DA:42,12
DA:43,14
BRF:0
BRH:0
LF:29
LH:28
end_of_record
SF:/app/src/apply/test_utils.rs
FN:20,_RNCNCNCNvNtNtCsl2LUZfJeq0O_4kaji5apply10test_utils17start_mock_server0s0_00Bb_
FN:20,_RNCNCNCNvNtNtCsl2LUZfJeq0O_4kaji5apply10test_utils17start_mock_server0s1_00Bb_
FN:42,_RNCNCNCNvNtNtCsl2LUZfJeq0O_4kaji5apply10test_utils17start_mock_server0s2_00Bb_
FN:20,_RNCNCNCNvNtNtCsl2LUZfJeq0O_4kaji5apply10test_utils17start_mock_server0s3_00Bb_
FN:20,_RNCNCNCNvNtNtCsl2LUZfJeq0O_4kaji5apply10test_utils17start_mock_server0s4_00Bb_
FN:42,_RNCNCNCNvNtNtCsl2LUZfJeq0O_4kaji5apply10test_utils17start_mock_server0s5_00Bb_
FN:20,_RNCNCNCNvNtNtCsl2LUZfJeq0O_4kaji5apply10test_utils17start_mock_server0s6_00Bb_
FN:20,_RNCNCNCNvNtNtCsl2LUZfJeq0O_4kaji5apply10test_utils17start_mock_server0s7_00Bb_
FN:42,_RNCNCNCNvNtNtCsl2LUZfJeq0O_4kaji5apply10test_utils17start_mock_server0s8_00Bb_
FN:35,_RNCNCNCNvNtNtCsl2LUZfJeq0O_4kaji5apply10test_utils17start_mock_server0s9_00Bb_
FN:42,_RNCNCNCNvNtNtCsl2LUZfJeq0O_4kaji5apply10test_utils17start_mock_server0s_00Bb_
FN:20,_RNCNCNCNvNtNtCsl2LUZfJeq0O_4kaji5apply10test_utils17start_mock_server0sa_00Bb_
FN:35,_RNCNCNCNvNtNtCsl2LUZfJeq0O_4kaji5apply10test_utils17start_mock_server0sb_00Bb_
FN:42,_RNCNCNCNvNtNtCsl2LUZfJeq0O_4kaji5apply10test_utils17start_mock_server0sc_00Bb_
FN:20,_RNCNCNCNvNtNtCsl2LUZfJeq0O_4kaji5apply10test_utils17start_mock_server0sd_00Bb_
FN:20,_RNCNCNCNvNtNtCsl2LUZfJeq0O_4kaji5apply10test_utils17start_mock_server0se_00Bb_
FN:42,_RNCNCNCNvNtNtCsl2LUZfJeq0O_4kaji5apply10test_utils17start_mock_server0sf_00Bb_
FN:20,_RNCNCNCNvNtNtCsl2LUZfJeq0O_4kaji5apply10test_utils17start_mock_server0sg_00Bb_
FN:20,_RNCNCNCNvNtNtCsl2LUZfJeq0O_4kaji5apply10test_utils17start_mock_server0sh_00Bb_
FN:42,_RNCNCNCNvNtNtCsl2LUZfJeq0O_4kaji5apply10test_utils17start_mock_server0si_00Bb_
FN:20,_RNCNCNCNvNtNtCsl2LUZfJeq0O_4kaji5apply10test_utils17start_mock_server0sj_00Bb_
FN:20,_RNCNCNCNvNtNtCsl2LUZfJeq0O_4kaji5apply10test_utils17start_mock_server0sk_00Bb_
FN:42,_RNCNCNCNvNtNtCsl2LUZfJeq0O_4kaji5apply10test_utils17start_mock_server0sl_00Bb_
FN:20,_RNCNCNCNvNtNtCsl2LUZfJeq0O_4kaji5apply10test_utils17start_mock_server0sm_00Bb_
FN:20,_RNCNCNCNvNtNtCsl2LUZfJeq0O_4kaji5apply10test_utils17start_mock_server0sn_00Bb_
FN:218,_RNCNCNvNtNtCsl2LUZfJeq0O_4kaji5apply10test_utils17start_mock_server00B9_
FN:18,_RNCNCNvNtNtCsl2LUZfJeq0O_4kaji5apply10test_utils17start_mock_server0s0_0B9_
FN:18,_RNCNCNvNtNtCsl2LUZfJeq0O_4kaji5apply10test_utils17start_mock_server0s1_0B9_
FN:42,_RNCNCNvNtNtCsl2LUZfJeq0O_4kaji5apply10test_utils17start_mock_server0s2_0B9_
FN:18,_RNCNCNvNtNtCsl2LUZfJeq0O_4kaji5apply10test_utils17start_mock_server0s3_0B9_
FN:18,_RNCNCNvNtNtCsl2LUZfJeq0O_4kaji5apply10test_utils17start_mock_server0s4_0B9_
FN:42,_RNCNCNvNtNtCsl2LUZfJeq0O_4kaji5apply10test_utils17start_mock_server0s5_0B9_
FN:18,_RNCNCNvNtNtCsl2LUZfJeq0O_4kaji5apply10test_utils17start_mock_server0s6_0B9_
FN:18,_RNCNCNvNtNtCsl2LUZfJeq0O_4kaji5apply10test_utils17start_mock_server0s7_0B9_
FN:42,_RNCNCNvNtNtCsl2LUZfJeq0O_4kaji5apply10test_utils17start_mock_server0s8_0B9_
FN:33,_RNCNCNvNtNtCsl2LUZfJeq0O_4kaji5apply10test_utils17start_mock_server0s9_0B9_
FN:42,_RNCNCNvNtNtCsl2LUZfJeq0O_4kaji5apply10test_utils17start_mock_server0s_0B9_
FN:18,_RNCNCNvNtNtCsl2LUZfJeq0O_4kaji5apply10test_utils17start_mock_server0sa_0B9_
FN:33,_RNCNCNvNtNtCsl2LUZfJeq0O_4kaji5apply10test_utils17start_mock_server0sb_0B9_
FN:42,_RNCNCNvNtNtCsl2LUZfJeq0O_4kaji5apply10test_utils17start_mock_server0sc_0B9_
FN:18,_RNCNCNvNtNtCsl2LUZfJeq0O_4kaji5apply10test_utils17start_mock_server0sd_0B9_
FN:18,_RNCNCNvNtNtCsl2LUZfJeq0O_4kaji5apply10test_utils17start_mock_server0se_0B9_
FN:42,_RNCNCNvNtNtCsl2LUZfJeq0O_4kaji5apply10test_utils17start_mock_server0sf_0B9_
FN:18,_RNCNCNvNtNtCsl2LUZfJeq0O_4kaji5apply10test_utils17start_mock_server0sg_0B9_
FN:18,_RNCNCNvNtNtCsl2LUZfJeq0O_4kaji5apply10test_utils17start_mock_server0sh_0B9_
FN:42,_RNCNCNvNtNtCsl2LUZfJeq0O_4kaji5apply10test_utils17start_mock_server0si_0B9_
FN:18,_RNCNCNvNtNtCsl2LUZfJeq0O_4kaji5apply10test_utils17start_mock_server0sj_0B9_
FN:18,_RNCNCNvNtNtCsl2LUZfJeq0O_4kaji5apply10test_utils17start_mock_server0sk_0B9_
FN:42,_RNCNCNvNtNtCsl2LUZfJeq0O_4kaji5apply10test_utils17start_mock_server0sl_0B9_
FN:18,_RNCNCNvNtNtCsl2LUZfJeq0O_4kaji5apply10test_utils17start_mock_server0sm_0B9_
FN:18,_RNCNCNvNtNtCsl2LUZfJeq0O_4kaji5apply10test_utils17start_mock_server0sn_0B9_
FN:11,_RNCNvNtNtCsl2LUZfJeq0O_4kaji5apply10test_utils17start_mock_server0B7_
FN:11,_RNvNtNtCsl2LUZfJeq0O_4kaji5apply10test_utils17start_mock_server
FNDA:0,_RNCNCNCNvNtNtCsl2LUZfJeq0O_4kaji5apply10test_utils17start_mock_server0s0_00Bb_
FNDA:0,_RNCNCNCNvNtNtCsl2LUZfJeq0O_4kaji5apply10test_utils17start_mock_server0s1_00Bb_
FNDA:0,_RNCNCNCNvNtNtCsl2LUZfJeq0O_4kaji5apply10test_utils17start_mock_server0s2_00Bb_
FNDA:0,_RNCNCNCNvNtNtCsl2LUZfJeq0O_4kaji5apply10test_utils17start_mock_server0s3_00Bb_
FNDA:0,_RNCNCNCNvNtNtCsl2LUZfJeq0O_4kaji5apply10test_utils17start_mock_server0s4_00Bb_
FNDA:0,_RNCNCNCNvNtNtCsl2LUZfJeq0O_4kaji5apply10test_utils17start_mock_server0s5_00Bb_
FNDA:0,_RNCNCNCNvNtNtCsl2LUZfJeq0O_4kaji5apply10test_utils17start_mock_server0s6_00Bb_
FNDA:0,_RNCNCNCNvNtNtCsl2LUZfJeq0O_4kaji5apply10test_utils17start_mock_server0s7_00Bb_
FNDA:0,_RNCNCNCNvNtNtCsl2LUZfJeq0O_4kaji5apply10test_utils17start_mock_server0s8_00Bb_
FNDA:0,_RNCNCNCNvNtNtCsl2LUZfJeq0O_4kaji5apply10test_utils17start_mock_server0s9_00Bb_
FNDA:0,_RNCNCNCNvNtNtCsl2LUZfJeq0O_4kaji5apply10test_utils17start_mock_server0s_00Bb_
FNDA:0,_RNCNCNCNvNtNtCsl2LUZfJeq0O_4kaji5apply10test_utils17start_mock_server0sa_00Bb_
FNDA:0,_RNCNCNCNvNtNtCsl2LUZfJeq0O_4kaji5apply10test_utils17start_mock_server0sb_00Bb_
FNDA:0,_RNCNCNCNvNtNtCsl2LUZfJeq0O_4kaji5apply10test_utils17start_mock_server0sc_00Bb_
FNDA:0,_RNCNCNCNvNtNtCsl2LUZfJeq0O_4kaji5apply10test_utils17start_mock_server0sd_00Bb_
FNDA:0,_RNCNCNCNvNtNtCsl2LUZfJeq0O_4kaji5apply10test_utils17start_mock_server0se_00Bb_
FNDA:0,_RNCNCNCNvNtNtCsl2LUZfJeq0O_4kaji5apply10test_utils17start_mock_server0sf_00Bb_
FNDA:0,_RNCNCNCNvNtNtCsl2LUZfJeq0O_4kaji5apply10test_utils17start_mock_server0sg_00Bb_
FNDA:0,_RNCNCNCNvNtNtCsl2LUZfJeq0O_4kaji5apply10test_utils17start_mock_server0sh_00Bb_
FNDA:2,_RNCNCNCNvNtNtCsl2LUZfJeq0O_4kaji5apply10test_utils17start_mock_server0si_00Bb_
FNDA:1,_RNCNCNCNvNtNtCsl2LUZfJeq0O_4kaji5apply10test_utils17start_mock_server0sj_00Bb_
FNDA:1,_RNCNCNCNvNtNtCsl2LUZfJeq0O_4kaji5apply10test_utils17start_mock_server0sk_00Bb_
FNDA:0,_RNCNCNCNvNtNtCsl2LUZfJeq0O_4kaji5apply10test_utils17start_mock_server0sl_00Bb_
FNDA:0,_RNCNCNCNvNtNtCsl2LUZfJeq0O_4kaji5apply10test_utils17start_mock_server0sm_00Bb_
FNDA:0,_RNCNCNCNvNtNtCsl2LUZfJeq0O_4kaji5apply10test_utils17start_mock_server0sn_00Bb_
FNDA:1,_RNCNCNvNtNtCsl2LUZfJeq0O_4kaji5apply10test_utils17start_mock_server00B9_
FNDA:0,_RNCNCNvNtNtCsl2LUZfJeq0O_4kaji5apply10test_utils17start_mock_server0s0_0B9_
FNDA:0,_RNCNCNvNtNtCsl2LUZfJeq0O_4kaji5apply10test_utils17start_mock_server0s1_0B9_
FNDA:0,_RNCNCNvNtNtCsl2LUZfJeq0O_4kaji5apply10test_utils17start_mock_server0s2_0B9_
FNDA:0,_RNCNCNvNtNtCsl2LUZfJeq0O_4kaji5apply10test_utils17start_mock_server0s3_0B9_
FNDA:0,_RNCNCNvNtNtCsl2LUZfJeq0O_4kaji5apply10test_utils17start_mock_server0s4_0B9_
FNDA:0,_RNCNCNvNtNtCsl2LUZfJeq0O_4kaji5apply10test_utils17start_mock_server0s5_0B9_
FNDA:0,_RNCNCNvNtNtCsl2LUZfJeq0O_4kaji5apply10test_utils17start_mock_server0s6_0B9_
FNDA:0,_RNCNCNvNtNtCsl2LUZfJeq0O_4kaji5apply10test_utils17start_mock_server0s7_0B9_
FNDA:0,_RNCNCNvNtNtCsl2LUZfJeq0O_4kaji5apply10test_utils17start_mock_server0s8_0B9_
FNDA:0,_RNCNCNvNtNtCsl2LUZfJeq0O_4kaji5apply10test_utils17start_mock_server0s9_0B9_
FNDA:0,_RNCNCNvNtNtCsl2LUZfJeq0O_4kaji5apply10test_utils17start_mock_server0s_0B9_
FNDA:0,_RNCNCNvNtNtCsl2LUZfJeq0O_4kaji5apply10test_utils17start_mock_server0sa_0B9_
FNDA:0,_RNCNCNvNtNtCsl2LUZfJeq0O_4kaji5apply10test_utils17start_mock_server0sb_0B9_
FNDA:0,_RNCNCNvNtNtCsl2LUZfJeq0O_4kaji5apply10test_utils17start_mock_server0sc_0B9_
FNDA:0,_RNCNCNvNtNtCsl2LUZfJeq0O_4kaji5apply10test_utils17start_mock_server0sd_0B9_
FNDA:0,_RNCNCNvNtNtCsl2LUZfJeq0O_4kaji5apply10test_utils17start_mock_server0se_0B9_
FNDA:0,_RNCNCNvNtNtCsl2LUZfJeq0O_4kaji5apply10test_utils17start_mock_server0sf_0B9_
FNDA:0,_RNCNCNvNtNtCsl2LUZfJeq0O_4kaji5apply10test_utils17start_mock_server0sg_0B9_
FNDA:0,_RNCNCNvNtNtCsl2LUZfJeq0O_4kaji5apply10test_utils17start_mock_server0sh_0B9_
FNDA:2,_RNCNCNvNtNtCsl2LUZfJeq0O_4kaji5apply10test_utils17start_mock_server0si_0B9_
FNDA:1,_RNCNCNvNtNtCsl2LUZfJeq0O_4kaji5apply10test_utils17start_mock_server0sj_0B9_
FNDA:1,_RNCNCNvNtNtCsl2LUZfJeq0O_4kaji5apply10test_utils17start_mock_server0sk_0B9_
FNDA:0,_RNCNCNvNtNtCsl2LUZfJeq0O_4kaji5apply10test_utils17start_mock_server0sl_0B9_
FNDA:0,_RNCNCNvNtNtCsl2LUZfJeq0O_4kaji5apply10test_utils17start_mock_server0sm_0B9_
FNDA:0,_RNCNCNvNtNtCsl2LUZfJeq0O_4kaji5apply10test_utils17start_mock_server0sn_0B9_
FNDA:1,_RNCNvNtNtCsl2LUZfJeq0O_4kaji5apply10test_utils17start_mock_server0B7_
FNDA:1,_RNvNtNtCsl2LUZfJeq0O_4kaji5apply10test_utils17start_mock_server
FNF:9
FNH:7
DA:11,1
DA:12,1
DA:13,1
DA:18,2
DA:19,2
DA:20,2
DA:21,2
DA:22,2
DA:23,0
DA:25,2
DA:26,2
DA:33,0
DA:34,0
DA:35,0
DA:36,0
DA:42,4
DA:46,1
DA:47,1
DA:48,1
DA:49,1
DA:58,1
DA:59,1
DA:60,1
DA:62,1
DA:63,1
DA:64,1
DA:66,1
DA:67,1
DA:68,1
DA:76,1
DA:77,1
DA:78,1
DA:80,1
DA:81,1
DA:82,1
DA:84,1
DA:85,1
DA:86,1
DA:96,1
DA:97,1
DA:98,1
DA:100,1
DA:101,1
DA:102,1
DA:104,1
DA:105,1
DA:106,1
DA:117,1
DA:118,1
DA:119,1
DA:121,1
DA:122,1
DA:123,1
DA:125,1
DA:126,1
DA:127,1
DA:129,1
DA:130,1
DA:131,1
DA:142,1
DA:143,1
DA:144,1
DA:146,1
DA:147,1
DA:148,1
DA:150,1
DA:151,1
DA:152,1
DA:164,1
DA:165,1
DA:166,1
DA:168,1
DA:169,1
DA:170,1
DA:172,1
DA:173,1
DA:174,1
DA:185,1
DA:186,1
DA:187,1
DA:189,1
DA:190,1
DA:191,1
DA:193,1
DA:194,1
DA:195,1
DA:209,1
DA:211,1
DA:212,1
DA:213,1
DA:216,1
DA:217,1
DA:218,1
DA:219,1
DA:220,0
DA:221,1
DA:222,1
BRF:0
BRH:0
LF:100
LH:94
end_of_record
SF:/app/src/args.rs
FN:51,_RNvXNtCsbJGTRmkKWod_4kaji4argsNtB2_3CliNtNtCs4kUJL3MZFFz_4core3fmt5Debug3fmt
FN:51,_RNvXNtCsl2LUZfJeq0O_4kaji4argsNtB2_3CliNtNtCs4kUJL3MZFFz_4core3fmt5Debug3fmt
FNDA:1,_RNvXNtCsbJGTRmkKWod_4kaji4argsNtB2_3CliNtNtCs4kUJL3MZFFz_4core3fmt5Debug3fmt
FNDA:0,_RNvXNtCsl2LUZfJeq0O_4kaji4argsNtB2_3CliNtNtCs4kUJL3MZFFz_4core3fmt5Debug3fmt
FNF:1
FNH:1
DA:51,1
DA:52,1
DA:53,1
DA:54,1
DA:55,1
DA:56,1
DA:57,1
DA:58,1
DA:59,1
DA:60,1
DA:61,1
DA:63,1
DA:64,1
DA:65,1
DA:66,1
DA:67,1
DA:69,1
DA:70,1
BRF:0
BRH:0
LF:18
LH:18
end_of_record
SF:/app/src/clean.rs
FN:84,_RNCNCNCNvNtCsbJGTRmkKWod_4kaji5clean3run0s0_00B9_
FN:88,_RNCNCNCNvNtCsbJGTRmkKWod_4kaji5clean3run0s0_0s_0B9_
FN:101,_RNCNCNCNvNtCsbJGTRmkKWod_4kaji5clean3run0s1_00B9_
FN:109,_RNCNCNCNvNtCsbJGTRmkKWod_4kaji5clean3run0s1_0s0_0B9_
FN:105,_RNCNCNCNvNtCsbJGTRmkKWod_4kaji5clean3run0s1_0s_0B9_
FN:33,_RNCNCNvNtCsbJGTRmkKWod_4kaji5clean3run00B7_
FN:80,_RNCNCNvNtCsbJGTRmkKWod_4kaji5clean3run0s0_0B7_
FN:98,_RNCNCNvNtCsbJGTRmkKWod_4kaji5clean3run0s1_0B7_
FN:34,_RNCNCNvNtCsbJGTRmkKWod_4kaji5clean3run0s_0B7_
FN:14,_RNCNvNtCsbJGTRmkKWod_4kaji5clean3run0B5_
FN:14,_RNvNtCsbJGTRmkKWod_4kaji5clean3run
FN:14,_RNvNtCsl2LUZfJeq0O_4kaji5clean3run
FN:131,_RNvNtNtCsl2LUZfJeq0O_4kaji5clean5testss_14test_clean_all
FN:151,_RNvNtNtCsl2LUZfJeq0O_4kaji5clean5testss_17test_clean_subset
FN:176,_RNvNtNtCsl2LUZfJeq0O_4kaji5clean5testss_24test_clean_empty_targets
FN:168,_RNvNtNtCsl2LUZfJeq0O_4kaji5clean5testss_33test_clean_non_existent_workspace
FN:131,_RNCNvNtNtCsl2LUZfJeq0O_4kaji5clean5testss_14test_clean_all0B7_
FN:151,_RNCNvNtNtCsl2LUZfJeq0O_4kaji5clean5testss_17test_clean_subset0B7_
FN:176,_RNCNvNtNtCsl2LUZfJeq0O_4kaji5clean5testss_24test_clean_empty_targets0B7_
FN:168,_RNCNvNtNtCsl2LUZfJeq0O_4kaji5clean5testss_33test_clean_non_existent_workspace0B7_
FN:84,_RNCNCNCNvNtCsl2LUZfJeq0O_4kaji5clean3run0s0_00B9_
FN:88,_RNCNCNCNvNtCsl2LUZfJeq0O_4kaji5clean3run0s0_0s_0B9_
FN:101,_RNCNCNCNvNtCsl2LUZfJeq0O_4kaji5clean3run0s1_00B9_
FN:109,_RNCNCNCNvNtCsl2LUZfJeq0O_4kaji5clean3run0s1_0s0_0B9_
FN:105,_RNCNCNCNvNtCsl2LUZfJeq0O_4kaji5clean3run0s1_0s_0B9_
FN:33,_RNCNCNvNtCsl2LUZfJeq0O_4kaji5clean3run00B7_
FN:80,_RNCNCNvNtCsl2LUZfJeq0O_4kaji5clean3run0s0_0B7_
FN:98,_RNCNCNvNtCsl2LUZfJeq0O_4kaji5clean3run0s1_0B7_
FN:34,_RNCNCNvNtCsl2LUZfJeq0O_4kaji5clean3run0s_0B7_
FN:14,_RNCNvNtCsl2LUZfJeq0O_4kaji5clean3run0B5_
FNDA:0,_RNCNCNCNvNtCsbJGTRmkKWod_4kaji5clean3run0s0_00B9_
FNDA:0,_RNCNCNCNvNtCsbJGTRmkKWod_4kaji5clean3run0s0_0s_0B9_
FNDA:0,_RNCNCNCNvNtCsbJGTRmkKWod_4kaji5clean3run0s1_00B9_
FNDA:0,_RNCNCNCNvNtCsbJGTRmkKWod_4kaji5clean3run0s1_0s0_0B9_
FNDA:0,_RNCNCNCNvNtCsbJGTRmkKWod_4kaji5clean3run0s1_0s_0B9_
FNDA:2,_RNCNCNvNtCsbJGTRmkKWod_4kaji5clean3run00B7_
FNDA:1,_RNCNCNvNtCsbJGTRmkKWod_4kaji5clean3run0s0_0B7_
FNDA:1,_RNCNCNvNtCsbJGTRmkKWod_4kaji5clean3run0s1_0B7_
FNDA:2,_RNCNCNvNtCsbJGTRmkKWod_4kaji5clean3run0s_0B7_
FNDA:5,_RNCNvNtCsbJGTRmkKWod_4kaji5clean3run0B5_
FNDA:5,_RNvNtCsbJGTRmkKWod_4kaji5clean3run
FNDA:4,_RNvNtCsl2LUZfJeq0O_4kaji5clean3run
FNDA:1,_RNvNtNtCsl2LUZfJeq0O_4kaji5clean5testss_14test_clean_all
FNDA:1,_RNvNtNtCsl2LUZfJeq0O_4kaji5clean5testss_17test_clean_subset
FNDA:1,_RNvNtNtCsl2LUZfJeq0O_4kaji5clean5testss_24test_clean_empty_targets
FNDA:1,_RNvNtNtCsl2LUZfJeq0O_4kaji5clean5testss_33test_clean_non_existent_workspace
FNDA:1,_RNCNvNtNtCsl2LUZfJeq0O_4kaji5clean5testss_14test_clean_all0B7_
FNDA:1,_RNCNvNtNtCsl2LUZfJeq0O_4kaji5clean5testss_17test_clean_subset0B7_
FNDA:1,_RNCNvNtNtCsl2LUZfJeq0O_4kaji5clean5testss_24test_clean_empty_targets0B7_
FNDA:1,_RNCNvNtNtCsl2LUZfJeq0O_4kaji5clean5testss_33test_clean_non_existent_workspace0B7_
FNDA:0,_RNCNCNCNvNtCsl2LUZfJeq0O_4kaji5clean3run0s0_00B9_
FNDA:0,_RNCNCNCNvNtCsl2LUZfJeq0O_4kaji5clean3run0s0_0s_0B9_
FNDA:0,_RNCNCNCNvNtCsl2LUZfJeq0O_4kaji5clean3run0s1_00B9_
FNDA:0,_RNCNCNCNvNtCsl2LUZfJeq0O_4kaji5clean3run0s1_0s0_0B9_
FNDA:0,_RNCNCNCNvNtCsl2LUZfJeq0O_4kaji5clean3run0s1_0s_0B9_
FNDA:2,_RNCNCNvNtCsl2LUZfJeq0O_4kaji5clean3run00B7_
FNDA:2,_RNCNCNvNtCsl2LUZfJeq0O_4kaji5clean3run0s0_0B7_
FNDA:1,_RNCNCNvNtCsl2LUZfJeq0O_4kaji5clean3run0s1_0B7_
FNDA:2,_RNCNCNvNtCsl2LUZfJeq0O_4kaji5clean3run0s_0B7_
FNDA:4,_RNCNvNtCsl2LUZfJeq0O_4kaji5clean3run0B5_
FNF:19
FNH:14
DA:14,9
DA:15,9
DA:16,2
DA:18,2
DA:19,2
DA:23,2
DA:25,2
DA:26,7
DA:28,7
DA:29,3
DA:31,4
DA:32,4
DA:33,4
DA:34,4
DA:35,4
DA:38,7
DA:39,2
DA:40,2
DA:41,5
DA:43,5
DA:44,0
DA:45,0
DA:50,0
DA:53,0
DA:57,0
DA:58,0
DA:59,0
DA:60,0
DA:62,0
DA:63,0
DA:64,0
DA:65,5
DA:67,5
DA:69,5
DA:70,5
DA:71,3
DA:73,3
DA:74,3
DA:76,3
DA:77,6
DA:78,3
DA:79,3
DA:80,3
DA:81,3
DA:82,2
DA:83,2
DA:84,2
DA:86,1
DA:87,1
DA:88,1
DA:90,3
DA:93,2
DA:95,2
DA:96,2
DA:98,2
DA:99,2
DA:100,2
DA:101,2
DA:102,2
DA:103,1
DA:104,1
DA:105,1
DA:107,1
DA:108,1
DA:109,1
DA:111,2
DA:115,5
DA:117,5
DA:119,5
DA:120,5
DA:122,5
DA:123,9
DA:131,1
DA:132,1
DA:133,1
DA:135,1
DA:136,1
DA:137,1
DA:138,1
DA:139,1
DA:140,1
DA:141,1
DA:143,1
DA:145,1
DA:146,1
DA:147,1
DA:148,1
DA:151,1
DA:152,1
DA:153,1
DA:155,1
DA:156,1
DA:158,1
DA:159,1
DA:160,1
DA:162,1
DA:163,1
DA:164,1
DA:165,1
DA:168,1
DA:169,1
DA:170,1
DA:172,1
DA:173,1
DA:176,1
DA:177,1
DA:178,1
DA:180,1
DA:181,1
DA:182,1
DA:183,1
BRF:0
BRH:0
LF:131
LH:112
end_of_record
SF:/app/src/cli/client.rs
FN:23,_RNvNtNtCsbJGTRmkKWod_4kaji3cli6client18create_client_yaml
FN:73,_RNvNtNtCsbJGTRmkKWod_4kaji3cli6client24create_client_scope_yaml
FN:9,_RNvNtNtCsbJGTRmkKWod_4kaji3cli6client25create_client_interactive
FN:59,_RNvNtNtCsbJGTRmkKWod_4kaji3cli6client31create_client_scope_interactive
FN:28,_RNCNvNtNtCsbJGTRmkKWod_4kaji3cli6client18create_client_yaml0B7_
FN:78,_RNCNvNtNtCsbJGTRmkKWod_4kaji3cli6client24create_client_scope_yaml0B7_
FN:9,_RNCNvNtNtCsbJGTRmkKWod_4kaji3cli6client25create_client_interactive0B7_
FN:59,_RNCNvNtNtCsbJGTRmkKWod_4kaji3cli6client31create_client_scope_interactive0B7_
FN:170,_RNvNtNtNtCsl2LUZfJeq0O_4kaji3cli6client5testss_23test_create_client_yaml
FN:206,_RNvNtNtNtCsl2LUZfJeq0O_4kaji3cli6client5testss_29test_create_client_scope_yaml
FN:110,_RNvNtNtNtCsl2LUZfJeq0O_4kaji3cli6client5testss_30test_create_client_interactive
FN:138,_RNvNtNtNtCsl2LUZfJeq0O_4kaji3cli6client5testss_36test_create_client_scope_interactive
FN:225,_RNvNtNtNtCsl2LUZfJeq0O_4kaji3cli6client5testss_42test_create_client_scope_yaml_sanitization
FN:170,_RNCNvNtNtNtCsl2LUZfJeq0O_4kaji3cli6client5testss_23test_create_client_yaml0B9_
FN:206,_RNCNvNtNtNtCsl2LUZfJeq0O_4kaji3cli6client5testss_29test_create_client_scope_yaml0B9_
FN:110,_RNCNvNtNtNtCsl2LUZfJeq0O_4kaji3cli6client5testss_30test_create_client_interactive0B9_
[...]
FN:33,_RNCNCNCINvNtCsl2LUZfJeq0O_4kaji8validate15read_yaml_filesNtNtBa_6models32AuthenticationFlowRepresentationE0s_00Ba_
FN:35,_RNCNCNCINvNtCsl2LUZfJeq0O_4kaji8validate15read_yaml_filesNtNtBa_6models32AuthenticationFlowRepresentationE0s_0s_0Ba_
FN:33,_RNCNCNCINvNtCsl2LUZfJeq0O_4kaji8validate15read_yaml_filesNtNtBa_6models33AuthenticatorConfigRepresentationE0s_00Ba_
FN:35,_RNCNCNCINvNtCsl2LUZfJeq0O_4kaji8validate15read_yaml_filesNtNtBa_6models33AuthenticatorConfigRepresentationE0s_0s_0Ba_
FN:33,_RNCNCNCINvNtCsl2LUZfJeq0O_4kaji8validate15read_yaml_filesNtNtBa_6models36RequiredActionProviderRepresentationE0s_00Ba_
FN:35,_RNCNCNCINvNtCsl2LUZfJeq0O_4kaji8validate15read_yaml_filesNtNtBa_6models36RequiredActionProviderRepresentationE0s_0s_0Ba_
FN:291,_RNCNvNtCsl2LUZfJeq0O_4kaji8validate14validate_realm0B5_
FN:104,_RNCNvNtCsl2LUZfJeq0O_4kaji8validate21validate_realm_config0B5_
FN:338,_RNCNvNtCsl2LUZfJeq0O_4kaji8validate26validate_components_in_dir0B5_
FN:52,_RNCNvNtCsl2LUZfJeq0O_4kaji8validate3run0B5_
FN:162,_RNvNtCsl2LUZfJeq0O_4kaji8validate13validate_idps
FN:291,_RNvNtCsl2LUZfJeq0O_4kaji8validate14validate_realm
FN:127,_RNvNtCsl2LUZfJeq0O_4kaji8validate14validate_roles
FN:213,_RNvNtCsl2LUZfJeq0O_4kaji8validate14validate_users
FN:198,_RNvNtCsl2LUZfJeq0O_4kaji8validate15validate_groups
FN:147,_RNvNtCsl2LUZfJeq0O_4kaji8validate16validate_clients
FN:104,_RNvNtCsl2LUZfJeq0O_4kaji8validate21validate_realm_config
FN:183,_RNvNtCsl2LUZfJeq0O_4kaji8validate22validate_client_scopes
FN:248,_RNvNtCsl2LUZfJeq0O_4kaji8validate25validate_required_actions
FN:338,_RNvNtCsl2LUZfJeq0O_4kaji8validate26validate_components_in_dir
FN:228,_RNvNtCsl2LUZfJeq0O_4kaji8validate29validate_authentication_flows
FN:271,_RNvNtCsl2LUZfJeq0O_4kaji8validate30validate_authenticator_configs
FN:52,_RNvNtCsl2LUZfJeq0O_4kaji8validate3run
FNDA:17,_RNvNtCsbJGTRmkKWod_4kaji8validate13validate_idps
FNDA:22,_RNvNtCsbJGTRmkKWod_4kaji8validate14validate_realm
FNDA:20,_RNvNtCsbJGTRmkKWod_4kaji8validate14validate_roles
FNDA:13,_RNvNtCsbJGTRmkKWod_4kaji8validate14validate_users
FNDA:14,_RNvNtCsbJGTRmkKWod_4kaji8validate15validate_groups
FNDA:18,_RNvNtCsbJGTRmkKWod_4kaji8validate16validate_clients
FNDA:22,_RNvNtCsbJGTRmkKWod_4kaji8validate21validate_realm_config
FNDA:15,_RNvNtCsbJGTRmkKWod_4kaji8validate22validate_client_scopes
FNDA:9,_RNvNtCsbJGTRmkKWod_4kaji8validate25validate_required_actions
FNDA:12,_RNvNtCsbJGTRmkKWod_4kaji8validate26validate_components_in_dir
FNDA:10,_RNvNtCsbJGTRmkKWod_4kaji8validate29validate_authentication_flows
FNDA:7,_RNvNtCsbJGTRmkKWod_4kaji8validate30validate_authenticator_configs
FNDA:27,_RNvNtCsbJGTRmkKWod_4kaji8validate3run
FNDA:20,_RINvNtCsbJGTRmkKWod_4kaji8validate15read_yaml_filesNtNtB4_6models18RoleRepresentationEB4_
FNDA:20,_RINvNtCsbJGTRmkKWod_4kaji8validate15read_yaml_filesNtNtB4_6models18UserRepresentationEB4_
FNDA:20,_RINvNtCsbJGTRmkKWod_4kaji8validate15read_yaml_filesNtNtB4_6models19GroupRepresentationEB4_
FNDA:20,_RINvNtCsbJGTRmkKWod_4kaji8validate15read_yaml_filesNtNtB4_6models20ClientRepresentationEB4_
FNDA:4,_RINvNtCsbJGTRmkKWod_4kaji8validate15read_yaml_filesNtNtB4_6models23ComponentRepresentationEB4_
FNDA:20,_RINvNtCsbJGTRmkKWod_4kaji8validate15read_yaml_filesNtNtB4_6models25ClientScopeRepresentationEB4_
FNDA:20,_RINvNtCsbJGTRmkKWod_4kaji8validate15read_yaml_filesNtNtB4_6models30IdentityProviderRepresentationEB4_
FNDA:20,_RINvNtCsbJGTRmkKWod_4kaji8validate15read_yaml_filesNtNtB4_6models32AuthenticationFlowRepresentationEB4_
FNDA:20,_RINvNtCsbJGTRmkKWod_4kaji8validate15read_yaml_filesNtNtB4_6models33AuthenticatorConfigRepresentationEB4_
FNDA:20,_RINvNtCsbJGTRmkKWod_4kaji8validate15read_yaml_filesNtNtB4_6models36RequiredActionProviderRepresentationEB4_
FNDA:20,_RNCINvNtCsbJGTRmkKWod_4kaji8validate15read_yaml_filesNtNtB6_6models18RoleRepresentationE0B6_
FNDA:20,_RNCINvNtCsbJGTRmkKWod_4kaji8validate15read_yaml_filesNtNtB6_6models18UserRepresentationE0B6_
FNDA:20,_RNCINvNtCsbJGTRmkKWod_4kaji8validate15read_yaml_filesNtNtB6_6models19GroupRepresentationE0B6_
FNDA:20,_RNCINvNtCsbJGTRmkKWod_4kaji8validate15read_yaml_filesNtNtB6_6models20ClientRepresentationE0B6_
FNDA:4,_RNCINvNtCsbJGTRmkKWod_4kaji8validate15read_yaml_filesNtNtB6_6models23ComponentRepresentationE0B6_
FNDA:20,_RNCINvNtCsbJGTRmkKWod_4kaji8validate15read_yaml_filesNtNtB6_6models25ClientScopeRepresentationE0B6_
FNDA:20,_RNCINvNtCsbJGTRmkKWod_4kaji8validate15read_yaml_filesNtNtB6_6models30IdentityProviderRepresentationE0B6_
FNDA:20,_RNCINvNtCsbJGTRmkKWod_4kaji8validate15read_yaml_filesNtNtB6_6models32AuthenticationFlowRepresentationE0B6_
FNDA:20,_RNCINvNtCsbJGTRmkKWod_4kaji8validate15read_yaml_filesNtNtB6_6models33AuthenticatorConfigRepresentationE0B6_
FNDA:20,_RNCINvNtCsbJGTRmkKWod_4kaji8validate15read_yaml_filesNtNtB6_6models36RequiredActionProviderRepresentationE0B6_
FNDA:5,_RNCNCINvNtCsbJGTRmkKWod_4kaji8validate15read_yaml_filesNtNtB8_6models18RoleRepresentationE00B8_
FNDA:5,_RNCNCINvNtCsbJGTRmkKWod_4kaji8validate15read_yaml_filesNtNtB8_6models18RoleRepresentationE0s_0B8_
FNDA:4,_RNCNCINvNtCsbJGTRmkKWod_4kaji8validate15read_yaml_filesNtNtB8_6models18UserRepresentationE00B8_
FNDA:4,_RNCNCINvNtCsbJGTRmkKWod_4kaji8validate15read_yaml_filesNtNtB8_6models18UserRepresentationE0s_0B8_
FNDA:2,_RNCNCINvNtCsbJGTRmkKWod_4kaji8validate15read_yaml_filesNtNtB8_6models19GroupRepresentationE00B8_
FNDA:2,_RNCNCINvNtCsbJGTRmkKWod_4kaji8validate15read_yaml_filesNtNtB8_6models19GroupRepresentationE0s_0B8_
FNDA:3,_RNCNCINvNtCsbJGTRmkKWod_4kaji8validate15read_yaml_filesNtNtB8_6models20ClientRepresentationE00B8_
FNDA:3,_RNCNCINvNtCsbJGTRmkKWod_4kaji8validate15read_yaml_filesNtNtB8_6models20ClientRepresentationE0s_0B8_
FNDA:4,_RNCNCINvNtCsbJGTRmkKWod_4kaji8validate15read_yaml_filesNtNtB8_6models23ComponentRepresentationE00B8_
FNDA:4,_RNCNCINvNtCsbJGTRmkKWod_4kaji8validate15read_yaml_filesNtNtB8_6models23ComponentRepresentationE0s_0B8_
FNDA:2,_RNCNCINvNtCsbJGTRmkKWod_4kaji8validate15read_yaml_filesNtNtB8_6models25ClientScopeRepresentationE00B8_
FNDA:2,_RNCNCINvNtCsbJGTRmkKWod_4kaji8validate15read_yaml_filesNtNtB8_6models25ClientScopeRepresentationE0s_0B8_
FNDA:3,_RNCNCINvNtCsbJGTRmkKWod_4kaji8validate15read_yaml_filesNtNtB8_6models30IdentityProviderRepresentationE00B8_
FNDA:3,_RNCNCINvNtCsbJGTRmkKWod_4kaji8validate15read_yaml_filesNtNtB8_6models30IdentityProviderRepresentationE0s_0B8_
FNDA:2,_RNCNCINvNtCsbJGTRmkKWod_4kaji8validate15read_yaml_filesNtNtB8_6models32AuthenticationFlowRepresentationE00B8_
FNDA:2,_RNCNCINvNtCsbJGTRmkKWod_4kaji8validate15read_yaml_filesNtNtB8_6models32AuthenticationFlowRepresentationE0s_0B8_
FNDA:3,_RNCNCINvNtCsbJGTRmkKWod_4kaji8validate15read_yaml_filesNtNtB8_6models33AuthenticatorConfigRepresentationE00B8_
FNDA:3,_RNCNCINvNtCsbJGTRmkKWod_4kaji8validate15read_yaml_filesNtNtB8_6models33AuthenticatorConfigRepresentationE0s_0B8_
FNDA:3,_RNCNCINvNtCsbJGTRmkKWod_4kaji8validate15read_yaml_filesNtNtB8_6models36RequiredActionProviderRepresentationE00B8_
FNDA:3,_RNCNCINvNtCsbJGTRmkKWod_4kaji8validate15read_yaml_filesNtNtB8_6models36RequiredActionProviderRepresentationE0s_0B8_
FNDA:0,_RNCNCNCINvNtCsbJGTRmkKWod_4kaji8validate15read_yaml_filesNtNtBa_6models18RoleRepresentationE0s_00Ba_
FNDA:0,_RNCNCNCINvNtCsbJGTRmkKWod_4kaji8validate15read_yaml_filesNtNtBa_6models18RoleRepresentationE0s_0s_0Ba_
FNDA:0,_RNCNCNCINvNtCsbJGTRmkKWod_4kaji8validate15read_yaml_filesNtNtBa_6models18UserRepresentationE0s_00Ba_
FNDA:0,_RNCNCNCINvNtCsbJGTRmkKWod_4kaji8validate15read_yaml_filesNtNtBa_6models18UserRepresentationE0s_0s_0Ba_
FNDA:0,_RNCNCNCINvNtCsbJGTRmkKWod_4kaji8validate15read_yaml_filesNtNtBa_6models19GroupRepresentationE0s_00Ba_
FNDA:0,_RNCNCNCINvNtCsbJGTRmkKWod_4kaji8validate15read_yaml_filesNtNtBa_6models19GroupRepresentationE0s_0s_0Ba_
FNDA:0,_RNCNCNCINvNtCsbJGTRmkKWod_4kaji8validate15read_yaml_filesNtNtBa_6models20ClientRepresentationE0s_00Ba_
FNDA:0,_RNCNCNCINvNtCsbJGTRmkKWod_4kaji8validate15read_yaml_filesNtNtBa_6models20ClientRepresentationE0s_0s_0Ba_
FNDA:0,_RNCNCNCINvNtCsbJGTRmkKWod_4kaji8validate15read_yaml_filesNtNtBa_6models23ComponentRepresentationE0s_00Ba_
FNDA:0,_RNCNCNCINvNtCsbJGTRmkKWod_4kaji8validate15read_yaml_filesNtNtBa_6models23ComponentRepresentationE0s_0s_0Ba_
FNDA:0,_RNCNCNCINvNtCsbJGTRmkKWod_4kaji8validate15read_yaml_filesNtNtBa_6models25ClientScopeRepresentationE0s_00Ba_
FNDA:0,_RNCNCNCINvNtCsbJGTRmkKWod_4kaji8validate15read_yaml_filesNtNtBa_6models25ClientScopeRepresentationE0s_0s_0Ba_
FNDA:0,_RNCNCNCINvNtCsbJGTRmkKWod_4kaji8validate15read_yaml_filesNtNtBa_6models30IdentityProviderRepresentationE0s_00Ba_
FNDA:0,_RNCNCNCINvNtCsbJGTRmkKWod_4kaji8validate15read_yaml_filesNtNtBa_6models30IdentityProviderRepresentationE0s_0s_0Ba_
FNDA:0,_RNCNCNCINvNtCsbJGTRmkKWod_4kaji8validate15read_yaml_filesNtNtBa_6models32AuthenticationFlowRepresentationE0s_00Ba_
FNDA:0,_RNCNCNCINvNtCsbJGTRmkKWod_4kaji8validate15read_yaml_filesNtNtBa_6models32AuthenticationFlowRepresentationE0s_0s_0Ba_
FNDA:0,_RNCNCNCINvNtCsbJGTRmkKWod_4kaji8validate15read_yaml_filesNtNtBa_6models33AuthenticatorConfigRepresentationE0s_00Ba_
FNDA:0,_RNCNCNCINvNtCsbJGTRmkKWod_4kaji8validate15read_yaml_filesNtNtBa_6models33AuthenticatorConfigRepresentationE0s_0s_0Ba_
FNDA:0,_RNCNCNCINvNtCsbJGTRmkKWod_4kaji8validate15read_yaml_filesNtNtBa_6models36RequiredActionProviderRepresentationE0s_00Ba_
FNDA:0,_RNCNCNCINvNtCsbJGTRmkKWod_4kaji8validate15read_yaml_filesNtNtBa_6models36RequiredActionProviderRepresentationE0s_0s_0Ba_
FNDA:22,_RNCNvNtCsbJGTRmkKWod_4kaji8validate14validate_realm0B5_
FNDA:22,_RNCNvNtCsbJGTRmkKWod_4kaji8validate21validate_realm_config0B5_
FNDA:12,_RNCNvNtCsbJGTRmkKWod_4kaji8validate26validate_components_in_dir0B5_
FNDA:27,_RNCNvNtCsbJGTRmkKWod_4kaji8validate3run0B5_
FNDA:0,_RINvNtCsl2LUZfJeq0O_4kaji8validate15read_yaml_filesNtNtB4_6models18RoleRepresentationEB4_
FNDA:0,_RINvNtCsl2LUZfJeq0O_4kaji8validate15read_yaml_filesNtNtB4_6models18UserRepresentationEB4_
FNDA:0,_RINvNtCsl2LUZfJeq0O_4kaji8validate15read_yaml_filesNtNtB4_6models19GroupRepresentationEB4_
FNDA:0,_RINvNtCsl2LUZfJeq0O_4kaji8validate15read_yaml_filesNtNtB4_6models20ClientRepresentationEB4_
FNDA:0,_RINvNtCsl2LUZfJeq0O_4kaji8validate15read_yaml_filesNtNtB4_6models23ComponentRepresentationEB4_
FNDA:0,_RINvNtCsl2LUZfJeq0O_4kaji8validate15read_yaml_filesNtNtB4_6models25ClientScopeRepresentationEB4_
FNDA:0,_RINvNtCsl2LUZfJeq0O_4kaji8validate15read_yaml_filesNtNtB4_6models30IdentityProviderRepresentationEB4_
FNDA:0,_RINvNtCsl2LUZfJeq0O_4kaji8validate15read_yaml_filesNtNtB4_6models32AuthenticationFlowRepresentationEB4_
FNDA:0,_RINvNtCsl2LUZfJeq0O_4kaji8validate15read_yaml_filesNtNtB4_6models33AuthenticatorConfigRepresentationEB4_
FNDA:0,_RINvNtCsl2LUZfJeq0O_4kaji8validate15read_yaml_filesNtNtB4_6models36RequiredActionProviderRepresentationEB4_
FNDA:0,_RNCINvNtCsl2LUZfJeq0O_4kaji8validate15read_yaml_filesNtNtB6_6models18RoleRepresentationE0B6_
FNDA:0,_RNCINvNtCsl2LUZfJeq0O_4kaji8validate15read_yaml_filesNtNtB6_6models18UserRepresentationE0B6_
FNDA:0,_RNCINvNtCsl2LUZfJeq0O_4kaji8validate15read_yaml_filesNtNtB6_6models19GroupRepresentationE0B6_
FNDA:0,_RNCINvNtCsl2LUZfJeq0O_4kaji8validate15read_yaml_filesNtNtB6_6models20ClientRepresentationE0B6_
FNDA:0,_RNCINvNtCsl2LUZfJeq0O_4kaji8validate15read_yaml_filesNtNtB6_6models23ComponentRepresentationE0B6_
FNDA:0,_RNCINvNtCsl2LUZfJeq0O_4kaji8validate15read_yaml_filesNtNtB6_6models25ClientScopeRepresentationE0B6_
FNDA:0,_RNCINvNtCsl2LUZfJeq0O_4kaji8validate15read_yaml_filesNtNtB6_6models30IdentityProviderRepresentationE0B6_
FNDA:0,_RNCINvNtCsl2LUZfJeq0O_4kaji8validate15read_yaml_filesNtNtB6_6models32AuthenticationFlowRepresentationE0B6_
FNDA:0,_RNCINvNtCsl2LUZfJeq0O_4kaji8validate15read_yaml_filesNtNtB6_6models33AuthenticatorConfigRepresentationE0B6_
FNDA:0,_RNCINvNtCsl2LUZfJeq0O_4kaji8validate15read_yaml_filesNtNtB6_6models36RequiredActionProviderRepresentationE0B6_
FNDA:0,_RNCNCINvNtCsl2LUZfJeq0O_4kaji8validate15read_yaml_filesNtNtB8_6models18RoleRepresentationE00B8_
FNDA:0,_RNCNCINvNtCsl2LUZfJeq0O_4kaji8validate15read_yaml_filesNtNtB8_6models18RoleRepresentationE0s_0B8_
FNDA:0,_RNCNCINvNtCsl2LUZfJeq0O_4kaji8validate15read_yaml_filesNtNtB8_6models18UserRepresentationE00B8_
FNDA:0,_RNCNCINvNtCsl2LUZfJeq0O_4kaji8validate15read_yaml_filesNtNtB8_6models18UserRepresentationE0s_0B8_
FNDA:0,_RNCNCINvNtCsl2LUZfJeq0O_4kaji8validate15read_yaml_filesNtNtB8_6models19GroupRepresentationE00B8_
FNDA:0,_RNCNCINvNtCsl2LUZfJeq0O_4kaji8validate15read_yaml_filesNtNtB8_6models19GroupRepresentationE0s_0B8_
FNDA:0,_RNCNCINvNtCsl2LUZfJeq0O_4kaji8validate15read_yaml_filesNtNtB8_6models20ClientRepresentationE00B8_
FNDA:0,_RNCNCINvNtCsl2LUZfJeq0O_4kaji8validate15read_yaml_filesNtNtB8_6models20ClientRepresentationE0s_0B8_
FNDA:0,_RNCNCINvNtCsl2LUZfJeq0O_4kaji8validate15read_yaml_filesNtNtB8_6models23ComponentRepresentationE00B8_
FNDA:0,_RNCNCINvNtCsl2LUZfJeq0O_4kaji8validate15read_yaml_filesNtNtB8_6models23ComponentRepresentationE0s_0B8_
FNDA:0,_RNCNCINvNtCsl2LUZfJeq0O_4kaji8validate15read_yaml_filesNtNtB8_6models25ClientScopeRepresentationE00B8_
FNDA:0,_RNCNCINvNtCsl2LUZfJeq0O_4kaji8validate15read_yaml_filesNtNtB8_6models25ClientScopeRepresentationE0s_0B8_
FNDA:0,_RNCNCINvNtCsl2LUZfJeq0O_4kaji8validate15read_yaml_filesNtNtB8_6models30IdentityProviderRepresentationE00B8_
FNDA:0,_RNCNCINvNtCsl2LUZfJeq0O_4kaji8validate15read_yaml_filesNtNtB8_6models30IdentityProviderRepresentationE0s_0B8_
FNDA:0,_RNCNCINvNtCsl2LUZfJeq0O_4kaji8validate15read_yaml_filesNtNtB8_6models32AuthenticationFlowRepresentationE00B8_
FNDA:0,_RNCNCINvNtCsl2LUZfJeq0O_4kaji8validate15read_yaml_filesNtNtB8_6models32AuthenticationFlowRepresentationE0s_0B8_
FNDA:0,_RNCNCINvNtCsl2LUZfJeq0O_4kaji8validate15read_yaml_filesNtNtB8_6models33AuthenticatorConfigRepresentationE00B8_
FNDA:0,_RNCNCINvNtCsl2LUZfJeq0O_4kaji8validate15read_yaml_filesNtNtB8_6models33AuthenticatorConfigRepresentationE0s_0B8_
FNDA:0,_RNCNCINvNtCsl2LUZfJeq0O_4kaji8validate15read_yaml_filesNtNtB8_6models36RequiredActionProviderRepresentationE00B8_
FNDA:0,_RNCNCINvNtCsl2LUZfJeq0O_4kaji8validate15read_yaml_filesNtNtB8_6models36RequiredActionProviderRepresentationE0s_0B8_
FNDA:0,_RNCNCNCINvNtCsl2LUZfJeq0O_4kaji8validate15read_yaml_filesNtNtBa_6models18RoleRepresentationE0s_00Ba_
FNDA:0,_RNCNCNCINvNtCsl2LUZfJeq0O_4kaji8validate15read_yaml_filesNtNtBa_6models18RoleRepresentationE0s_0s_0Ba_
FNDA:0,_RNCNCNCINvNtCsl2LUZfJeq0O_4kaji8validate15read_yaml_filesNtNtBa_6models18UserRepresentationE0s_00Ba_
FNDA:0,_RNCNCNCINvNtCsl2LUZfJeq0O_4kaji8validate15read_yaml_filesNtNtBa_6models18UserRepresentationE0s_0s_0Ba_
FNDA:0,_RNCNCNCINvNtCsl2LUZfJeq0O_4kaji8validate15read_yaml_filesNtNtBa_6models19GroupRepresentationE0s_00Ba_
FNDA:0,_RNCNCNCINvNtCsl2LUZfJeq0O_4kaji8validate15read_yaml_filesNtNtBa_6models19GroupRepresentationE0s_0s_0Ba_
FNDA:0,_RNCNCNCINvNtCsl2LUZfJeq0O_4kaji8validate15read_yaml_filesNtNtBa_6models20ClientRepresentationE0s_00Ba_
FNDA:0,_RNCNCNCINvNtCsl2LUZfJeq0O_4kaji8validate15read_yaml_filesNtNtBa_6models20ClientRepresentationE0s_0s_0Ba_
FNDA:0,_RNCNCNCINvNtCsl2LUZfJeq0O_4kaji8validate15read_yaml_filesNtNtBa_6models23ComponentRepresentationE0s_00Ba_
FNDA:0,_RNCNCNCINvNtCsl2LUZfJeq0O_4kaji8validate15read_yaml_filesNtNtBa_6models23ComponentRepresentationE0s_0s_0Ba_
FNDA:0,_RNCNCNCINvNtCsl2LUZfJeq0O_4kaji8validate15read_yaml_filesNtNtBa_6models25ClientScopeRepresentationE0s_00Ba_
FNDA:0,_RNCNCNCINvNtCsl2LUZfJeq0O_4kaji8validate15read_yaml_filesNtNtBa_6models25ClientScopeRepresentationE0s_0s_0Ba_
FNDA:0,_RNCNCNCINvNtCsl2LUZfJeq0O_4kaji8validate15read_yaml_filesNtNtBa_6models30IdentityProviderRepresentationE0s_00Ba_
FNDA:0,_RNCNCNCINvNtCsl2LUZfJeq0O_4kaji8validate15read_yaml_filesNtNtBa_6models30IdentityProviderRepresentationE0s_0s_0Ba_
FNDA:0,_RNCNCNCINvNtCsl2LUZfJeq0O_4kaji8validate15read_yaml_filesNtNtBa_6models32AuthenticationFlowRepresentationE0s_00Ba_
FNDA:0,_RNCNCNCINvNtCsl2LUZfJeq0O_4kaji8validate15read_yaml_filesNtNtBa_6models32AuthenticationFlowRepresentationE0s_0s_0Ba_
FNDA:0,_RNCNCNCINvNtCsl2LUZfJeq0O_4kaji8validate15read_yaml_filesNtNtBa_6models33AuthenticatorConfigRepresentationE0s_00Ba_
FNDA:0,_RNCNCNCINvNtCsl2LUZfJeq0O_4kaji8validate15read_yaml_filesNtNtBa_6models33AuthenticatorConfigRepresentationE0s_0s_0Ba_
FNDA:0,_RNCNCNCINvNtCsl2LUZfJeq0O_4kaji8validate15read_yaml_filesNtNtBa_6models36RequiredActionProviderRepresentationE0s_00Ba_
FNDA:0,_RNCNCNCINvNtCsl2LUZfJeq0O_4kaji8validate15read_yaml_filesNtNtBa_6models36RequiredActionProviderRepresentationE0s_0s_0Ba_
FNDA:0,_RNCNvNtCsl2LUZfJeq0O_4kaji8validate14validate_realm0B5_
FNDA:0,_RNCNvNtCsl2LUZfJeq0O_4kaji8validate21validate_realm_config0B5_
FNDA:0,_RNCNvNtCsl2LUZfJeq0O_4kaji8validate26validate_components_in_dir0B5_
FNDA:0,_RNCNvNtCsl2LUZfJeq0O_4kaji8validate3run0B5_
FNDA:0,_RNvNtCsl2LUZfJeq0O_4kaji8validate13validate_idps
FNDA:0,_RNvNtCsl2LUZfJeq0O_4kaji8validate14validate_realm
FNDA:0,_RNvNtCsl2LUZfJeq0O_4kaji8validate14validate_roles
FNDA:0,_RNvNtCsl2LUZfJeq0O_4kaji8validate14validate_users
FNDA:0,_RNvNtCsl2LUZfJeq0O_4kaji8validate15validate_groups
FNDA:0,_RNvNtCsl2LUZfJeq0O_4kaji8validate16validate_clients
FNDA:0,_RNvNtCsl2LUZfJeq0O_4kaji8validate21validate_realm_config
FNDA:0,_RNvNtCsl2LUZfJeq0O_4kaji8validate22validate_client_scopes
FNDA:0,_RNvNtCsl2LUZfJeq0O_4kaji8validate25validate_required_actions
FNDA:0,_RNvNtCsl2LUZfJeq0O_4kaji8validate26validate_components_in_dir
FNDA:0,_RNvNtCsl2LUZfJeq0O_4kaji8validate29validate_authentication_flows
FNDA:0,_RNvNtCsl2LUZfJeq0O_4kaji8validate30validate_authenticator_configs
FNDA:0,_RNvNtCsl2LUZfJeq0O_4kaji8validate3run
FNF:23
FNH:21
DA:16,184
DA:17,184
DA:18,184
DA:19,184
DA:20,184
DA:21,184
DA:22,27
DA:23,27
DA:24,27
DA:26,58
DA:27,31
DA:28,31
DA:29,31
DA:30,31
DA:31,31
DA:32,31
DA:33,31
DA:34,31
DA:35,31
DA:36,31
DA:37,31
DA:38,0
DA:41,58
DA:42,31
DA:44,157
DA:45,184
DA:46,184
DA:52,27
DA:53,27
DA:54,2
DA:55,25
DA:57,25
DA:58,4
DA:59,4
DA:60,5
DA:61,1
DA:62,1
DA:63,1
DA:65,4
DA:67,21
DA:70,25
DA:71,3
DA:73,3
DA:74,3
DA:78,3
DA:80,3
DA:81,22
DA:83,22
DA:84,22
DA:86,22
DA:87,22
DA:88,22
DA:89,22
DA:91,22
DA:92,22
DA:93,4
DA:95,4
DA:96,4
DA:97,4
DA:98,4
DA:101,4
DA:102,27
DA:104,22
DA:105,22
DA:106,22
DA:107,1
DA:108,21
DA:109,21
DA:110,21
DA:111,21
DA:112,21
DA:113,21
DA:115,21
DA:116,1
DA:117,20
DA:118,20
DA:120,20
DA:121,20
DA:122,20
DA:124,20
DA:125,22
DA:127,20
DA:128,20
DA:129,20
DA:130,5
DA:131,1
DA:132,4
DA:133,4
DA:134,1
DA:135,3
DA:136,3
DA:138,18
DA:140,18
DA:141,18
DA:142,18
DA:144,18
DA:145,20
DA:147,18
DA:148,18
DA:149,3
DA:150,1
DA:151,2
DA:153,17
DA:155,17
DA:156,17
DA:157,17
DA:159,17
DA:160,18
DA:162,17
DA:163,17
DA:164,3
DA:165,1
DA:166,2
DA:167,2
DA:168,1
DA:172,1
DA:174,15
DA:176,15
DA:177,15
DA:178,15
DA:180,15
DA:181,17
DA:183,15
DA:184,15
DA:185,2
DA:186,1
DA:187,1
DA:189,14
DA:191,14
DA:192,14
DA:193,14
DA:195,14
DA:196,15
DA:198,14
DA:199,14
DA:200,2
DA:201,1
DA:202,1
DA:204,13
DA:206,13
DA:207,13
DA:208,13
DA:210,13
DA:211,14
DA:213,13
DA:214,13
DA:215,4
DA:216,3
DA:217,1
DA:219,10
DA:221,10
DA:222,10
DA:223,10
DA:225,10
DA:226,13
DA:228,10
DA:229,10
DA:230,10
DA:231,10
DA:232,2
DA:233,1
DA:237,1
DA:239,9
DA:241,9
DA:242,9
DA:243,9
DA:245,9
DA:246,10
DA:248,9
DA:249,9
DA:250,9
DA:251,9
DA:252,3
DA:253,1
DA:254,2
DA:255,2
DA:256,1
DA:260,1
DA:262,7
DA:264,7
DA:265,7
DA:266,7
DA:268,7
DA:269,9
DA:271,7
DA:272,7
DA:273,7
DA:274,7
DA:275,3
DA:276,1
DA:280,2
DA:282,6
DA:284,6
DA:285,6
DA:286,6
DA:288,6
DA:289,7
DA:291,22
DA:293,22
DA:296,20
DA:297,20
DA:298,20
DA:299,20
DA:300,20
DA:301,20
DA:302,20
DA:303,20
DA:304,20
DA:306,20
DA:307,20
DA:308,20
DA:309,20
DA:310,20
DA:311,20
DA:312,20
DA:313,20
DA:314,20
DA:315,20
DA:316,0
DA:319,20
DA:320,18
DA:321,17
DA:322,15
DA:323,14
DA:324,13
DA:325,10
DA:326,9
DA:327,7
DA:330,6
DA:331,6
DA:332,6
DA:333,2
DA:335,4
DA:336,22
DA:338,12
DA:339,12
DA:340,12
DA:341,4
DA:342,4
DA:343,4
DA:344,4
DA:345,3
DA:347,1
DA:348,3
DA:349,3
DA:350,3
DA:351,3
DA:352,3
DA:353,3
DA:355,1
DA:356,2
DA:358,2
DA:360,2
DA:361,2
DA:362,2
DA:364,8
DA:365,10
DA:366,12
BRF:0
BRH:0
LF:267
LH:263
end_of_record